运行消息:[2016-04-13 20:49:27:808] CameraTime:[2016-04-13 20:49:06 484] nLightID=0, th = 145, MaxTh = 173, +0method1 = 0_
运行消息:[2016-04-13 20:50:08:902] CameraTime:[2016-04-13 20:49:47 522] nLightID=0, th = 70, MaxTh = 98, +0method1 = 0_
运行消息:[2016-04-13 20:50:08:902] CameraTime:[2016-04-13 20:49:47 564] nLightID=0, s = 0.000000 NR=0 STRENGTHEN_NO_HALO_
运行消息:[2016-04-13 20:50:54:992] CameraTime:[2016-04-13 20:50:33 625] nLightID=0, s = 0.000000 NR=0 STRENGTHEN_NO_HALO_
运行消息:[2016-04-13 20:50:54:994] CameraTime:[2016-04-13 20:50:33 655] nLightID=0, s = 0.000000 NR=0 STRENGTHEN_NO_HALO_
运行消息:[2016-04-13 20:51:34:071] CameraTime:[2016-04-13 20:51:12 722] nLightID=0, th = 144, MaxTh = 172, +0+2+4+6+8+10+12+17+25method1 = 0_
运行消息:[2016-04-13 20:51:36:076] CameraTime:[2016-04-13 20:51:14 691] nLightID=0, th = 149, MaxTh = 177, +0method1 = 0_
运行消息:[2016-04-13 20:52:22:027] CameraTime:[2016-04-13 20:52:00 748] nLightID=0, th = 144, MaxTh = 172, +0method1 = 0_
运行消息:[2016-04-13 20:52:22:028] CameraTime:[2016-04-13 20:52:00 775] nLightID=0, s = 0.000000 NR=0 STRENGTHEN_NO_HALO_
运行消息:[2016-04-13 20:53:03:116] CameraTime:[2016-04-13 20:52:41 865] nLightID=0, th = 159, MaxTh = 187, +0method1 = 0_
运行消息:[2016-04-13 20:53:49:196] CameraTime:[2016-04-13 20:53:27 935] nLightID=0, th = 141, MaxTh = 169, +0method1 = 0_
运行消息:[2016-04-13 20:54:30:429] CameraTime:[2016-04-13 20:54:08 987] nLightID=0, th = 162, MaxTh = 190, +0method1 = 0_STRENGTHEN_FAILED 162_
运行消息:[2016-04-13 20:55:57:433] CameraTime:[2016-04-13 20:55:36 108] nLightID=0, th = 136, MaxTh = 164, +0method1 = 0_
运行消息:[2016-04-13 20:56:43:606] CameraTime:[2016-04-13 20:56:22 194] nLightID=0, th = 144, MaxTh = 172, +0method1 = 0_
运行消息:[2016-04-13 20:57:22:565] CameraTime:[2016-04-13 20:57:01 282] nLightID=0, new th = 157, MaxTh = 185, +0+2+4+6+8+10+12+17+25method1 = 0_
运行消息:[2016-04-13 20:57:24:581] CameraTime:[2016-04-13 20:57:03 293] nLightID=0, th = 152, MaxTh = 180, +0method1 = 0_
运行消息:[2016-04-13 20:58:51:765] CameraTime:[2016-04-13 20:58:30 416] nLightID=0, th = 73, MaxTh = 91, +0method1 = 0_
运行消息:[2016-04-13 20:59:37:773] CameraTime:[2016-04-13 20:59:16 499] nLightID=0, th = 146, MaxTh = 174, +0method1 = 0_
运行消息:[2016-04-13 21:00:18:926] CameraTime:[2016-04-13 20:59:57 542] nLightID=0, th = 154, MaxTh = 182, +0method1 = 0_
运行消息:[2016-04-13 21:00:18:927] CameraTime:[2016-04-13 20:59:57 583] nLightID=0, s = 0.000000 NR=0 STRENGTHEN_NO_HALO_
运行消息:[2016-04-13 21:01:44:016] CameraTime:[2016-04-13 21:01:22 691] nLightID=0, s = 0.000000 NR=0 STRENGTHEN_NO_HALO_
运行消息:[2016-04-13 21:02:32:231] CameraTime:[2016-04-13 21:02:10 762] nLightID=0, th = 143, MaxTh = 171, +0method1 = 0_
运行消息:[2016-04-13 21:04:40:446] CameraTime:[2016-04-13 21:04:18 980] nLightID=0, th = 145, MaxTh = 173, +0method1 = 0_
运行消息:[2016-04-13 21:05:26:375] CameraTime:[2016-04-13 21:05:05 035] nLightID=0, s = 0.000000 NR=0 STRENGTHEN_NO_HALO_
运行消息:[2016-04-13 21:05:26:376] CameraTime:[2016-04-13 21:05:05 077] nLightID=0, s = 0.000000 NR=0 STRENGTHEN_NO_HALO_
运行消息:[2016-04-13 21:06:07:625] CameraTime:[2016-04-13 21:05:46 119] nLightID=0, th = 142, MaxTh = 170, +0method1 = 0_
运行消息:[2016-04-13 21:06:53:665] CameraTime:[2016-04-13 21:06:32 198] nLightID=0, th = 144, MaxTh = 172, +0method1 = 0_
运行消息:[2016-04-13 21:07:34:665] CameraTime:[2016-04-13 21:07:13 308] nLightID=0, th = 163, MaxTh = 191, +0method1 = 0_STRENGTHEN_FAILED 163_
运行消息:[2016-04-13 21:08:20:634] CameraTime:[2016-04-13 21:07:59 325] nLightID=0, th = 152, MaxTh = 180, +0method1 = 0_
运行消息:[2016-04-13 21:11:15:028] CameraTime:[2016-04-13 21:10:53 622] nLightID=0, th = 142, MaxTh = 170, +0method1 = 0_
运行消息:[2016-04-13 21:11:56:032] CameraTime:[2016-04-13 21:11:34 706] nLightID=0, th = 148, MaxTh = 176, +0method1 = 0_
运行消息:[2016-04-13 21:13:23:288] CameraTime:[2016-04-13 21:13:01 851] nLightID=0, new th = 53, MaxTh = 81, +0+2+4+6+8+10+12method1 = 0_
运行消息:[2016-04-13 21:13:23:289] CameraTime:[2016-04-13 21:13:01 864] nLightID=0, 1threshould = -1 nWhiteCount=0 STRENGTHEN_NO_CENTER_
运行消息:[2016-04-13 21:14:09:245] CameraTime:[2016-04-13 21:13:47 922] nLightID=0, th = 140, MaxTh = 168, +0method1 = 0_STRENGTHEN_FAILED 140_
运行消息:[2016-04-13 21:14:09:366] CameraTime:[2016-04-13 21:13:47 953] nLightID=0, 1threshould = -1 nWhiteCount=0 STRENGTHEN_NO_CENTER_
运行消息:[2016-04-13 21:14:50:470] CameraTime:[2016-04-13 21:14:28 994] nLightID=0, th = 158, MaxTh = 186, +0method1 = 0_
运行消息:[2016-04-13 21:15:36:389] CameraTime:[2016-04-13 21:15:15 053] nLightID=0, s = 0.000000 NR=0 STRENGTHEN_NO_HALO_
运行消息:[2016-04-13 21:15:36:529] CameraTime:[2016-04-13 21:15:15 085] nLightID=0, s = 0.000000 NR=0 STRENGTHEN_NO_HALO_
运行消息:[2016-04-13 21:16:17:652] CameraTime:[2016-04-13 21:15:56 143] nLightID=0, th = 145, MaxTh = 173, +0method1 = 0_
运行消息:[2016-04-13 21:17:03:706] CameraTime:[2016-04-13 21:16:42 174] nLightID=0, th = 133, MaxTh = 161, +0method1 = 0_
运行消息:[2016-04-13 21:18:30:728] CameraTime:[2016-04-13 21:18:09 325] nLightID=0, th = 143, MaxTh = 171, +0method1 = 0_
运行消息:[2016-04-13 21:19:57:928] CameraTime:[2016-04-13 21:19:36 481] nLightID=0, th = 146, MaxTh = 174, +0method1 = 0_
运行消息:[2016-04-13 21:20:38:983] CameraTime:[2016-04-13 21:20:17 549] nLightID=0, th = 164, MaxTh = 192, +0method1 = 0_STRENGTHEN_FAILED 164_
运行消息:[2016-04-13 21:21:24:977] CameraTime:[2016-04-13 21:21:03 606] nLightID=0, th = 150, MaxTh = 178, +0method1 = 0_
运行消息:[2016-04-13 21:25:00:407] CameraTime:[2016-04-13 21:24:39 023] nLightID=0, s = 0.000000 NR=0 STRENGTHEN_NO_HALO_
运行消息:[2016-04-13 21:25:46:505] CameraTime:[2016-04-13 21:25:25 097] nLightID=0, th = 144, MaxTh = 172, +0method1 = 0_STRENGTHEN_FAILED 144_
运行消息:[2016-04-13 21:26:27:530] CameraTime:[2016-04-13 21:26:06 139] nLightID=0, th = 165, MaxTh = 193, +0method1 = 0_STRENGTHEN_FAILED 165_
运行消息:[2016-04-13 21:27:13:558] CameraTime:[2016-04-13 21:26:52 192] nLightID=0, th = 142, MaxTh = 170, +0method1 = 0_
运行消息:[2016-04-13 21:27:54:704] CameraTime:[2016-04-13 21:27:33 278] nLightID=0, th = 156, MaxTh = 184, +0method1 = 0_STRENGTHEN_FAILED 156_
运行消息:[2016-04-13 21:28:40:812] CameraTime:[2016-04-13 21:28:19 329] nLightID=0, s = 0.000000 NR=0 STRENGTHEN_NO_HALO_
运行消息:[2016-04-13 21:29:21:909] CameraTime:[2016-04-13 21:29:00 443] nLightID=0, th = 139, MaxTh = 167, +0method1 = 0_
运行消息:[2016-04-13 21:30:07:914] CameraTime:[2016-04-13 21:29:46 520] nLightID=0, th = 141, MaxTh = 169, +0method1 = 0_
运行消息:[2016-04-13 21:30:07:915] CameraTime:[2016-04-13 21:29:46 532] nLightID=0, s = 0.000000 NR=0 STRENGTHEN_NO_HALO_
运行消息:[2016-04-13 21:30:49:158] CameraTime:[2016-04-13 21:30:27 577] nLightID=0, s = 0.000000 NR=0 STRENGTHEN_NO_HALO_
运行消息:[2016-04-13 21:31:35:147] CameraTime:[2016-04-13 21:31:13 632] nLightID=0, s = 0.000000 NR=0 STRENGTHEN_NO_HALO_
运行消息:[2016-04-13 21:31:35:148] CameraTime:[2016-04-13 21:31:13 646] nLightID=0, s = 0.000000 NR=0 STRENGTHEN_NO_HALO_
运行消息:[2016-04-13 21:32:16:282] CameraTime:[2016-04-13 21:31:54 727] nLightID=0, s = 0.000000 NR=0 STRENGTHEN_NO_HALO_
运行消息:[2016-04-13 21:33:02:228] CameraTime:[2016-04-13 21:32:40 774] nLightID=0, s = 0.000000 NR=0 STRENGTHEN_NO_HALO_
运行消息:[2016-04-13 21:33:02:230] CameraTime:[2016-04-13 21:32:40 842] nLightID=0, s = 0.000000 NR=0 STRENGTHEN_NO_HALO_
运行消息:[2016-04-13 21:33:43:446] CameraTime:[2016-04-13 21:33:21 876] nLightID=0, +2s = 0.000000 NR=0 STRENGTHEN_NO_HALO_
运行消息:[2016-04-13 21:34:29:422] CameraTime:[2016-04-13 21:34:07 920] nLightID=0, s = 0.000000 NR=0 STRENGTHEN_NO_HALO_
运行消息:[2016-04-13 21:34:29:424] CameraTime:[2016-04-13 21:34:07 937] nLightID=0, s = 0.000000 NR=0 STRENGTHEN_NO_HALO_
运行消息:[2016-04-13 21:35:08:454] CameraTime:[2016-04-13 21:34:47 028] nLightID=0, s = 1.837662 NR=2 STRENGTHEN_NO_HALO_
运行消息:[2016-04-13 21:35:10:413] CameraTime:[2016-04-13 21:34:48 999] nLightID=0, s = 0.000000 NR=0 STRENGTHEN_NO_HALO_
运行消息:[2016-04-13 21:35:10:615] CameraTime:[2016-04-13 21:34:49 068] nLightID=0, s = 0.000000 NR=0 STRENGTHEN_NO_HALO_
运行消息:[2016-04-13 21:35:56:508] CameraTime:[2016-04-13 21:35:35 055] nLightID=0, s = 0.000000 NR=0 STRENGTHEN_NO_HALO_
运行消息:[2016-04-13 21:36:37:552] CameraTime:[2016-04-13 21:36:16 149] nLightID=0, s = 0.000000 NR=0 STRENGTHEN_NO_HALO_
运行消息:[2016-04-13 21:36:37:582] CameraTime:[2016-04-13 21:36:16 166] nLightID=0, s = 0.000000 NR=0 STRENGTHEN_NO_HALO_
