运行消息:[2016-04-13 20:48:54:333] CameraTime:[2016-04-13 20:48:33 568] 响应校时命令
运行消息:[2016-04-13 20:48:54:334] CameraTime:[2016-04-13 20:48:33 568] 内部状态清空
运行消息:[2016-04-13 20:49:03:453] CameraTime:[2016-04-13 20:48:42 712] 使用夜间车尾模型
运行消息:[2016-04-13 20:49:03:454] CameraTime:[2016-04-13 20:48:42 715] 使用手动参数设置车牌宽度范围 100~150
运行消息:[2016-04-13 20:49:03:455] CameraTime:[2016-04-13 20:48:42 715] 车检scale=1.415317
运行消息:[2016-04-13 20:49:03:456] CameraTime:[2016-04-13 20:48:42 715] 大车车检scale=1.635028
运行消息:[2016-04-13 20:49:03:456] CameraTime:[2016-04-13 20:48:42 715] 行人scale=0.352548
运行消息:[2016-04-13 20:49:23:614] CameraTime:[2016-04-13 20:49:02 714] 单帧耗时过长334：（23+0+298+0=321），其中LPR：0+0+0+0=0
运行消息:[2016-04-13 20:49:52:391] CameraTime:[2016-04-13 20:49:31 653] 单帧耗时过长274：（37+2+230+3=272），其中LPR：0+0+0+0=0
运行消息:[2016-04-13 20:56:35:355] CameraTime:[2016-04-13 20:56:14 598] 单帧耗时过长266：（29+9+216+7=261），其中LPR：0+0+0+0=0
运行消息:[2016-04-13 20:57:50:904] CameraTime:[2016-04-13 20:57:30 138] 单帧耗时过长223：（30+1+113+77=221），其中LPR：0+0+0+0=0
运行消息:[2016-04-13 20:59:29:158] CameraTime:[2016-04-13 20:59:08 267] 单帧耗时过长320：（30+14+203+71=318），其中LPR：0+0+0+0=0
运行消息:[2016-04-13 21:04:58:660] CameraTime:[2016-04-13 21:04:37 876] 使用白天车尾模型
运行消息:[2016-04-13 21:04:58:661] CameraTime:[2016-04-13 21:04:37 877] 使用手动参数设置车牌宽度范围 100~150
运行消息:[2016-04-13 21:04:58:662] CameraTime:[2016-04-13 21:04:37 877] 车检scale=1.415317
运行消息:[2016-04-13 21:04:58:663] CameraTime:[2016-04-13 21:04:37 877] 大车车检scale=1.635028
运行消息:[2016-04-13 21:04:58:664] CameraTime:[2016-04-13 21:04:37 877] 行人scale=0.352548
运行消息:[2016-04-13 21:05:22:551] CameraTime:[2016-04-13 21:05:01 762] 使用夜间车尾模型
运行消息:[2016-04-13 21:05:22:552] CameraTime:[2016-04-13 21:05:01 763] 使用手动参数设置车牌宽度范围 100~150
运行消息:[2016-04-13 21:05:22:553] CameraTime:[2016-04-13 21:05:01 764] 行人scale=0.352548
运行消息:[2016-04-13 21:05:22:554] CameraTime:[2016-04-13 21:05:01 764] 大车车检scale=1.635028
运行消息:[2016-04-13 21:05:22:555] CameraTime:[2016-04-13 21:05:01 764] 车检scale=1.415317
运行消息:[2016-04-13 21:14:41:320] CameraTime:[2016-04-13 21:14:20 504] 单帧耗时过长208：（22+2+111+72=207），其中LPR：0+0+0+0=0
