运行消息:[2016-04-13 20:48:51:211] CameraTime:[2016-04-13 20:48:29 529] 左转灯变为  红灯					绿灯时长：4秒
运行消息:[2016-04-13 20:48:51:212] CameraTime:[2016-04-13 20:48:29 530] 右转灯变为  红灯					绿灯时长：4秒
运行消息:[2016-04-13 20:48:53:703] CameraTime:[2016-04-13 20:48:32 875] 直行灯变为  红灯					绿灯时长：7秒
运行消息:[2016-04-13 20:48:53:705] CameraTime:[2016-04-13 20:48:32 969] 左转灯变为绿灯		红灯时长：3秒
运行消息:[2016-04-13 20:49:23:617] CameraTime:[2016-04-13 20:49:02 768] 右转灯有效红灯周期（20:48:29 991 - 20:49:02 696）
运行消息:[2016-04-13 20:49:24:394] CameraTime:[2016-04-13 20:49:03 450] 右转灯变为绿灯		红灯时长：33秒
运行消息:[2016-04-13 20:49:25:236] CameraTime:[2016-04-13 20:49:04 460] 左转灯变为  红灯					绿灯时长：30秒
运行消息:[2016-04-13 20:49:47:572] CameraTime:[2016-04-13 20:49:26 752] 直行灯有效红灯周期（20:48:32 840 - 20:49:26 686）
运行消息:[2016-04-13 20:49:48:029] CameraTime:[2016-04-13 20:49:27 142] 直行灯变为绿灯		红灯时长：54秒
运行消息:[2016-04-13 20:49:48:677] CameraTime:[2016-04-13 20:49:27 914] 右转灯变为  红灯					绿灯时长：24秒
运行消息:[2016-04-13 20:50:47:589] CameraTime:[2016-04-13 20:50:26 749] 左转灯有效红灯周期（20:49:03 716 - 20:50:26 687）
运行消息:[2016-04-13 20:50:48:173] CameraTime:[2016-04-13 20:50:27 329] 左转灯变为绿灯		红灯时长：83秒
运行消息:[2016-04-13 20:50:48:595] CameraTime:[2016-04-13 20:50:27 810] 直行灯变为  红灯					绿灯时长：60秒
运行消息:[2016-04-13 20:51:17:644] CameraTime:[2016-04-13 20:50:56 762] 右转灯有效红灯周期（20:49:27 708 - 20:50:56 689）
运行消息:[2016-04-13 20:51:17:845] CameraTime:[2016-04-13 20:50:56 985] 右转灯变为绿灯		红灯时长：89秒
运行消息:[2016-04-13 20:51:18:648] CameraTime:[2016-04-13 20:50:57 819] 左转灯变为  红灯					绿灯时长：30秒
运行消息:[2016-04-13 20:51:41:491] CameraTime:[2016-04-13 20:51:20 714] 直行灯有效红灯周期（20:50:27 709 - 20:51:20 620）
运行消息:[2016-04-13 20:51:41:913] CameraTime:[2016-04-13 20:51:20 980] 直行灯变为绿灯		红灯时长：53秒
运行消息:[2016-04-13 20:51:42:717] CameraTime:[2016-04-13 20:51:21 817] 右转灯变为  红灯					绿灯时长：24秒
运行消息:[2016-04-13 20:52:41:642] CameraTime:[2016-04-13 20:52:20 708] 左转灯有效红灯周期（20:50:57 711 - 20:52:20 619）
运行消息:[2016-04-13 20:52:41:842] CameraTime:[2016-04-13 20:52:20 968] 左转灯变为绿灯		红灯时长：83秒
运行消息:[2016-04-13 20:52:42:574] CameraTime:[2016-04-13 20:52:21 800] 直行灯变为  红灯					绿灯时长：60秒
运行消息:[2016-04-13 20:53:11:513] CameraTime:[2016-04-13 20:52:50 750] 右转灯有效红灯周期（20:51:21 709 - 20:52:50 673）
运行消息:[2016-04-13 20:53:11:855] CameraTime:[2016-04-13 20:52:50 963] 右转灯变为绿灯		红灯时长：89秒
运行消息:[2016-04-13 20:53:12:766] CameraTime:[2016-04-13 20:52:51 919] 左转灯变为  红灯					绿灯时长：30秒
运行消息:[2016-04-13 20:53:35:541] CameraTime:[2016-04-13 20:53:14 737] 直行灯有效红灯周期（20:52:21 708 - 20:53:14 666）
运行消息:[2016-04-13 20:53:36:155] CameraTime:[2016-04-13 20:53:14 951] 直行灯变为绿灯		红灯时长：53秒
运行消息:[2016-04-13 20:53:36:773] CameraTime:[2016-04-13 20:53:15 892] 右转灯变为  红灯					绿灯时长：24秒
运行消息:[2016-04-13 20:54:35:549] CameraTime:[2016-04-13 20:54:14 728] 左转灯有效红灯周期（20:52:51 763 - 20:54:14 665）
运行消息:[2016-04-13 20:54:35:908] CameraTime:[2016-04-13 20:54:14 951] 左转灯变为绿灯		红灯时长：83秒
运行消息:[2016-04-13 20:54:36:721] CameraTime:[2016-04-13 20:54:15 885] 直行灯变为  红灯					绿灯时长：60秒
运行消息:[2016-04-13 20:55:05:518] CameraTime:[2016-04-13 20:54:44 757] 右转灯有效红灯周期（20:53:15 758 - 20:54:44 679）
运行消息:[2016-04-13 20:55:05:918] CameraTime:[2016-04-13 20:54:44 967] 右转灯变为绿灯		红灯时长：89秒
运行消息:[2016-04-13 20:55:06:768] CameraTime:[2016-04-13 20:54:45 810] 左转灯变为  红灯					绿灯时长：30秒
运行消息:[2016-04-13 20:55:29:482] CameraTime:[2016-04-13 20:55:08 713] 直行灯有效红灯周期（20:54:15 756 - 20:55:08 613）
运行消息:[2016-04-13 20:55:29:883] CameraTime:[2016-04-13 20:55:08 946] 直行灯变为绿灯		红灯时长：53秒
运行消息:[2016-04-13 20:55:30:556] CameraTime:[2016-04-13 20:55:09 799] 右转灯变为  红灯					绿灯时长：24秒
运行消息:[2016-04-13 20:56:29:522] CameraTime:[2016-04-13 20:56:08 705] 左转灯有效红灯周期（20:54:45 702 - 20:56:08 641）
运行消息:[2016-04-13 20:56:30:175] CameraTime:[2016-04-13 20:56:08 903] 左转灯变为绿灯		红灯时长：83秒
运行消息:[2016-04-13 20:56:30:696] CameraTime:[2016-04-13 20:56:09 880] 直行灯变为  红灯					绿灯时长：60秒
运行消息:[2016-04-13 20:56:59:523] CameraTime:[2016-04-13 20:56:38 764] 右转灯有效红灯周期（20:55:09 703 - 20:56:38 642）
运行消息:[2016-04-13 20:57:00:005] CameraTime:[2016-04-13 20:56:39 036] 右转灯变为绿灯		红灯时长：89秒
运行消息:[2016-04-13 20:57:00:647] CameraTime:[2016-04-13 20:56:39 877] 左转灯变为  红灯					绿灯时长：30秒
运行消息:[2016-04-13 20:57:23:521] CameraTime:[2016-04-13 20:57:02 757] 直行灯有效红灯周期（20:56:09 731 - 20:57:02 638）
运行消息:[2016-04-13 20:57:23:793] CameraTime:[2016-04-13 20:57:03 033] 直行灯变为绿灯		红灯时长：53秒
运行消息:[2016-04-13 20:57:24:726] CameraTime:[2016-04-13 20:57:03 877] 右转灯变为  红灯					绿灯时长：24秒
运行消息:[2016-04-13 20:58:23:503] CameraTime:[2016-04-13 20:58:02 731] 左转灯有效红灯周期（20:56:39 718 - 20:58:02 614）
运行消息:[2016-04-13 20:58:23:975] CameraTime:[2016-04-13 20:58:03 012] 左转灯变为绿灯		红灯时长：83秒
运行消息:[2016-04-13 20:58:24:696] CameraTime:[2016-04-13 20:58:03 828] 直行灯变为  红灯					绿灯时长：60秒
运行消息:[2016-04-13 20:58:53:518] CameraTime:[2016-04-13 20:58:32 750] 右转灯有效红灯周期（20:57:03 715 - 20:58:32 628）
运行消息:[2016-04-13 20:58:53:920] CameraTime:[2016-04-13 20:58:33 024] 右转灯变为绿灯		红灯时长：89秒
运行消息:[2016-04-13 20:58:54:717] CameraTime:[2016-04-13 20:58:33 864] 左转灯变为  红灯					绿灯时长：30秒
运行消息:[2016-04-13 20:59:17:527] CameraTime:[2016-04-13 20:58:56 759] 直行灯有效红灯周期（20:58:03 691 - 20:58:56 638）
运行消息:[2016-04-13 20:59:17:729] CameraTime:[2016-04-13 20:58:56 916] 直行灯变为绿灯		红灯时长：53秒
运行消息:[2016-04-13 20:59:18:760] CameraTime:[2016-04-13 20:58:57 874] 右转灯变为  红灯					绿灯时长：24秒
运行消息:[2016-04-13 21:00:17:532] CameraTime:[2016-04-13 20:59:56 684] 左转灯有效红灯周期（20:58:33 706 - 20:59:56 623）
运行消息:[2016-04-13 21:00:17:933] CameraTime:[2016-04-13 20:59:57 001] 左转灯变为绿灯		红灯时长：83秒
运行消息:[2016-04-13 21:00:18:756] CameraTime:[2016-04-13 20:59:57 841] 直行灯变为  红灯					绿灯时长：60秒
运行消息:[2016-04-13 21:00:47:610] CameraTime:[2016-04-13 21:00:26 762] 右转灯有效红灯周期（20:58:57 649 - 21:00:26 638）
运行消息:[2016-04-13 21:00:47:852] CameraTime:[2016-04-13 21:00:27 035] 右转灯变为绿灯		红灯时长：89秒
运行消息:[2016-04-13 21:00:48:788] CameraTime:[2016-04-13 21:00:27 854] 左转灯变为  红灯					绿灯时长：30秒
运行消息:[2016-04-13 21:01:12:703] CameraTime:[2016-04-13 21:00:50 713] 直行灯有效红灯周期（20:59:57 645 - 21:00:50 641）
运行消息:[2016-04-13 21:01:12:708] CameraTime:[2016-04-13 21:00:50 929] 直行灯变为绿灯		红灯时长：53秒
运行消息:[2016-04-13 21:01:12:841] CameraTime:[2016-04-13 21:00:51 890] 右转灯变为  红灯					绿灯时长：24秒
运行消息:[2016-04-13 21:02:11:565] CameraTime:[2016-04-13 21:01:50 712] 左转灯有效红灯周期（21:00:27 649 - 21:01:50 650）
运行消息:[2016-04-13 21:02:11:766] CameraTime:[2016-04-13 21:01:50 909] 左转灯变为绿灯		红灯时长：83秒
运行消息:[2016-04-13 21:02:12:579] CameraTime:[2016-04-13 21:01:51 755] 直行灯变为  红灯					绿灯时长：60秒
运行消息:[2016-04-13 21:02:41:517] CameraTime:[2016-04-13 21:02:20 738] 右转灯有效红灯周期（21:00:51 664 - 21:02:20 659）
运行消息:[2016-04-13 21:02:41:918] CameraTime:[2016-04-13 21:02:20 950] 右转灯变为绿灯		红灯时长：89秒
运行消息:[2016-04-13 21:02:42:765] CameraTime:[2016-04-13 21:02:21 788] 左转灯变为  红灯					绿灯时长：30秒
运行消息:[2016-04-13 21:03:05:623] CameraTime:[2016-04-13 21:02:44 699] 直行灯有效红灯周期（21:01:51 673 - 21:02:44 602）
运行消息:[2016-04-13 21:03:05:823] CameraTime:[2016-04-13 21:02:44 947] 直行灯变为绿灯		红灯时长：53秒
运行消息:[2016-04-13 21:03:06:587] CameraTime:[2016-04-13 21:02:45 776] 右转灯变为  红灯					绿灯时长：24秒
运行消息:[2016-04-13 21:04:05:465] CameraTime:[2016-04-13 21:03:44 681] 左转灯有效红灯周期（21:02:21 682 - 21:03:44 590）
运行消息:[2016-04-13 21:04:05:867] CameraTime:[2016-04-13 21:03:44 921] 左转灯变为绿灯		红灯时长：83秒
运行消息:[2016-04-13 21:04:06:771] CameraTime:[2016-04-13 21:03:45 781] 直行灯变为  红灯					绿灯时长：60秒
运行消息:[2016-04-13 21:04:35:640] CameraTime:[2016-04-13 21:04:14 724] 右转灯有效红灯周期（21:02:45 692 - 21:04:14 653）
运行消息:[2016-04-13 21:04:35:830] CameraTime:[2016-04-13 21:04:14 939] 右转灯变为绿灯		红灯时长：89秒
运行消息:[2016-04-13 21:04:36:547] CameraTime:[2016-04-13 21:04:15 759] 左转灯变为  红灯					绿灯时长：30秒
运行消息:[2016-04-13 21:04:59:558] CameraTime:[2016-04-13 21:04:38 689] 直行灯有效红灯周期（21:03:45 679 - 21:04:38 595）
运行消息:[2016-04-13 21:04:59:749] CameraTime:[2016-04-13 21:04:38 946] 直行灯变为绿灯		红灯时长：53秒
运行消息:[2016-04-13 21:05:00:642] CameraTime:[2016-04-13 21:04:39 793] 右转灯变为  红灯					绿灯时长：24秒
运行消息:[2016-04-13 21:06:00:027] CameraTime:[2016-04-13 21:05:38 694] 左转灯有效红灯周期（21:04:15 676 - 21:05:38 574）
运行消息:[2016-04-13 21:06:00:029] CameraTime:[2016-04-13 21:05:38 956] 左转灯变为绿灯		红灯时长：83秒
运行消息:[2016-04-13 21:06:00:759] CameraTime:[2016-04-13 21:05:39 786] 直行灯变为  红灯					绿灯时长：60秒
运行消息:[2016-04-13 21:06:29:507] CameraTime:[2016-04-13 21:06:08 716] 右转灯有效红灯周期（21:04:39 686 - 21:06:08 602）
运行消息:[2016-04-13 21:06:29:902] CameraTime:[2016-04-13 21:06:08 964] 右转灯变为绿灯		红灯时长：89秒
运行消息:[2016-04-13 21:06:30:586] CameraTime:[2016-04-13 21:06:09 798] 左转灯变为  红灯					绿灯时长：30秒
运行消息:[2016-04-13 21:06:53:661] CameraTime:[2016-04-13 21:06:32 699] 直行灯有效红灯周期（21:05:39 652 - 21:06:32 605）
运行消息:[2016-04-13 21:06:53:862] CameraTime:[2016-04-13 21:06:32 962] 直行灯变为绿灯		红灯时长：53秒
运行消息:[2016-04-13 21:06:54:795] CameraTime:[2016-04-13 21:06:33 801] 右转灯变为  红灯					绿灯时长：24秒
运行消息:[2016-04-13 21:07:53:655] CameraTime:[2016-04-13 21:07:32 696] 左转灯有效红灯周期（21:06:09 692 - 21:07:32 578）
运行消息:[2016-04-13 21:07:53:858] CameraTime:[2016-04-13 21:07:32 969] 左转灯变为绿灯		红灯时长：83秒
运行消息:[2016-04-13 21:07:54:611] CameraTime:[2016-04-13 21:07:33 809] 直行灯变为  红灯					绿灯时长：60秒
运行消息:[2016-04-13 21:08:23:670] CameraTime:[2016-04-13 21:08:02 704] 右转灯有效红灯周期（21:06:33 696 - 21:08:02 577）
运行消息:[2016-04-13 21:08:23:863] CameraTime:[2016-04-13 21:08:02 974] 右转灯变为绿灯		红灯时长：89秒
运行消息:[2016-04-13 21:08:24:820] CameraTime:[2016-04-13 21:08:03 814] 左转灯变为  红灯					绿灯时长：30秒
运行消息:[2016-04-13 21:08:47:592] CameraTime:[2016-04-13 21:08:26 683] 直行灯有效红灯周期（21:07:33 658 - 21:08:26 564）
运行消息:[2016-04-13 21:08:47:792] CameraTime:[2016-04-13 21:08:26 956] 直行灯变为绿灯		红灯时长：53秒
运行消息:[2016-04-13 21:08:48:688] CameraTime:[2016-04-13 21:08:27 800] 右转灯变为  红灯					绿灯时长：24秒
运行消息:[2016-04-13 21:09:47:474] CameraTime:[2016-04-13 21:09:26 671] 左转灯有效红灯周期（21:08:03 655 - 21:09:26 582）
运行消息:[2016-04-13 21:09:47:925] CameraTime:[2016-04-13 21:09:26 930] 左转灯变为绿灯		红灯时长：83秒
运行消息:[2016-04-13 21:09:48:678] CameraTime:[2016-04-13 21:09:27 768] 直行灯变为  红灯					绿灯时长：60秒
运行消息:[2016-04-13 21:10:17:513] CameraTime:[2016-04-13 21:09:56 700] 右转灯有效红灯周期（21:08:27 641 - 21:09:56 630）
运行消息:[2016-04-13 21:10:17:913] CameraTime:[2016-04-13 21:09:56 924] 右转灯变为绿灯		红灯时长：89秒
运行消息:[2016-04-13 21:10:18:695] CameraTime:[2016-04-13 21:09:57 758] 左转灯变为  红灯					绿灯时长：30秒
运行消息:[2016-04-13 21:10:41:556] CameraTime:[2016-04-13 21:10:20 657] 直行灯有效红灯周期（21:09:27 671 - 21:10:20 564）
运行消息:[2016-04-13 21:10:41:754] CameraTime:[2016-04-13 21:10:20 922] 直行灯变为绿灯		红灯时长：53秒
运行消息:[2016-04-13 21:10:42:571] CameraTime:[2016-04-13 21:10:21 759] 右转灯变为  红灯					绿灯时长：24秒
运行消息:[2016-04-13 21:11:41:483] CameraTime:[2016-04-13 21:11:20 671] 左转灯有效红灯周期（21:09:57 653 - 21:11:20 607）
运行消息:[2016-04-13 21:11:41:882] CameraTime:[2016-04-13 21:11:20 880] 左转灯变为绿灯		红灯时长：83秒
运行消息:[2016-04-13 21:11:42:727] CameraTime:[2016-04-13 21:11:21 832] 直行灯变为  红灯					绿灯时长：60秒
运行消息:[2016-04-13 21:12:11:494] CameraTime:[2016-04-13 21:11:50 685] 右转灯有效红灯周期（21:10:21 654 - 21:11:50 605）
运行消息:[2016-04-13 21:12:11:900] CameraTime:[2016-04-13 21:11:50 896] 右转灯变为绿灯		红灯时长：89秒
运行消息:[2016-04-13 21:12:12:785] CameraTime:[2016-04-13 21:11:51 855] 左转灯变为  红灯					绿灯时长：30秒
运行消息:[2016-04-13 21:12:35:644] CameraTime:[2016-04-13 21:12:14 674] 直行灯有效红灯周期（21:11:21 696 - 21:12:14 608）
运行消息:[2016-04-13 21:12:35:844] CameraTime:[2016-04-13 21:12:14 882] 直行灯变为绿灯		红灯时长：53秒
运行消息:[2016-04-13 21:12:36:810] CameraTime:[2016-04-13 21:12:15 861] 右转灯变为  红灯					绿灯时长：24秒
运行消息:[2016-04-13 21:13:35:555] CameraTime:[2016-04-13 21:13:14 651] 左转灯有效红灯周期（21:11:51 628 - 21:13:14 560）
运行消息:[2016-04-13 21:13:36:194] CameraTime:[2016-04-13 21:13:14 914] 左转灯变为绿灯		红灯时长：83秒
运行消息:[2016-04-13 21:13:36:758] CameraTime:[2016-04-13 21:13:15 754] 直行灯变为  红灯					绿灯时长：60秒
运行消息:[2016-04-13 21:14:05:517] CameraTime:[2016-04-13 21:13:44 690] 右转灯有效红灯周期（21:12:15 632 - 21:13:44 622）
运行消息:[2016-04-13 21:14:05:906] CameraTime:[2016-04-13 21:13:44 911] 右转灯变为绿灯		红灯时长：89秒
运行消息:[2016-04-13 21:14:06:596] CameraTime:[2016-04-13 21:13:45 748] 左转灯变为  红灯					绿灯时长：30秒
运行消息:[2016-04-13 21:14:29:646] CameraTime:[2016-04-13 21:14:08 639] 直行灯有效红灯周期（21:13:15 652 - 21:14:08 549）
运行消息:[2016-04-13 21:14:29:848] CameraTime:[2016-04-13 21:14:08 907] 直行灯变为绿灯		红灯时长：53秒
运行消息:[2016-04-13 21:14:30:541] CameraTime:[2016-04-13 21:14:09 723] 右转灯变为  红灯					绿灯时长：24秒
运行消息:[2016-04-13 21:15:29:624] CameraTime:[2016-04-13 21:15:08 632] 左转灯有效红灯周期（21:13:45 642 - 21:15:08 542）
运行消息:[2016-04-13 21:15:29:824] CameraTime:[2016-04-13 21:15:08 895] 左转灯变为绿灯		红灯时长：83秒
运行消息:[2016-04-13 21:15:31:066] CameraTime:[2016-04-13 21:15:09 834] 直行灯变为  红灯					绿灯时长：60秒
运行消息:[2016-04-13 21:15:59:691] CameraTime:[2016-04-13 21:15:38 696] 右转灯有效红灯周期（21:14:09 639 - 21:15:38 617）
运行消息:[2016-04-13 21:15:59:892] CameraTime:[2016-04-13 21:15:38 895] 右转灯变为绿灯		红灯时长：89秒
运行消息:[2016-04-13 21:16:00:778] CameraTime:[2016-04-13 21:15:39 741] 左转灯变为  红灯					绿灯时长：30秒
运行消息:[2016-04-13 21:16:23:528] CameraTime:[2016-04-13 21:16:02 649] 直行灯有效红灯周期（21:15:09 631 - 21:16:02 558）
运行消息:[2016-04-13 21:16:23:930] CameraTime:[2016-04-13 21:16:02 914] 直行灯变为绿灯		红灯时长：53秒
运行消息:[2016-04-13 21:16:24:760] CameraTime:[2016-04-13 21:16:03 739] 右转灯变为  红灯					绿灯时长：24秒
运行消息:[2016-04-13 21:17:23:551] CameraTime:[2016-04-13 21:17:02 634] 左转灯有效红灯周期（21:15:39 640 - 21:17:02 543）
运行消息:[2016-04-13 21:17:23:881] CameraTime:[2016-04-13 21:17:02 903] 左转灯变为绿灯		红灯时长：83秒
运行消息:[2016-04-13 21:17:24:684] CameraTime:[2016-04-13 21:17:03 735] 直行灯变为  红灯					绿灯时长：60秒
运行消息:[2016-04-13 21:17:53:516] CameraTime:[2016-04-13 21:17:32 685] 右转灯有效红灯周期（21:16:03 648 - 21:17:32 609）
运行消息:[2016-04-13 21:17:53:747] CameraTime:[2016-04-13 21:17:32 893] 右转灯变为绿灯		红灯时长：89秒
运行消息:[2016-04-13 21:17:54:749] CameraTime:[2016-04-13 21:17:33 723] 左转灯变为  红灯					绿灯时长：30秒
运行消息:[2016-04-13 21:18:17:467] CameraTime:[2016-04-13 21:17:56 637] 直行灯有效红灯周期（21:17:03 632 - 21:17:56 543）
运行消息:[2016-04-13 21:18:17:859] CameraTime:[2016-04-13 21:17:56 876] 直行灯变为绿灯		红灯时长：53秒
运行消息:[2016-04-13 21:18:18:555] CameraTime:[2016-04-13 21:17:57 716] 右转灯变为  红灯					绿灯时长：24秒
运行消息:[2016-04-13 21:19:17:544] CameraTime:[2016-04-13 21:18:56 648] 左转灯有效红灯周期（21:17:33 630 - 21:18:56 585）
运行消息:[2016-04-13 21:19:17:745] CameraTime:[2016-04-13 21:18:56 864] 左转灯变为绿灯		红灯时长：83秒
运行消息:[2016-04-13 21:19:18:846] CameraTime:[2016-04-13 21:18:57 811] 直行灯变为  红灯					绿灯时长：60秒
运行消息:[2016-04-13 21:19:47:529] CameraTime:[2016-04-13 21:19:26 644] 右转灯有效红灯周期（21:17:57 632 - 21:19:26 566）
运行消息:[2016-04-13 21:19:47:730] CameraTime:[2016-04-13 21:19:26 853] 右转灯变为绿灯		红灯时长：89秒
运行消息:[2016-04-13 21:19:48:848] CameraTime:[2016-04-13 21:19:27 815] 左转灯变为  红灯					绿灯时长：30秒
运行消息:[2016-04-13 21:20:11:510] CameraTime:[2016-04-13 21:19:50 623] 直行灯有效红灯周期（21:18:57 674 - 21:19:50 559）
运行消息:[2016-04-13 21:20:11:710] CameraTime:[2016-04-13 21:19:50 848] 直行灯变为绿灯		红灯时长：53秒
运行消息:[2016-04-13 21:20:12:833] CameraTime:[2016-04-13 21:19:51 802] 右转灯变为  红灯					绿灯时长：24秒
运行消息:[2016-04-13 21:21:11:501] CameraTime:[2016-04-13 21:20:50 665] 左转灯有效红灯周期（21:19:27 655 - 21:20:50 548）
运行消息:[2016-04-13 21:21:11:978] CameraTime:[2016-04-13 21:20:50 940] 左转灯变为绿灯		红灯时长：83秒
运行消息:[2016-04-13 21:21:12:783] CameraTime:[2016-04-13 21:20:51 753] 直行灯变为  红灯					绿灯时长：60秒
运行消息:[2016-04-13 21:21:41:677] CameraTime:[2016-04-13 21:21:20 663] 右转灯有效红灯周期（21:19:51 581 - 21:21:20 540）
运行消息:[2016-04-13 21:21:41:869] CameraTime:[2016-04-13 21:21:20 936] 右转灯变为绿灯		红灯时长：89秒
运行消息:[2016-04-13 21:21:43:136] CameraTime:[2016-04-13 21:21:21 777] 左转灯变为  红灯					绿灯时长：30秒
运行消息:[2016-04-13 21:22:05:512] CameraTime:[2016-04-13 21:21:44 660] 直行灯有效红灯周期（21:20:51 624 - 21:21:44 539）
运行消息:[2016-04-13 21:22:05:928] CameraTime:[2016-04-13 21:21:44 935] 直行灯变为绿灯		红灯时长：53秒
运行消息:[2016-04-13 21:22:06:703] CameraTime:[2016-04-13 21:21:45 778] 右转灯变为  红灯					绿灯时长：24秒
运行消息:[2016-04-13 21:23:05:495] CameraTime:[2016-04-13 21:22:44 650] 左转灯有效红灯周期（21:21:21 617 - 21:22:44 532）
运行消息:[2016-04-13 21:23:05:924] CameraTime:[2016-04-13 21:22:44 924] 左转灯变为绿灯		红灯时长：83秒
运行消息:[2016-04-13 21:23:06:719] CameraTime:[2016-04-13 21:22:45 748] 直行灯变为  红灯					绿灯时长：60秒
运行消息:[2016-04-13 21:23:35:514] CameraTime:[2016-04-13 21:23:14 666] 右转灯有效红灯周期（21:21:45 617 - 21:23:14 547）
运行消息:[2016-04-13 21:23:35:987] CameraTime:[2016-04-13 21:23:14 941] 右转灯变为绿灯		红灯时长：89秒
运行消息:[2016-04-13 21:23:36:625] CameraTime:[2016-04-13 21:23:15 778] 左转灯变为  红灯					绿灯时长：30秒
运行消息:[2016-04-13 21:23:59:503] CameraTime:[2016-04-13 21:23:38 657] 直行灯有效红灯周期（21:22:45 610 - 21:23:38 536）
运行消息:[2016-04-13 21:23:59:924] CameraTime:[2016-04-13 21:23:38 934] 直行灯变为绿灯		红灯时长：53秒
运行消息:[2016-04-13 21:24:00:646] CameraTime:[2016-04-13 21:23:39 772] 右转灯变为  红灯					绿灯时长：24秒
运行消息:[2016-04-13 21:24:59:589] CameraTime:[2016-04-13 21:24:38 630] 左转灯有效红灯周期（21:23:15 623 - 21:24:38 538）
运行消息:[2016-04-13 21:24:59:783] CameraTime:[2016-04-13 21:24:38 890] 左转灯变为绿灯		红灯时长：83秒
运行消息:[2016-04-13 21:25:00:594] CameraTime:[2016-04-13 21:24:39 730] 直行灯变为  红灯					绿灯时长：60秒
运行消息:[2016-04-13 21:25:29:495] CameraTime:[2016-04-13 21:25:08 633] 右转灯有效红灯周期（21:23:39 613 - 21:25:08 529）
运行消息:[2016-04-13 21:25:29:897] CameraTime:[2016-04-13 21:25:08 882] 右转灯变为绿灯		红灯时长：89秒
运行消息:[2016-04-13 21:25:30:670] CameraTime:[2016-04-13 21:25:09 702] 左转灯变为  红灯					绿灯时长：30秒
运行消息:[2016-04-13 21:25:53:618] CameraTime:[2016-04-13 21:25:32 621] 直行灯有效红灯周期（21:24:39 628 - 21:25:32 530）
运行消息:[2016-04-13 21:25:53:819] CameraTime:[2016-04-13 21:25:32 888] 直行灯变为绿灯		红灯时长：53秒
运行消息:[2016-04-13 21:25:54:731] CameraTime:[2016-04-13 21:25:33 722] 右转灯变为  红灯					绿灯时长：24秒
运行消息:[2016-04-13 21:26:53:473] CameraTime:[2016-04-13 21:26:32 621] 左转灯有效红灯周期（21:25:09 619 - 21:26:32 559）
运行消息:[2016-04-13 21:26:53:902] CameraTime:[2016-04-13 21:26:32 841] 左转灯变为绿灯		红灯时长：83秒
运行消息:[2016-04-13 21:26:54:845] CameraTime:[2016-04-13 21:26:33 786] 直行灯变为  红灯					绿灯时长：60秒
运行消息:[2016-04-13 21:27:23:545] CameraTime:[2016-04-13 21:27:02 634] 右转灯有效红灯周期（21:25:33 620 - 21:27:02 558）
运行消息:[2016-04-13 21:27:23:898] CameraTime:[2016-04-13 21:27:02 847] 右转灯变为绿灯		红灯时长：89秒
运行消息:[2016-04-13 21:27:24:854] CameraTime:[2016-04-13 21:27:03 807] 左转灯变为  红灯					绿灯时长：30秒
运行消息:[2016-04-13 21:27:47:493] CameraTime:[2016-04-13 21:27:26 631] 直行灯有效红灯周期（21:26:33 649 - 21:27:26 559）
运行消息:[2016-04-13 21:27:47:883] CameraTime:[2016-04-13 21:27:26 849] 直行灯变为绿灯		红灯时长：53秒
运行消息:[2016-04-13 21:27:48:859] CameraTime:[2016-04-13 21:27:27 809] 右转灯变为  红灯					绿灯时长：24秒
运行消息:[2016-04-13 21:28:47:640] CameraTime:[2016-04-13 21:28:26 589] 左转灯有效红灯周期（21:27:03 580 - 21:28:26 499）
运行消息:[2016-04-13 21:28:47:843] CameraTime:[2016-04-13 21:28:26 848] 左转灯变为绿灯		红灯时长：83秒
运行消息:[2016-04-13 21:28:48:646] CameraTime:[2016-04-13 21:28:27 688] 直行灯变为  红灯					绿灯时长：60秒
运行消息:[2016-04-13 21:29:17:494] CameraTime:[2016-04-13 21:28:56 626] 右转灯有效红灯周期（21:27:27 583 - 21:28:56 547）
运行消息:[2016-04-13 21:29:17:903] CameraTime:[2016-04-13 21:28:56 835] 右转灯变为绿灯		红灯时长：89秒
运行消息:[2016-04-13 21:29:18:816] CameraTime:[2016-04-13 21:28:57 792] 左转灯变为  红灯					绿灯时长：30秒
运行消息:[2016-04-13 21:29:41:471] CameraTime:[2016-04-13 21:29:20 606] 直行灯有效红灯周期（21:28:27 588 - 21:29:20 539）
运行消息:[2016-04-13 21:29:42:231] CameraTime:[2016-04-13 21:29:20 812] 直行灯变为绿灯		红灯时长：53秒
运行消息:[2016-04-13 21:29:42:843] CameraTime:[2016-04-13 21:29:21 781] 右转灯变为  红灯					绿灯时长：24秒
运行消息:[2016-04-13 21:30:41:623] CameraTime:[2016-04-13 21:30:20 610] 左转灯有效红灯周期（21:28:57 638 - 21:30:20 548）
运行消息:[2016-04-13 21:30:41:830] CameraTime:[2016-04-13 21:30:20 830] 左转灯变为绿灯		红灯时长：83秒
运行消息:[2016-04-13 21:30:42:833] CameraTime:[2016-04-13 21:30:21 789] 直行灯变为  红灯					绿灯时长：60秒
运行消息:[2016-04-13 21:31:11:488] CameraTime:[2016-04-13 21:30:50 617] 右转灯有效红灯周期（21:29:21 562 - 21:30:50 538）
运行消息:[2016-04-13 21:31:11:879] CameraTime:[2016-04-13 21:30:50 815] 右转灯变为绿灯		红灯时长：89秒
运行消息:[2016-04-13 21:31:12:848] CameraTime:[2016-04-13 21:30:51 782] 左转灯变为  红灯					绿灯时长：30秒
运行消息:[2016-04-13 21:31:35:619] CameraTime:[2016-04-13 21:31:14 600] 直行灯有效红灯周期（21:30:21 638 - 21:31:14 535）
运行消息:[2016-04-13 21:31:35:822] CameraTime:[2016-04-13 21:31:14 801] 直行灯变为绿灯		红灯时长：53秒
运行消息:[2016-04-13 21:31:36:856] CameraTime:[2016-04-13 21:31:15 783] 右转灯变为  红灯					绿灯时长：24秒
运行消息:[2016-04-13 21:32:35:496] CameraTime:[2016-04-13 21:32:14 586] 左转灯有效红灯周期（21:30:51 561 - 21:32:14 522）
运行消息:[2016-04-13 21:32:35:694] CameraTime:[2016-04-13 21:32:14 805] 左转灯变为绿灯		红灯时长：83秒
运行消息:[2016-04-13 21:32:36:825] CameraTime:[2016-04-13 21:32:15 751] 直行灯变为  红灯					绿灯时长：60秒
运行消息:[2016-04-13 21:33:05:667] CameraTime:[2016-04-13 21:32:44 637] 右转灯有效红灯周期（21:31:15 558 - 21:32:44 516）
运行消息:[2016-04-13 21:33:05:870] CameraTime:[2016-04-13 21:32:44 888] 右转灯变为绿灯		红灯时长：89秒
运行消息:[2016-04-13 21:33:06:663] CameraTime:[2016-04-13 21:32:45 748] 左转灯变为  红灯					绿灯时长：30秒
运行消息:[2016-04-13 21:33:29:577] CameraTime:[2016-04-13 21:33:08 620] 直行灯有效红灯周期（21:32:15 610 - 21:33:08 498）
运行消息:[2016-04-13 21:33:29:768] CameraTime:[2016-04-13 21:33:08 895] 直行灯变为绿灯		红灯时长：53秒
运行消息:[2016-04-13 21:33:30:644] CameraTime:[2016-04-13 21:33:09 732] 右转灯变为  红灯					绿灯时长：24秒
运行消息:[2016-04-13 21:34:29:492] CameraTime:[2016-04-13 21:34:08 607] 左转灯有效红灯周期（21:32:45 592 - 21:34:08 516）
运行消息:[2016-04-13 21:34:29:905] CameraTime:[2016-04-13 21:34:08 847] 左转灯变为绿灯		红灯时长：83秒
运行消息:[2016-04-13 21:34:30:761] CameraTime:[2016-04-13 21:34:09 686] 直行灯变为  红灯					绿灯时长：60秒
运行消息:[2016-04-13 21:34:59:504] CameraTime:[2016-04-13 21:34:38 613] 右转灯有效红灯周期（21:33:09 577 - 21:34:38 510）
运行消息:[2016-04-13 21:34:59:904] CameraTime:[2016-04-13 21:34:38 864] 右转灯变为绿灯		红灯时长：89秒
运行消息:[2016-04-13 21:35:00:605] CameraTime:[2016-04-13 21:34:39 702] 左转灯变为  红灯					绿灯时长：30秒
运行消息:[2016-04-13 21:35:23:509] CameraTime:[2016-04-13 21:35:02 589] 直行灯有效红灯周期（21:34:09 553 - 21:35:02 498）
运行消息:[2016-04-13 21:35:23:938] CameraTime:[2016-04-13 21:35:02 856] 直行灯变为绿灯		红灯时长：53秒
运行消息:[2016-04-13 21:35:24:591] CameraTime:[2016-04-13 21:35:03 693] 右转灯变为  红灯					绿灯时长：24秒
运行消息:[2016-04-13 21:36:23:669] CameraTime:[2016-04-13 21:36:02 598] 左转灯有效红灯周期（21:34:39 597 - 21:36:02 537）
运行消息:[2016-04-13 21:36:23:731] CameraTime:[2016-04-13 21:36:02 815] 左转灯变为绿灯		红灯时长：83秒
运行消息:[2016-04-13 21:36:24:565] CameraTime:[2016-04-13 21:36:03 655] 直行灯变为  红灯					绿灯时长：60秒
