运行消息:[2016-04-13 20:48:53:598] CameraTime:[2016-04-13 20:48:32 507] 左转灯有效红灯周期（20:47:49 298 - 20:48:32 414）
运行消息:[2016-04-13 20:48:54:127] CameraTime:[2016-04-13 20:48:32 990] 直行灯变为  红灯					绿灯时长：46秒
运行消息:[2016-04-13 20:48:54:318] CameraTime:[2016-04-13 20:48:33 174] 左转灯变为绿灯		红灯时长：43秒
运行消息:[2016-04-13 20:49:23:666] CameraTime:[2016-04-13 20:49:02 535] 右转灯有效红灯周期（20:47:49 298 - 20:49:02 398）
运行消息:[2016-04-13 20:49:23:832] CameraTime:[2016-04-13 20:49:02 706] 左转灯变为  红灯					绿灯时长：29秒
运行消息:[2016-04-13 20:49:23:953] CameraTime:[2016-04-13 20:49:02 894] 右转灯变为绿灯		红灯时长：73秒
运行消息:[2016-04-13 20:49:47:590] CameraTime:[2016-04-13 20:49:26 528] 直行灯有效红灯周期（20:48:32 463 - 20:49:26 434）
运行消息:[2016-04-13 20:49:48:040] CameraTime:[2016-04-13 20:49:26 929] 右转灯变为  红灯					绿灯时长：23秒
运行消息:[2016-04-13 20:49:48:171] CameraTime:[2016-04-13 20:49:27 086] 直行灯变为绿灯		红灯时长：54秒
运行消息:[2016-04-13 20:50:47:508] CameraTime:[2016-04-13 20:50:26 490] 左转灯有效红灯周期（20:49:02 408 - 20:50:26 390）
运行消息:[2016-04-13 20:50:49:087] CameraTime:[2016-04-13 20:50:28 000] 直行灯变为  红灯					绿灯时长：59秒
运行消息:[2016-04-13 20:50:49:463] CameraTime:[2016-04-13 20:50:28 313] 左转灯变为绿灯		红灯时长：84秒
运行消息:[2016-04-13 20:51:17:533] CameraTime:[2016-04-13 20:50:56 518] 右转灯有效红灯周期（20:49:26 444 - 20:50:56 425）
运行消息:[2016-04-13 20:51:18:649] CameraTime:[2016-04-13 20:50:57 525] 左转灯变为  红灯					绿灯时长：29秒
运行消息:[2016-04-13 20:51:18:850] CameraTime:[2016-04-13 20:50:57 742] 右转灯变为绿灯		红灯时长：90秒
运行消息:[2016-04-13 20:51:41:975] CameraTime:[2016-04-13 20:51:20 543] 直行灯有效红灯周期（20:50:26 400 - 20:51:20 477）
运行消息:[2016-04-13 20:51:42:636] CameraTime:[2016-04-13 20:51:21 523] 右转灯变为  红灯					绿灯时长：23秒
运行消息:[2016-04-13 20:51:42:836] CameraTime:[2016-04-13 20:51:21 615] 直行灯变为绿灯		红灯时长：54秒
运行消息:[2016-04-13 20:52:41:506] CameraTime:[2016-04-13 20:52:20 483] 左转灯有效红灯周期（20:50:56 435 - 20:52:20 380）
运行消息:[2016-04-13 20:52:42:671] CameraTime:[2016-04-13 20:52:21 648] 直行灯变为  红灯					绿灯时长：59秒
运行消息:[2016-04-13 20:52:42:980] CameraTime:[2016-04-13 20:52:21 951] 左转灯变为绿灯		红灯时长：84秒
运行消息:[2016-04-13 20:53:11:526] CameraTime:[2016-04-13 20:52:50 503] 右转灯有效红灯周期（20:51:20 407 - 20:52:50 393）
运行消息:[2016-04-13 20:53:12:456] CameraTime:[2016-04-13 20:52:51 425] 左转灯变为  红灯					绿灯时长：29秒
运行消息:[2016-04-13 20:53:12:646] CameraTime:[2016-04-13 20:52:51 513] 右转灯变为绿灯		红灯时长：90秒
运行消息:[2016-04-13 20:53:35:660] CameraTime:[2016-04-13 20:53:14 634] 直行灯有效红灯周期（20:52:20 417 - 20:53:14 504）
运行消息:[2016-04-13 20:53:36:771] CameraTime:[2016-04-13 20:53:15 739] 右转灯变为  红灯					绿灯时长：23秒
运行消息:[2016-04-13 20:53:37:373] CameraTime:[2016-04-13 20:53:16 179] 直行灯变为绿灯		红灯时长：54秒
运行消息:[2016-04-13 20:54:35:681] CameraTime:[2016-04-13 20:54:14 466] 左转灯有效红灯周期（20:52:50 403 - 20:54:14 345）
运行消息:[2016-04-13 20:54:36:634] CameraTime:[2016-04-13 20:54:15 609] 直行灯变为  红灯					绿灯时长：59秒
运行消息:[2016-04-13 20:54:36:856] CameraTime:[2016-04-13 20:54:15 787] 左转灯变为绿灯		红灯时长：84秒
运行消息:[2016-04-13 20:55:05:708] CameraTime:[2016-04-13 20:54:44 482] 右转灯有效红灯周期（20:53:14 435 - 20:54:44 388）
运行消息:[2016-04-13 20:55:06:465] CameraTime:[2016-04-13 20:54:45 386] 左转灯变为  红灯					绿灯时长：29秒
运行消息:[2016-04-13 20:55:06:467] CameraTime:[2016-04-13 20:54:45 434] 右转灯变为绿灯		红灯时长：90秒
运行消息:[2016-04-13 20:55:29:959] CameraTime:[2016-04-13 20:55:08 725] 直行灯有效红灯周期（20:54:14 465 - 20:55:08 619）
运行消息:[2016-04-13 20:55:30:430] CameraTime:[2016-04-13 20:55:09 354] 右转灯变为  红灯					绿灯时长：23秒
运行消息:[2016-04-13 20:55:30:640] CameraTime:[2016-04-13 20:55:09 412] 直行灯变为绿灯		红灯时长：54秒
运行消息:[2016-04-13 20:56:29:677] CameraTime:[2016-04-13 20:56:08 475] 左转灯有效红灯周期（20:54:44 398 - 20:56:08 394）
运行消息:[2016-04-13 20:56:31:041] CameraTime:[2016-04-13 20:56:09 889] 直行灯变为  红灯					绿灯时长：59秒
运行消息:[2016-04-13 20:56:31:214] CameraTime:[2016-04-13 20:56:10 159] 左转灯变为绿灯		红灯时长：84秒
运行消息:[2016-04-13 20:56:59:537] CameraTime:[2016-04-13 20:56:38 501] 右转灯有效红灯周期（20:55:08 480 - 20:56:38 381）
运行消息:[2016-04-13 20:57:00:784] CameraTime:[2016-04-13 20:56:39 667] 左转灯变为  红灯					绿灯时长：29秒
运行消息:[2016-04-13 20:57:00:975] CameraTime:[2016-04-13 20:56:39 819] 右转灯变为绿灯		红灯时长：90秒
运行消息:[2016-04-13 20:57:23:611] CameraTime:[2016-04-13 20:57:02 544] 直行灯有效红灯周期（20:56:08 446 - 20:57:02 437）
运行消息:[2016-04-13 20:57:24:617] CameraTime:[2016-04-13 20:57:03 570] 右转灯变为  红灯					绿灯时长：23秒
运行消息:[2016-04-13 20:57:24:808] CameraTime:[2016-04-13 20:57:03 701] 直行灯变为绿灯		红灯时长：54秒
运行消息:[2016-04-13 20:58:23:508] CameraTime:[2016-04-13 20:58:02 473] 左转灯有效红灯周期（20:56:38 478 - 20:58:02 387）
运行消息:[2016-04-13 20:58:24:641] CameraTime:[2016-04-13 20:58:03 601] 左转灯变为绿灯		红灯时长：84秒
运行消息:[2016-04-13 20:58:24:642] CameraTime:[2016-04-13 20:58:03 602] 直行灯变为  红灯					绿灯时长：59秒
运行消息:[2016-04-13 20:58:53:540] CameraTime:[2016-04-13 20:58:32 493] 右转灯有效红灯周期（20:57:02 381 - 20:58:32 372）
运行消息:[2016-04-13 20:58:54:266] CameraTime:[2016-04-13 20:58:33 140] 左转灯变为  红灯					绿灯时长：29秒
运行消息:[2016-04-13 20:58:54:371] CameraTime:[2016-04-13 20:58:33 293] 右转灯变为绿灯		红灯时长：90秒
运行消息:[2016-04-13 20:59:17:636] CameraTime:[2016-04-13 20:58:56 554] 直行灯有效红灯周期（20:58:02 471 - 20:58:56 436）
运行消息:[2016-04-13 20:59:18:311] CameraTime:[2016-04-13 20:58:57 195] 右转灯变为  红灯					绿灯时长：23秒
运行消息:[2016-04-13 20:59:18:509] CameraTime:[2016-04-13 20:58:57 470] 直行灯变为绿灯		红灯时长：54秒
运行消息:[2016-04-13 21:00:17:505] CameraTime:[2016-04-13 20:59:56 458] 左转灯有效红灯周期（20:58:32 420 - 20:59:56 350）
运行消息:[2016-04-13 21:00:18:942] CameraTime:[2016-04-13 20:59:57 789] 直行灯变为  红灯					绿灯时长：59秒
运行消息:[2016-04-13 21:00:19:152] CameraTime:[2016-04-13 20:59:58 018] 左转灯变为绿灯		红灯时长：84秒
运行消息:[2016-04-13 21:00:47:585] CameraTime:[2016-04-13 21:00:26 466] 右转灯有效红灯周期（20:58:56 387 - 21:00:26 346）
运行消息:[2016-04-13 21:00:48:582] CameraTime:[2016-04-13 21:00:27 338] 左转灯变为  红灯					绿灯时长：29秒
运行消息:[2016-04-13 21:00:48:635] CameraTime:[2016-04-13 21:00:27 587] 右转灯变为绿灯		红灯时长：90秒
运行消息:[2016-04-13 21:01:12:762] CameraTime:[2016-04-13 21:00:50 593] 直行灯有效红灯周期（20:59:56 456 - 21:00:50 503）
运行消息:[2016-04-13 21:01:12:778] CameraTime:[2016-04-13 21:00:51 320] 右转灯变为  红灯					绿灯时长：23秒
运行消息:[2016-04-13 21:01:12:792] CameraTime:[2016-04-13 21:00:51 722] 直行灯变为绿灯		红灯时长：54秒
运行消息:[2016-04-13 21:02:11:618] CameraTime:[2016-04-13 21:01:50 449] 左转灯有效红灯周期（21:00:26 430 - 21:01:50 363）
运行消息:[2016-04-13 21:02:13:236] CameraTime:[2016-04-13 21:01:52 086] 直行灯变为  红灯					绿灯时长：59秒
运行消息:[2016-04-13 21:02:13:459] CameraTime:[2016-04-13 21:01:52 359] 左转灯变为绿灯		红灯时长：84秒
运行消息:[2016-04-13 21:02:41:673] CameraTime:[2016-04-13 21:02:20 447] 右转灯有效红灯周期（21:00:50 425 - 21:02:20 372）
运行消息:[2016-04-13 21:02:42:714] CameraTime:[2016-04-13 21:02:21 661] 左转灯变为  红灯					绿灯时长：29秒
运行消息:[2016-04-13 21:02:42:912] CameraTime:[2016-04-13 21:02:21 852] 右转灯变为绿灯		红灯时长：90秒
运行消息:[2016-04-13 21:03:05:556] CameraTime:[2016-04-13 21:02:44 456] 直行灯有效红灯周期（21:01:50 373 - 21:02:44 380）
运行消息:[2016-04-13 21:03:06:616] CameraTime:[2016-04-13 21:02:45 422] 右转灯变为  红灯					绿灯时长：23秒
运行消息:[2016-04-13 21:03:06:749] CameraTime:[2016-04-13 21:02:45 620] 直行灯变为绿灯		红灯时长：54秒
运行消息:[2016-04-13 21:04:05:518] CameraTime:[2016-04-13 21:03:44 461] 左转灯有效红灯周期（21:02:20 428 - 21:03:44 370）
运行消息:[2016-04-13 21:04:07:156] CameraTime:[2016-04-13 21:03:46 098] 左转灯变为绿灯		红灯时长：84秒
运行消息:[2016-04-13 21:04:07:157] CameraTime:[2016-04-13 21:03:46 099] 直行灯变为  红灯					绿灯时长：60秒
运行消息:[2016-04-13 21:04:35:681] CameraTime:[2016-04-13 21:04:14 455] 右转灯有效红灯周期（21:02:44 415 - 21:04:14 365）
运行消息:[2016-04-13 21:04:36:796] CameraTime:[2016-04-13 21:04:15 737] 左转灯变为  红灯					绿灯时长：29秒
运行消息:[2016-04-13 21:04:36:998] CameraTime:[2016-04-13 21:04:15 847] 右转灯变为绿灯		红灯时长：90秒
运行消息:[2016-04-13 21:04:59:724] CameraTime:[2016-04-13 21:04:38 513] 直行灯有效红灯周期（21:03:44 380 - 21:04:38 407）
运行消息:[2016-04-13 21:05:00:768] CameraTime:[2016-04-13 21:04:39 607] 右转灯变为  红灯					绿灯时长：23秒
运行消息:[2016-04-13 21:05:01:086] CameraTime:[2016-04-13 21:04:39 984] 直行灯变为绿灯		红灯时长：54秒
运行消息:[2016-04-13 21:05:59:547] CameraTime:[2016-04-13 21:05:38 447] 左转灯有效红灯周期（21:04:14 412 - 21:05:38 328）
运行消息:[2016-04-13 21:06:01:104] CameraTime:[2016-04-13 21:05:39 978] 直行灯变为  红灯					绿灯时长：59秒
运行消息:[2016-04-13 21:06:01:500] CameraTime:[2016-04-13 21:05:40 285] 左转灯变为绿灯		红灯时长：84秒
运行消息:[2016-04-13 21:06:29:607] CameraTime:[2016-04-13 21:06:08 433] 右转灯有效红灯周期（21:04:38 417 - 21:06:08 351）
运行消息:[2016-04-13 21:06:30:691] CameraTime:[2016-04-13 21:06:09 629] 左转灯变为  红灯					绿灯时长：29秒
运行消息:[2016-04-13 21:06:31:002] CameraTime:[2016-04-13 21:06:09 904] 右转灯变为绿灯		红灯时长：90秒
运行消息:[2016-04-13 21:06:53:551] CameraTime:[2016-04-13 21:06:32 469] 直行灯有效红灯周期（21:05:38 446 - 21:06:32 383）
运行消息:[2016-04-13 21:06:54:493] CameraTime:[2016-04-13 21:06:33 401] 右转灯变为  红灯					绿灯时长：23秒
运行消息:[2016-04-13 21:06:54:691] CameraTime:[2016-04-13 21:06:33 603] 直行灯变为绿灯		红灯时长：54秒
运行消息:[2016-04-13 21:07:53:554] CameraTime:[2016-04-13 21:07:32 487] 左转灯有效红灯周期（21:06:08 512 - 21:07:32 328）
运行消息:[2016-04-13 21:07:54:676] CameraTime:[2016-04-13 21:07:33 605] 直行灯变为  红灯					绿灯时长：59秒
运行消息:[2016-04-13 21:07:54:865] CameraTime:[2016-04-13 21:07:33 686] 左转灯变为绿灯		红灯时长：84秒
运行消息:[2016-04-13 21:08:23:685] CameraTime:[2016-04-13 21:08:02 431] 右转灯有效红灯周期（21:06:32 393 - 21:08:02 327）
运行消息:[2016-04-13 21:08:24:928] CameraTime:[2016-04-13 21:08:03 688] 左转灯变为  红灯					绿灯时长：29秒
运行消息:[2016-04-13 21:08:24:930] CameraTime:[2016-04-13 21:08:03 812] 右转灯变为绿灯		红灯时长：90秒
运行消息:[2016-04-13 21:08:47:546] CameraTime:[2016-04-13 21:08:26 463] 直行灯有效红灯周期（21:07:32 408 - 21:08:26 382）
运行消息:[2016-04-13 21:08:48:341] CameraTime:[2016-04-13 21:08:27 138] 右转灯变为  红灯					绿灯时长：23秒
运行消息:[2016-04-13 21:08:48:343] CameraTime:[2016-04-13 21:08:27 267] 直行灯变为绿灯		红灯时长：54秒
运行消息:[2016-04-13 21:09:47:481] CameraTime:[2016-04-13 21:09:26 410] 左转灯有效红灯周期（21:08:02 414 - 21:09:26 317）
运行消息:[2016-04-13 21:09:49:189] CameraTime:[2016-04-13 21:09:28 116] 直行灯变为  红灯					绿灯时长：59秒
运行消息:[2016-04-13 21:09:49:514] CameraTime:[2016-04-13 21:09:28 413] 左转灯变为绿灯		红灯时长：84秒
运行消息:[2016-04-13 21:10:17:543] CameraTime:[2016-04-13 21:09:56 458] 右转灯有效红灯周期（21:08:26 392 - 21:09:56 349）
运行消息:[2016-04-13 21:10:18:791] CameraTime:[2016-04-13 21:09:57 718] 左转灯变为  红灯					绿灯时长：29秒
运行消息:[2016-04-13 21:10:19:180] CameraTime:[2016-04-13 21:09:57 780] 右转灯变为绿灯		红灯时长：90秒
运行消息:[2016-04-13 21:10:41:562] CameraTime:[2016-04-13 21:10:20 482] 直行灯有效红灯周期（21:09:26 374 - 21:10:20 382）
运行消息:[2016-04-13 21:10:42:824] CameraTime:[2016-04-13 21:10:21 675] 右转灯变为  红灯					绿灯时长：23秒
运行消息:[2016-04-13 21:10:43:097] CameraTime:[2016-04-13 21:10:21 835] 直行灯变为绿灯		红灯时长：54秒
运行消息:[2016-04-13 21:11:41:483] CameraTime:[2016-04-13 21:11:20 401] 左转灯有效红灯周期（21:09:56 390 - 21:11:20 323）
运行消息:[2016-04-13 21:11:43:206] CameraTime:[2016-04-13 21:11:21 991] 直行灯变为  红灯					绿灯时长：59秒
运行消息:[2016-04-13 21:11:43:209] CameraTime:[2016-04-13 21:11:22 131] 左转灯变为绿灯		红灯时长：84秒
运行消息:[2016-04-13 21:12:11:602] CameraTime:[2016-04-13 21:11:50 479] 右转灯有效红灯周期（21:10:20 415 - 21:11:50 319）
运行消息:[2016-04-13 21:12:12:394] CameraTime:[2016-04-13 21:11:51 163] 左转灯变为  红灯					绿灯时长：29秒
运行消息:[2016-04-13 21:12:12:399] CameraTime:[2016-04-13 21:11:51 265] 右转灯变为绿灯		红灯时长：90秒
运行消息:[2016-04-13 21:12:35:684] CameraTime:[2016-04-13 21:12:14 466] 直行灯有效红灯周期（21:11:20 333 - 21:12:14 354）
运行消息:[2016-04-13 21:12:36:482] CameraTime:[2016-04-13 21:12:15 252] 右转灯变为  红灯					绿灯时长：23秒
运行消息:[2016-04-13 21:12:36:483] CameraTime:[2016-04-13 21:12:15 393] 直行灯变为绿灯		红灯时长：53秒
运行消息:[2016-04-13 21:13:35:633] CameraTime:[2016-04-13 21:13:14 400] 左转灯有效红灯周期（21:11:50 412 - 21:13:14 340）
运行消息:[2016-04-13 21:13:36:726] CameraTime:[2016-04-13 21:13:15 638] 左转灯变为绿灯		红灯时长：84秒
运行消息:[2016-04-13 21:13:36:727] CameraTime:[2016-04-13 21:13:15 640] 直行灯变为  红灯					绿灯时长：60秒
运行消息:[2016-04-13 21:14:05:508] CameraTime:[2016-04-13 21:13:44 416] 右转灯有效红灯周期（21:12:14 364 - 21:13:44 337）
运行消息:[2016-04-13 21:14:06:663] CameraTime:[2016-04-13 21:13:45 577] 左转灯变为  红灯					绿灯时长：29秒
运行消息:[2016-04-13 21:14:06:813] CameraTime:[2016-04-13 21:13:45 678] 右转灯变为绿灯		红灯时长：90秒
运行消息:[2016-04-13 21:14:29:584] CameraTime:[2016-04-13 21:14:08 419] 直行灯有效红灯周期（21:13:14 399 - 21:14:08 330）
运行消息:[2016-04-13 21:14:30:984] CameraTime:[2016-04-13 21:14:09 806] 右转灯变为  红灯					绿灯时长：23秒
运行消息:[2016-04-13 21:14:31:001] CameraTime:[2016-04-13 21:14:09 903] 直行灯变为绿灯		红灯时长：53秒
运行消息:[2016-04-13 21:15:29:575] CameraTime:[2016-04-13 21:15:08 414] 左转灯有效红灯周期（21:13:44 394 - 21:15:08 326）
运行消息:[2016-04-13 21:15:30:978] CameraTime:[2016-04-13 21:15:09 741] 直行灯变为  红灯					绿灯时长：59秒
运行消息:[2016-04-13 21:15:31:029] CameraTime:[2016-04-13 21:15:09 922] 左转灯变为绿灯		红灯时长：84秒
运行消息:[2016-04-13 21:15:59:499] CameraTime:[2016-04-13 21:15:38 411] 右转灯有效红灯周期（21:14:08 340 - 21:15:38 332）
运行消息:[2016-04-13 21:16:00:833] CameraTime:[2016-04-13 21:15:39 670] 左转灯变为  红灯					绿灯时长：29秒
运行消息:[2016-04-13 21:16:00:903] CameraTime:[2016-04-13 21:15:39 756] 右转灯变为绿灯		红灯时长：90秒
运行消息:[2016-04-13 21:16:23:680] CameraTime:[2016-04-13 21:16:02 592] 直行灯有效红灯周期（21:15:08 336 - 21:16:02 512）
运行消息:[2016-04-13 21:16:24:404] CameraTime:[2016-04-13 21:16:03 306] 右转灯变为  红灯					绿灯时长：23秒
运行消息:[2016-04-13 21:16:24:676] CameraTime:[2016-04-13 21:16:03 581] 直行灯变为绿灯		红灯时长：54秒
运行消息:[2016-04-13 21:17:23:477] CameraTime:[2016-04-13 21:17:02 385] 左转灯有效红灯周期（21:15:38 353 - 21:17:02 329）
运行消息:[2016-04-13 21:17:24:830] CameraTime:[2016-04-13 21:17:03 735] 直行灯变为  红灯					绿灯时长：59秒
运行消息:[2016-04-13 21:17:25:193] CameraTime:[2016-04-13 21:17:04 008] 左转灯变为绿灯		红灯时长：84秒
运行消息:[2016-04-13 21:17:53:700] CameraTime:[2016-04-13 21:17:32 462] 右转灯有效红灯周期（21:16:02 351 - 21:17:32 340）
运行消息:[2016-04-13 21:17:54:580] CameraTime:[2016-04-13 21:17:33 486] 左转灯变为  红灯					绿灯时长：29秒
运行消息:[2016-04-13 21:17:54:581] CameraTime:[2016-04-13 21:17:33 487] 右转灯变为绿灯		红灯时长：90秒
运行消息:[2016-04-13 21:18:17:487] CameraTime:[2016-04-13 21:17:56 390] 直行灯有效红灯周期（21:17:02 366 - 21:17:56 333）
运行消息:[2016-04-13 21:18:18:711] CameraTime:[2016-04-13 21:17:57 610] 直行灯变为绿灯		红灯时长：53秒
运行消息:[2016-04-13 21:18:18:713] CameraTime:[2016-04-13 21:17:57 611] 右转灯变为  红灯					绿灯时长：23秒
运行消息:[2016-04-13 21:19:17:638] CameraTime:[2016-04-13 21:18:56 439] 左转灯有效红灯周期（21:17:32 385 - 21:18:56 304）
运行消息:[2016-04-13 21:19:19:058] CameraTime:[2016-04-13 21:18:57 910] 直行灯变为  红灯					绿灯时长：59秒
运行消息:[2016-04-13 21:19:19:301] CameraTime:[2016-04-13 21:18:58 002] 左转灯变为绿灯		红灯时长：84秒
运行消息:[2016-04-13 21:19:47:713] CameraTime:[2016-04-13 21:19:26 421] 右转灯有效红灯周期（21:17:56 371 - 21:19:26 327）
运行消息:[2016-04-13 21:19:48:991] CameraTime:[2016-04-13 21:19:27 715] 左转灯变为  红灯					绿灯时长：29秒
运行消息:[2016-04-13 21:19:49:054] CameraTime:[2016-04-13 21:19:27 903] 右转灯变为绿灯		红灯时长：90秒
运行消息:[2016-04-13 21:20:11:547] CameraTime:[2016-04-13 21:19:50 440] 直行灯有效红灯周期（21:18:56 314 - 21:19:50 322）
运行消息:[2016-04-13 21:20:12:522] CameraTime:[2016-04-13 21:19:51 411] 右转灯变为  红灯					绿灯时长：23秒
运行消息:[2016-04-13 21:20:12:783] CameraTime:[2016-04-13 21:19:51 506] 直行灯变为绿灯		红灯时长：54秒
运行消息:[2016-04-13 21:21:11:672] CameraTime:[2016-04-13 21:20:50 380] 左转灯有效红灯周期（21:19:26 376 - 21:20:50 280）
运行消息:[2016-04-13 21:21:13:220] CameraTime:[2016-04-13 21:20:52 108] 直行灯变为  红灯					绿灯时长：59秒
运行消息:[2016-04-13 21:21:13:624] CameraTime:[2016-04-13 21:20:52 343] 左转灯变为绿灯		红灯时长：84秒
运行消息:[2016-04-13 21:21:41:529] CameraTime:[2016-04-13 21:21:20 420] 右转灯有效红灯周期（21:19:50 313 - 21:21:20 322）
运行消息:[2016-04-13 21:21:42:703] CameraTime:[2016-04-13 21:21:21 595] 左转灯变为  红灯					绿灯时长：29秒
运行消息:[2016-04-13 21:21:42:966] CameraTime:[2016-04-13 21:21:21 855] 右转灯变为绿灯		红灯时长：90秒
运行消息:[2016-04-13 21:22:05:553] CameraTime:[2016-04-13 21:21:44 403] 直行灯有效红灯周期（21:20:50 290 - 21:21:44 290）
运行消息:[2016-04-13 21:22:06:681] CameraTime:[2016-04-13 21:21:45 522] 右转灯变为  红灯					绿灯时长：23秒
运行消息:[2016-04-13 21:22:06:956] CameraTime:[2016-04-13 21:21:45 649] 直行灯变为绿灯		红灯时长：54秒
运行消息:[2016-04-13 21:23:05:631] CameraTime:[2016-04-13 21:22:44 408] 左转灯有效红灯周期（21:21:20 332 - 21:22:44 293）
运行消息:[2016-04-13 21:23:07:033] CameraTime:[2016-04-13 21:22:45 751] 直行灯变为  红灯					绿灯时长：59秒
运行消息:[2016-04-13 21:23:07:236] CameraTime:[2016-04-13 21:22:45 930] 左转灯变为绿灯		红灯时长：84秒
运行消息:[2016-04-13 21:23:35:497] CameraTime:[2016-04-13 21:23:14 380] 右转灯有效红灯周期（21:21:44 374 - 21:23:14 288）
运行消息:[2016-04-13 21:23:36:664] CameraTime:[2016-04-13 21:23:15 493] 左转灯变为  红灯					绿灯时长：29秒
运行消息:[2016-04-13 21:23:36:795] CameraTime:[2016-04-13 21:23:15 601] 右转灯变为绿灯		红灯时长：90秒
运行消息:[2016-04-13 21:23:59:455] CameraTime:[2016-04-13 21:23:38 343] 直行灯有效红灯周期（21:22:44 407 - 21:23:38 277）
运行消息:[2016-04-13 21:24:00:730] CameraTime:[2016-04-13 21:23:39 619] 右转灯变为  红灯					绿灯时长：23秒
运行消息:[2016-04-13 21:24:00:731] CameraTime:[2016-04-13 21:23:39 618] 直行灯变为绿灯		红灯时长：54秒
运行消息:[2016-04-13 21:24:59:575] CameraTime:[2016-04-13 21:24:38 385] 左转灯有效红灯周期（21:23:14 332 - 21:24:38 276）
运行消息:[2016-04-13 21:25:01:399] CameraTime:[2016-04-13 21:24:40 234] 直行灯变为  红灯					绿灯时长：59秒
运行消息:[2016-04-13 21:25:01:880] CameraTime:[2016-04-13 21:24:40 573] 左转灯变为绿灯		红灯时长：84秒
运行消息:[2016-04-13 21:25:29:679] CameraTime:[2016-04-13 21:25:08 435] 右转灯有效红灯周期（21:23:38 339 - 21:25:08 301）
运行消息:[2016-04-13 21:25:31:145] CameraTime:[2016-04-13 21:25:09 915] 左转灯变为  红灯					绿灯时长：29秒
运行消息:[2016-04-13 21:25:31:353] CameraTime:[2016-04-13 21:25:10 203] 右转灯变为绿灯		红灯时长：90秒
运行消息:[2016-04-13 21:25:53:639] CameraTime:[2016-04-13 21:25:32 370] 直行灯有效红灯周期（21:24:38 333 - 21:25:32 248）
运行消息:[2016-04-13 21:25:54:567] CameraTime:[2016-04-13 21:25:33 441] 右转灯变为  红灯					绿灯时长：23秒
运行消息:[2016-04-13 21:25:54:917] CameraTime:[2016-04-13 21:25:33 755] 直行灯变为绿灯		红灯时长：54秒
运行消息:[2016-04-13 21:26:53:491] CameraTime:[2016-04-13 21:26:32 367] 左转灯有效红灯周期（21:25:08 311 - 21:26:32 244）
运行消息:[2016-04-13 21:26:54:762] CameraTime:[2016-04-13 21:26:33 638] 直行灯变为  红灯					绿灯时长：59秒
运行消息:[2016-04-13 21:26:55:274] CameraTime:[2016-04-13 21:26:34 071] 左转灯变为绿灯		红灯时长：84秒
运行消息:[2016-04-13 21:27:23:567] CameraTime:[2016-04-13 21:27:02 417] 右转灯有效红灯周期（21:25:32 365 - 21:27:02 294）
运行消息:[2016-04-13 21:27:24:610] CameraTime:[2016-04-13 21:27:03 489] 右转灯变为绿灯		红灯时长：90秒
运行消息:[2016-04-13 21:27:24:611] CameraTime:[2016-04-13 21:27:03 488] 左转灯变为  红灯					绿灯时长：30秒
运行消息:[2016-04-13 21:27:47:680] CameraTime:[2016-04-13 21:27:26 401] 直行灯有效红灯周期（21:26:32 328 - 21:27:26 286）
运行消息:[2016-04-13 21:27:47:994] CameraTime:[2016-04-13 21:27:26 861] 右转灯变为  红灯					绿灯时长：23秒
运行消息:[2016-04-13 21:27:48:286] CameraTime:[2016-04-13 21:27:27 085] 直行灯变为绿灯		红灯时长：54秒
运行消息:[2016-04-13 21:28:47:690] CameraTime:[2016-04-13 21:28:26 373] 左转灯有效红灯周期（21:27:02 367 - 21:28:26 279）
运行消息:[2016-04-13 21:28:48:976] CameraTime:[2016-04-13 21:28:27 685] 直行灯变为  红灯					绿灯时长：59秒
运行消息:[2016-04-13 21:28:49:028] CameraTime:[2016-04-13 21:28:27 871] 左转灯变为绿灯		红灯时长：84秒
运行消息:[2016-04-13 21:29:17:490] CameraTime:[2016-04-13 21:28:56 357] 右转灯有效红灯周期（21:27:26 296 - 21:28:56 260）
运行消息:[2016-04-13 21:29:18:850] CameraTime:[2016-04-13 21:28:57 712] 左转灯变为  红灯					绿灯时长：29秒
运行消息:[2016-04-13 21:29:19:041] CameraTime:[2016-04-13 21:28:57 874] 右转灯变为绿灯		红灯时长：90秒
运行消息:[2016-04-13 21:29:41:601] CameraTime:[2016-04-13 21:29:20 470] 直行灯有效红灯周期（21:28:26 325 - 21:29:20 367）
运行消息:[2016-04-13 21:29:42:789] CameraTime:[2016-04-13 21:29:21 569] 右转灯变为  红灯					绿灯时长：23秒
运行消息:[2016-04-13 21:29:43:004] CameraTime:[2016-04-13 21:29:21 783] 直行灯变为绿灯		红灯时长：54秒
运行消息:[2016-04-13 21:30:41:589] CameraTime:[2016-04-13 21:30:20 353] 左转灯有效红灯周期（21:28:56 286 - 21:30:20 236）
运行消息:[2016-04-13 21:30:42:129] CameraTime:[2016-04-13 21:30:20 986] 直行灯变为  红灯					绿灯时长：59秒
运行消息:[2016-04-13 21:30:42:409] CameraTime:[2016-04-13 21:30:21 131] 左转灯变为绿灯		红灯时长：84秒
运行消息:[2016-04-13 21:31:11:579] CameraTime:[2016-04-13 21:30:50 424] 右转灯有效红灯周期（21:29:20 349 - 21:30:50 265）
运行消息:[2016-04-13 21:31:12:667] CameraTime:[2016-04-13 21:30:51 531] 左转灯变为  红灯					绿灯时长：29秒
运行消息:[2016-04-13 21:31:13:039] CameraTime:[2016-04-13 21:30:51 776] 右转灯变为绿灯		红灯时长：90秒
运行消息:[2016-04-13 21:31:35:574] CameraTime:[2016-04-13 21:31:14 413] 直行灯有效红灯周期（21:30:20 283 - 21:31:14 256）
运行消息:[2016-04-13 21:31:35:794] CameraTime:[2016-04-13 21:31:14 657] 右转灯变为  红灯					绿灯时长：23秒
运行消息:[2016-04-13 21:31:36:075] CameraTime:[2016-04-13 21:31:14 905] 直行灯变为绿灯		红灯时长：54秒
运行消息:[2016-04-13 21:32:35:641] CameraTime:[2016-04-13 21:32:14 372] 左转灯有效红灯周期（21:30:50 358 - 21:32:14 249）
运行消息:[2016-04-13 21:32:36:782] CameraTime:[2016-04-13 21:32:15 560] 直行灯变为  红灯					绿灯时长：59秒
运行消息:[2016-04-13 21:32:36:822] CameraTime:[2016-04-13 21:32:15 680] 左转灯变为绿灯		红灯时长：84秒
运行消息:[2016-04-13 21:33:05:692] CameraTime:[2016-04-13 21:32:44 390] 右转灯有效红灯周期（21:31:14 316 - 21:32:44 244）
运行消息:[2016-04-13 21:33:06:978] CameraTime:[2016-04-13 21:32:45 704] 左转灯变为  红灯					绿灯时长：29秒
运行消息:[2016-04-13 21:33:06:980] CameraTime:[2016-04-13 21:32:45 808] 右转灯变为绿灯		红灯时长：90秒
运行消息:[2016-04-13 21:33:29:546] CameraTime:[2016-04-13 21:33:08 377] 直行灯有效红灯周期（21:32:14 372 - 21:33:08 263）
运行消息:[2016-04-13 21:33:30:790] CameraTime:[2016-04-13 21:33:09 649] 右转灯变为  红灯					绿灯时长：23秒
运行消息:[2016-04-13 21:33:30:995] CameraTime:[2016-04-13 21:33:09 854] 直行灯变为绿灯		红灯时长：54秒
运行消息:[2016-04-13 21:34:29:580] CameraTime:[2016-04-13 21:34:08 356] 左转灯有效红灯周期（21:32:44 284 - 21:34:08 262）
运行消息:[2016-04-13 21:34:30:849] CameraTime:[2016-04-13 21:34:09 696] 直行灯变为  红灯					绿灯时长：59秒
运行消息:[2016-04-13 21:34:31:087] CameraTime:[2016-04-13 21:34:09 946] 左转灯变为绿灯		红灯时长：84秒
运行消息:[2016-04-13 21:34:59:603] CameraTime:[2016-04-13 21:34:38 350] 右转灯有效红灯周期（21:33:08 273 - 21:34:38 258）
运行消息:[2016-04-13 21:35:00:960] CameraTime:[2016-04-13 21:34:39 630] 左转灯变为  红灯					绿灯时长：29秒
运行消息:[2016-04-13 21:35:01:166] CameraTime:[2016-04-13 21:34:39 965] 右转灯变为绿灯		红灯时长：90秒
运行消息:[2016-04-13 21:35:23:553] CameraTime:[2016-04-13 21:35:02 362] 直行灯有效红灯周期（21:34:08 272 - 21:35:02 238）
运行消息:[2016-04-13 21:35:24:443] CameraTime:[2016-04-13 21:35:03 220] 右转灯变为  红灯					绿灯时长：23秒
运行消息:[2016-04-13 21:35:24:643] CameraTime:[2016-04-13 21:35:03 480] 直行灯变为绿灯		红灯时长：54秒
运行消息:[2016-04-13 21:36:23:562] CameraTime:[2016-04-13 21:36:02 353] 左转灯有效红灯周期（21:34:38 304 - 21:36:02 228）
运行消息:[2016-04-13 21:36:25:068] CameraTime:[2016-04-13 21:36:03 791] 直行灯变为  红灯					绿灯时长：59秒
运行消息:[2016-04-13 21:36:25:071] CameraTime:[2016-04-13 21:36:03 856] 左转灯变为绿灯		红灯时长：84秒
