运行消息:[2016-04-13 20:48:58:657] CameraTime:[2016-04-13 20:48:37 322] 左转灯变为绿灯		红灯时长：0秒
运行消息:[2016-04-13 20:48:58:658] CameraTime:[2016-04-13 20:48:37 322] 直行灯变为绿灯		红灯时长：0秒
运行消息:[2016-04-13 20:48:58:666] CameraTime:[2016-04-13 20:48:37 322] 右转灯变为绿灯		红灯时长：0秒
运行消息:[2016-04-13 20:49:00:545] CameraTime:[2016-04-13 20:48:39 272] 右转灯变为  红灯					绿灯时长：3秒
运行消息:[2016-04-13 20:49:01:441] CameraTime:[2016-04-13 20:48:40 146] 直行灯变为  红灯					绿灯时长：4秒
运行消息:[2016-04-13 20:49:23:640] CameraTime:[2016-04-13 20:49:02 506] 右转灯有效红灯周期（20:48:39 644 - 20:49:02 395）
运行消息:[2016-04-13 20:49:23:772] CameraTime:[2016-04-13 20:49:02 740] 右转灯变为绿灯		红灯时长：23秒
运行消息:[2016-04-13 20:49:24:706] CameraTime:[2016-04-13 20:49:03 712] 左转灯变为  红灯					绿灯时长：27秒
运行消息:[2016-04-13 20:49:47:658] CameraTime:[2016-04-13 20:49:26 616] 右转灯变为  红灯					绿灯时长：23秒
运行消息:[2016-04-13 20:49:47:768] CameraTime:[2016-04-13 20:49:26 704] 直行灯有效红灯周期（20:48:40 667 - 20:49:26 584）
运行消息:[2016-04-13 20:49:47:770] CameraTime:[2016-04-13 20:49:26 746] 直行灯变为绿灯		红灯时长：46秒
运行消息:[2016-04-13 20:50:47:467] CameraTime:[2016-04-13 20:50:26 476] 左转灯有效红灯周期（20:49:03 485 - 20:50:26 414）
运行消息:[2016-04-13 20:50:47:678] CameraTime:[2016-04-13 20:50:26 678] 左转灯变为绿灯		红灯时长：82秒
运行消息:[2016-04-13 20:50:48:532] CameraTime:[2016-04-13 20:50:27 506] 直行灯变为  红灯					绿灯时长：60秒
运行消息:[2016-04-13 20:51:17:506] CameraTime:[2016-04-13 20:50:56 493] 右转灯有效红灯周期（20:49:26 477 - 20:50:56 417）
运行消息:[2016-04-13 20:51:17:909] CameraTime:[2016-04-13 20:50:56 745] 右转灯变为绿灯		红灯时长：90秒
运行消息:[2016-04-13 20:51:18:702] CameraTime:[2016-04-13 20:50:57 495] 左转灯变为  红灯					绿灯时长：30秒
运行消息:[2016-04-13 20:51:41:605] CameraTime:[2016-04-13 20:51:20 519] 直行灯有效红灯周期（20:50:27 397 - 20:51:20 412）
运行消息:[2016-04-13 20:51:41:630] CameraTime:[2016-04-13 20:51:20 622] 右转灯变为  红灯					绿灯时长：23秒
运行消息:[2016-04-13 20:51:41:864] CameraTime:[2016-04-13 20:51:20 744] 直行灯变为绿灯		红灯时长：53秒
运行消息:[2016-04-13 20:52:41:681] CameraTime:[2016-04-13 20:52:20 515] 左转灯有效红灯周期（20:50:57 465 - 20:52:20 453）
运行消息:[2016-04-13 20:52:41:882] CameraTime:[2016-04-13 20:52:20 739] 左转灯变为绿灯		红灯时长：83秒
运行消息:[2016-04-13 20:52:42:634] CameraTime:[2016-04-13 20:52:21 630] 直行灯变为  红灯					绿灯时长：60秒
运行消息:[2016-04-13 20:53:11:568] CameraTime:[2016-04-13 20:52:50 524] 右转灯有效红灯周期（20:51:20 476 - 20:52:50 439）
运行消息:[2016-04-13 20:53:11:769] CameraTime:[2016-04-13 20:52:50 723] 右转灯变为绿灯		红灯时长：90秒
运行消息:[2016-04-13 20:53:12:655] CameraTime:[2016-04-13 20:52:51 609] 左转灯变为  红灯					绿灯时长：30秒
运行消息:[2016-04-13 20:53:35:565] CameraTime:[2016-04-13 20:53:14 529] 右转灯变为  红灯					绿灯时长：23秒
运行消息:[2016-04-13 20:53:35:760] CameraTime:[2016-04-13 20:53:14 644] 直行灯有效红灯周期（20:52:21 463 - 20:53:14 486）
运行消息:[2016-04-13 20:53:35:811] CameraTime:[2016-04-13 20:53:14 779] 直行灯变为绿灯		红灯时长：53秒
运行消息:[2016-04-13 20:54:35:647] CameraTime:[2016-04-13 20:54:14 482] 左转灯有效红灯周期（20:52:51 447 - 20:54:14 364）
运行消息:[2016-04-13 20:54:35:840] CameraTime:[2016-04-13 20:54:14 792] 左转灯变为绿灯		红灯时长：83秒
运行消息:[2016-04-13 20:54:36:622] CameraTime:[2016-04-13 20:54:15 566] 直行灯变为  红灯					绿灯时长：60秒
运行消息:[2016-04-13 20:55:05:516] CameraTime:[2016-04-13 20:54:44 480] 右转灯有效红灯周期（20:53:14 485 - 20:54:44 404）
运行消息:[2016-04-13 20:55:05:715] CameraTime:[2016-04-13 20:54:44 696] 右转灯变为绿灯		红灯时长：90秒
运行消息:[2016-04-13 20:55:06:719] CameraTime:[2016-04-13 20:54:45 534] 左转灯变为  红灯					绿灯时长：30秒
运行消息:[2016-04-13 20:55:29:551] CameraTime:[2016-04-13 20:55:08 542] 右转灯变为  红灯					绿灯时长：23秒
运行消息:[2016-04-13 20:55:29:757] CameraTime:[2016-04-13 20:55:08 618] 直行灯有效红灯周期（20:54:15 401 - 20:55:08 500）
运行消息:[2016-04-13 20:55:29:957] CameraTime:[2016-04-13 20:55:08 813] 直行灯变为绿灯		红灯时长：53秒
运行消息:[2016-04-13 20:56:29:523] CameraTime:[2016-04-13 20:56:08 510] 左转灯有效红灯周期（20:54:46 736 - 20:56:08 419）
运行消息:[2016-04-13 20:56:29:939] CameraTime:[2016-04-13 20:56:08 751] 左转灯变为绿灯		红灯时长：83秒
运行消息:[2016-04-13 20:56:30:849] CameraTime:[2016-04-13 20:56:09 638] 直行灯变为  红灯					绿灯时长：60秒
运行消息:[2016-04-13 20:56:59:658] CameraTime:[2016-04-13 20:56:38 475] 右转灯有效红灯周期（20:55:08 497 - 20:56:38 395）
运行消息:[2016-04-13 20:56:59:858] CameraTime:[2016-04-13 20:56:38 688] 右转灯变为绿灯		红灯时长：90秒
运行消息:[2016-04-13 20:57:00:760] CameraTime:[2016-04-13 20:56:39 729] 左转灯变为  红灯					绿灯时长：30秒
运行消息:[2016-04-13 20:57:23:669] CameraTime:[2016-04-13 20:57:02 507] 直行灯有效红灯周期（20:56:09 457 - 20:57:02 429）
运行消息:[2016-04-13 20:57:23:670] CameraTime:[2016-04-13 20:57:02 603] 右转灯变为  红灯					绿灯时长：23秒
运行消息:[2016-04-13 20:57:23:865] CameraTime:[2016-04-13 20:57:02 736] 直行灯变为绿灯		红灯时长：53秒
运行消息:[2016-04-13 20:58:23:673] CameraTime:[2016-04-13 20:58:02 468] 左转灯有效红灯周期（20:56:39 525 - 20:58:02 379）
运行消息:[2016-04-13 20:58:23:825] CameraTime:[2016-04-13 20:58:02 772] 左转灯变为绿灯		红灯时长：83秒
运行消息:[2016-04-13 20:58:24:627] CameraTime:[2016-04-13 20:58:03 497] 直行灯变为  红灯					绿灯时长：60秒
运行消息:[2016-04-13 20:58:53:497] CameraTime:[2016-04-13 20:58:32 474] 右转灯有效红灯周期（20:57:02 452 - 20:58:32 364）
运行消息:[2016-04-13 20:58:53:897] CameraTime:[2016-04-13 20:58:32 794] 右转灯变为绿灯		红灯时长：90秒
运行消息:[2016-04-13 20:58:54:616] CameraTime:[2016-04-13 20:58:33 594] 左转灯变为  红灯					绿灯时长：30秒
运行消息:[2016-04-13 20:59:17:648] CameraTime:[2016-04-13 20:58:56 617] 直行灯有效红灯周期（20:58:03 456 - 20:58:56 524）
运行消息:[2016-04-13 20:59:17:708] CameraTime:[2016-04-13 20:58:56 649] 右转灯变为  红灯					绿灯时长：23秒
运行消息:[2016-04-13 20:59:17:915] CameraTime:[2016-04-13 20:58:56 763] 直行灯变为绿灯		红灯时长：53秒
运行消息:[2016-04-13 21:00:17:479] CameraTime:[2016-04-13 20:59:56 449] 左转灯有效红灯周期（20:58:33 430 - 20:59:56 386）
运行消息:[2016-04-13 21:00:17:838] CameraTime:[2016-04-13 20:59:56 669] 左转灯变为绿灯		红灯时长：83秒
运行消息:[2016-04-13 21:00:18:723] CameraTime:[2016-04-13 20:59:57 499] 直行灯变为  红灯					绿灯时长：60秒
运行消息:[2016-04-13 21:00:47:511] CameraTime:[2016-04-13 21:00:26 484] 右转灯有效红灯周期（20:58:56 413 - 21:00:26 370）
运行消息:[2016-04-13 21:00:47:822] CameraTime:[2016-04-13 21:00:26 761] 右转灯变为绿灯		红灯时长：90秒
运行消息:[2016-04-13 21:00:48:747] CameraTime:[2016-04-13 21:00:27 548] 左转灯变为  红灯					绿灯时长：30秒
运行消息:[2016-04-13 21:01:12:717] CameraTime:[2016-04-13 21:00:50 540] 右转灯变为  红灯					绿灯时长：23秒
运行消息:[2016-04-13 21:01:12:719] CameraTime:[2016-04-13 21:00:50 650] 直行灯变为绿灯		红灯时长：53秒
运行消息:[2016-04-13 21:01:12:719] CameraTime:[2016-04-13 21:00:50 496] 直行灯有效红灯周期（20:59:57 473 - 21:00:50 377）
运行消息:[2016-04-13 21:02:11:496] CameraTime:[2016-04-13 21:01:50 437] 左转灯有效红灯周期（21:00:27 520 - 21:01:50 373）
运行消息:[2016-04-13 21:02:11:737] CameraTime:[2016-04-13 21:01:50 667] 左转灯变为绿灯		红灯时长：83秒
运行消息:[2016-04-13 21:02:12:627] CameraTime:[2016-04-13 21:01:51 585] 直行灯变为  红灯					绿灯时长：60秒
运行消息:[2016-04-13 21:02:41:521] CameraTime:[2016-04-13 21:02:20 482] 右转灯有效红灯周期（21:00:50 426 - 21:02:20 356）
运行消息:[2016-04-13 21:02:41:921] CameraTime:[2016-04-13 21:02:20 697] 右转灯变为绿灯		红灯时长：90秒
运行消息:[2016-04-13 21:02:42:753] CameraTime:[2016-04-13 21:02:21 677] 左转灯变为  红灯					绿灯时长：31秒
运行消息:[2016-04-13 21:03:05:591] CameraTime:[2016-04-13 21:02:44 512] 右转灯变为  红灯					绿灯时长：23秒
运行消息:[2016-04-13 21:03:05:592] CameraTime:[2016-04-13 21:02:44 519] 直行灯有效红灯周期（21:01:51 424 - 21:02:44 406）
运行消息:[2016-04-13 21:03:05:722] CameraTime:[2016-04-13 21:02:44 690] 直行灯变为绿灯		红灯时长：53秒
运行消息:[2016-04-13 21:04:05:669] CameraTime:[2016-04-13 21:03:44 442] 左转灯有效红灯周期（21:02:21 433 - 21:03:44 354）
运行消息:[2016-04-13 21:04:05:805] CameraTime:[2016-04-13 21:03:44 707] 左转灯变为绿灯		红灯时长：83秒
运行消息:[2016-04-13 21:04:06:696] CameraTime:[2016-04-13 21:03:45 637] 直行灯变为  红灯					绿灯时长：60秒
运行消息:[2016-04-13 21:04:35:564] CameraTime:[2016-04-13 21:04:14 470] 右转灯有效红灯周期（21:02:44 416 - 21:04:14 350）
运行消息:[2016-04-13 21:04:35:784] CameraTime:[2016-04-13 21:04:14 721] 右转灯变为绿灯		红灯时长：90秒
运行消息:[2016-04-13 21:04:36:677] CameraTime:[2016-04-13 21:04:15 637] 左转灯变为  红灯					绿灯时长：30秒
运行消息:[2016-04-13 21:04:59:700] CameraTime:[2016-04-13 21:04:38 496] 直行灯有效红灯周期（21:03:45 469 - 21:04:38 399）
运行消息:[2016-04-13 21:04:59:701] CameraTime:[2016-04-13 21:04:38 519] 右转灯变为  红灯					绿灯时长：23秒
运行消息:[2016-04-13 21:04:59:702] CameraTime:[2016-04-13 21:04:38 660] 直行灯变为绿灯		红灯时长：53秒
运行消息:[2016-04-13 21:05:59:682] CameraTime:[2016-04-13 21:05:38 427] 左转灯有效红灯周期（21:04:15 467 - 21:05:38 365）
运行消息:[2016-04-13 21:05:59:843] CameraTime:[2016-04-13 21:05:38 654] 左转灯变为绿灯		红灯时长：82秒
运行消息:[2016-04-13 21:06:00:677] CameraTime:[2016-04-13 21:05:39 534] 直行灯变为  红灯					绿灯时长：60秒
运行消息:[2016-04-13 21:06:29:636] CameraTime:[2016-04-13 21:06:08 434] 右转灯有效红灯周期（21:04:38 369 - 21:06:08 324）
运行消息:[2016-04-13 21:06:29:833] CameraTime:[2016-04-13 21:06:08 719] 右转灯变为绿灯		红灯时长：90秒
运行消息:[2016-04-13 21:06:30:549] CameraTime:[2016-04-13 21:06:09 450] 左转灯变为  红灯					绿灯时长：30秒
运行消息:[2016-04-13 21:06:53:564] CameraTime:[2016-04-13 21:06:32 487] 右转灯变为  红灯					绿灯时长：23秒
运行消息:[2016-04-13 21:06:53:565] CameraTime:[2016-04-13 21:06:32 508] 直行灯有效红灯周期（21:05:39 387 - 21:06:32 435）
运行消息:[2016-04-13 21:06:53:894] CameraTime:[2016-04-13 21:06:32 727] 直行灯变为绿灯		红灯时长：53秒
运行消息:[2016-04-13 21:07:53:483] CameraTime:[2016-04-13 21:07:32 431] 左转灯有效红灯周期（21:06:09 402 - 21:07:32 369）
运行消息:[2016-04-13 21:07:53:883] CameraTime:[2016-04-13 21:07:32 660] 左转灯变为绿灯		红灯时长：83秒
运行消息:[2016-04-13 21:07:54:515] CameraTime:[2016-04-13 21:07:33 462] 直行灯变为  红灯					绿灯时长：60秒
运行消息:[2016-04-13 21:08:23:709] CameraTime:[2016-04-13 21:08:02 462] 右转灯有效红灯周期（21:06:32 376 - 21:08:02 339）
运行消息:[2016-04-13 21:08:23:910] CameraTime:[2016-04-13 21:08:02 740] 右转灯变为绿灯		红灯时长：90秒
运行消息:[2016-04-13 21:08:24:702] CameraTime:[2016-04-13 21:08:03 616] 左转灯变为  红灯					绿灯时长：30秒
运行消息:[2016-04-13 21:08:47:665] CameraTime:[2016-04-13 21:08:26 466] 直行灯有效红灯周期（21:07:33 418 - 21:08:26 365）
运行消息:[2016-04-13 21:08:47:666] CameraTime:[2016-04-13 21:08:26 607] 右转灯变为  红灯					绿灯时长：23秒
运行消息:[2016-04-13 21:08:47:817] CameraTime:[2016-04-13 21:08:26 723] 直行灯变为绿灯		红灯时长：53秒
运行消息:[2016-04-13 21:09:47:460] CameraTime:[2016-04-13 21:09:26 396] 左转灯有效红灯周期（21:08:03 456 - 21:09:26 303）
运行消息:[2016-04-13 21:09:47:811] CameraTime:[2016-04-13 21:09:26 708] 左转灯变为绿灯		红灯时长：83秒
运行消息:[2016-04-13 21:09:48:749] CameraTime:[2016-04-13 21:09:27 540] 直行灯变为  红灯					绿灯时长：60秒
运行消息:[2016-04-13 21:10:17:548] CameraTime:[2016-04-13 21:09:56 486] 右转灯有效红灯周期（21:08:26 444 - 21:09:56 364）
运行消息:[2016-04-13 21:10:18:006] CameraTime:[2016-04-13 21:09:56 750] 右转灯变为绿灯		红灯时长：90秒
运行消息:[2016-04-13 21:10:18:581] CameraTime:[2016-04-13 21:09:57 523] 左转灯变为  红灯					绿灯时长：30秒
运行消息:[2016-04-13 21:10:41:644] CameraTime:[2016-04-13 21:10:20 501] 直行灯有效红灯周期（21:09:27 380 - 21:10:20 391）
运行消息:[2016-04-13 21:10:41:705] CameraTime:[2016-04-13 21:10:20 602] 右转灯变为  红灯					绿灯时长：23秒
运行消息:[2016-04-13 21:10:41:905] CameraTime:[2016-04-13 21:10:20 719] 直行灯变为绿灯		红灯时长：53秒
运行消息:[2016-04-13 21:11:41:629] CameraTime:[2016-04-13 21:11:20 392] 左转灯有效红灯周期（21:09:57 483 - 21:11:20 330）
运行消息:[2016-04-13 21:11:41:833] CameraTime:[2016-04-13 21:11:20 622] 左转灯变为绿灯		红灯时长：83秒
运行消息:[2016-04-13 21:11:42:966] CameraTime:[2016-04-13 21:11:21 615] 直行灯变为  红灯					绿灯时长：60秒
运行消息:[2016-04-13 21:12:11:756] CameraTime:[2016-04-13 21:11:50 520] 右转灯有效红灯周期（21:10:20 401 - 21:11:50 446）
运行消息:[2016-04-13 21:12:11:848] CameraTime:[2016-04-13 21:11:50 741] 右转灯变为绿灯		红灯时长：90秒
运行消息:[2016-04-13 21:12:12:595] CameraTime:[2016-04-13 21:11:51 500] 左转灯变为  红灯					绿灯时长：30秒
运行消息:[2016-04-13 21:12:35:587] CameraTime:[2016-04-13 21:12:14 502] 直行灯有效红灯周期（21:11:21 340 - 21:12:14 382）
运行消息:[2016-04-13 21:12:35:619] CameraTime:[2016-04-13 21:12:14 544] 右转灯变为  红灯					绿灯时长：23秒
运行消息:[2016-04-13 21:12:35:920] CameraTime:[2016-04-13 21:12:14 649] 直行灯变为绿灯		红灯时长：53秒
运行消息:[2016-04-13 21:13:35:559] CameraTime:[2016-04-13 21:13:14 440] 左转灯有效红灯周期（21:11:51 349 - 21:13:14 339）
运行消息:[2016-04-13 21:13:36:011] CameraTime:[2016-04-13 21:13:14 745] 左转灯变为绿灯		红灯时长：83秒
运行消息:[2016-04-13 21:13:36:672] CameraTime:[2016-04-13 21:13:15 558] 直行灯变为  红灯					绿灯时长：60秒
运行消息:[2016-04-13 21:14:05:537] CameraTime:[2016-04-13 21:13:44 461] 右转灯有效红灯周期（21:12:14 432 - 21:13:44 382）
运行消息:[2016-04-13 21:14:05:877] CameraTime:[2016-04-13 21:13:44 661] 右转灯变为绿灯		红灯时长：90秒
运行消息:[2016-04-13 21:14:06:691] CameraTime:[2016-04-13 21:13:45 556] 左转灯变为  红灯					绿灯时长：30秒
运行消息:[2016-04-13 21:14:29:627] CameraTime:[2016-04-13 21:14:08 445] 直行灯有效红灯周期（21:13:15 399 - 21:14:08 376）
运行消息:[2016-04-13 21:14:29:628] CameraTime:[2016-04-13 21:14:08 543] 右转灯变为  红灯					绿灯时长：23秒
运行消息:[2016-04-13 21:14:29:827] CameraTime:[2016-04-13 21:14:08 651] 直行灯变为绿灯		红灯时长：53秒
运行消息:[2016-04-13 21:15:29:505] CameraTime:[2016-04-13 21:15:08 419] 左转灯有效红灯周期（21:13:45 389 - 21:15:08 301）
运行消息:[2016-04-13 21:15:29:976] CameraTime:[2016-04-13 21:15:08 777] 左转灯变为绿灯		红灯时长：83秒
运行消息:[2016-04-13 21:15:30:890] CameraTime:[2016-04-13 21:15:09 653] 直行灯变为  红灯					绿灯时长：60秒
运行消息:[2016-04-13 21:15:59:557] CameraTime:[2016-04-13 21:15:38 471] 右转灯有效红灯周期（21:14:08 386 - 21:15:38 348）
运行消息:[2016-04-13 21:16:00:077] CameraTime:[2016-04-13 21:15:38 858] 右转灯变为绿灯		红灯时长：90秒
运行消息:[2016-04-13 21:16:00:550] CameraTime:[2016-04-13 21:15:39 468] 左转灯变为  红灯					绿灯时长：30秒
运行消息:[2016-04-13 21:16:23:604] CameraTime:[2016-04-13 21:16:02 437] 直行灯有效红灯周期（21:15:09 350 - 21:16:02 317）
运行消息:[2016-04-13 21:16:23:605] CameraTime:[2016-04-13 21:16:02 480] 右转灯变为  红灯					绿灯时长：23秒
运行消息:[2016-04-13 21:16:23:802] CameraTime:[2016-04-13 21:16:02 584] 直行灯变为绿灯		红灯时长：52秒
运行消息:[2016-04-13 21:17:23:564] CameraTime:[2016-04-13 21:17:02 473] 左转灯有效红灯周期（21:15:39 427 - 21:17:02 370）
运行消息:[2016-04-13 21:17:23:805] CameraTime:[2016-04-13 21:17:02 696] 左转灯变为绿灯		红灯时长：83秒
运行消息:[2016-04-13 21:17:24:797] CameraTime:[2016-04-13 21:17:03 493] 直行灯变为  红灯					绿灯时长：60秒
运行消息:[2016-04-13 21:17:53:572] CameraTime:[2016-04-13 21:17:32 451] 右转灯有效红灯周期（21:16:02 327 - 21:17:32 339）
运行消息:[2016-04-13 21:17:53:973] CameraTime:[2016-04-13 21:17:32 702] 右转灯变为绿灯		红灯时长：90秒
运行消息:[2016-04-13 21:17:54:745] CameraTime:[2016-04-13 21:17:33 660] 左转灯变为  红灯					绿灯时长：30秒
运行消息:[2016-04-13 21:18:17:576] CameraTime:[2016-04-13 21:17:56 398] 直行灯有效红灯周期（21:17:03 392 - 21:17:56 331）
运行消息:[2016-04-13 21:18:17:578] CameraTime:[2016-04-13 21:17:56 487] 右转灯变为  红灯					绿灯时长：23秒
运行消息:[2016-04-13 21:18:17:770] CameraTime:[2016-04-13 21:17:56 613] 直行灯变为绿灯		红灯时长：53秒
运行消息:[2016-04-13 21:19:17:933] CameraTime:[2016-04-13 21:18:56 395] 左转灯有效红灯周期（21:17:33 375 - 21:18:56 277）
运行消息:[2016-04-13 21:19:17:935] CameraTime:[2016-04-13 21:18:56 676] 左转灯变为绿灯		红灯时长：83秒
运行消息:[2016-04-13 21:19:18:557] CameraTime:[2016-04-13 21:18:57 467] 直行灯变为  红灯					绿灯时长：60秒
运行消息:[2016-04-13 21:19:47:492] CameraTime:[2016-04-13 21:19:26 395] 右转灯有效红灯周期（21:17:56 391 - 21:19:26 325）
运行消息:[2016-04-13 21:19:47:902] CameraTime:[2016-04-13 21:19:26 614] 右转灯变为绿灯		红灯时长：90秒
运行消息:[2016-04-13 21:19:48:735] CameraTime:[2016-04-13 21:19:27 452] 左转灯变为  红灯					绿灯时长：30秒
运行消息:[2016-04-13 21:20:11:586] CameraTime:[2016-04-13 21:19:50 428] 直行灯有效红灯周期（21:18:57 315 - 21:19:50 329）
运行消息:[2016-04-13 21:20:11:785] CameraTime:[2016-04-13 21:19:50 686] 直行灯变为绿灯		红灯时长：53秒
运行消息:[2016-04-13 21:20:11:786] CameraTime:[2016-04-13 21:19:50 687] 右转灯变为  红灯					绿灯时长：24秒
运行消息:[2016-04-13 21:21:11:484] CameraTime:[2016-04-13 21:20:50 384] 左转灯有效红灯周期（21:19:27 413 - 21:20:50 283）
运行消息:[2016-04-13 21:21:11:945] CameraTime:[2016-04-13 21:20:50 668] 左转灯变为绿灯		红灯时长：83秒
运行消息:[2016-04-13 21:21:12:680] CameraTime:[2016-04-13 21:20:51 385] 直行灯变为  红灯					绿灯时长：60秒
运行消息:[2016-04-13 21:21:41:526] CameraTime:[2016-04-13 21:21:20 419] 右转灯有效红灯周期（21:19:50 339 - 21:21:20 298）
运行消息:[2016-04-13 21:21:41:916] CameraTime:[2016-04-13 21:21:20 689] 右转灯变为绿灯		红灯时长：90秒
运行消息:[2016-04-13 21:21:42:684] CameraTime:[2016-04-13 21:21:21 457] 左转灯变为  红灯					绿灯时长：30秒
运行消息:[2016-04-13 21:22:05:477] CameraTime:[2016-04-13 21:21:44 370] 右转灯变为  红灯					绿灯时长：23秒
运行消息:[2016-04-13 21:22:05:508] CameraTime:[2016-04-13 21:21:44 394] 直行灯有效红灯周期（21:20:51 343 - 21:21:44 324）
运行消息:[2016-04-13 21:22:05:719] CameraTime:[2016-04-13 21:21:44 613] 直行灯变为绿灯		红灯时长：53秒
运行消息:[2016-04-13 21:23:05:645] CameraTime:[2016-04-13 21:22:44 380] 左转灯有效红灯周期（21:21:21 351 - 21:22:44 288）
运行消息:[2016-04-13 21:23:05:846] CameraTime:[2016-04-13 21:22:44 667] 左转灯变为绿灯		红灯时长：83秒
运行消息:[2016-04-13 21:23:06:844] CameraTime:[2016-04-13 21:22:45 688] 直行灯变为  红灯					绿灯时长：61秒
运行消息:[2016-04-13 21:23:35:834] CameraTime:[2016-04-13 21:23:14 402] 右转灯有效红灯周期（21:21:44 334 - 21:23:14 264）
运行消息:[2016-04-13 21:23:35:837] CameraTime:[2016-04-13 21:23:14 663] 右转灯变为绿灯		红灯时长：90秒
运行消息:[2016-04-13 21:23:36:510] CameraTime:[2016-04-13 21:23:15 378] 左转灯变为  红灯					绿灯时长：30秒
运行消息:[2016-04-13 21:23:59:609] CameraTime:[2016-04-13 21:23:38 454] 直行灯有效红灯周期（21:22:45 341 - 21:23:38 334）
运行消息:[2016-04-13 21:23:59:610] CameraTime:[2016-04-13 21:23:38 495] 右转灯变为  红灯					绿灯时长：23秒
运行消息:[2016-04-13 21:23:59:808] CameraTime:[2016-04-13 21:23:38 606] 直行灯变为绿灯		红灯时长：52秒
运行消息:[2016-04-13 21:24:59:674] CameraTime:[2016-04-13 21:24:38 429] 左转灯有效红灯周期（21:23:15 341 - 21:24:38 334）
运行消息:[2016-04-13 21:24:59:885] CameraTime:[2016-04-13 21:24:38 702] 左转灯变为绿灯		红灯时长：83秒
运行消息:[2016-04-13 21:25:00:708] CameraTime:[2016-04-13 21:24:39 495] 直行灯变为  红灯					绿灯时长：60秒
运行消息:[2016-04-13 21:25:29:680] CameraTime:[2016-04-13 21:25:08 428] 右转灯有效红灯周期（21:23:38 384 - 21:25:08 286）
运行消息:[2016-04-13 21:25:29:892] CameraTime:[2016-04-13 21:25:08 669] 右转灯变为绿灯		红灯时长：90秒
运行消息:[2016-04-13 21:25:30:690] CameraTime:[2016-04-13 21:25:09 557] 左转灯变为  红灯					绿灯时长：30秒
运行消息:[2016-04-13 21:25:53:681] CameraTime:[2016-04-13 21:25:32 445] 直行灯有效红灯周期（21:24:39 332 - 21:25:32 326）
运行消息:[2016-04-13 21:25:53:682] CameraTime:[2016-04-13 21:25:32 486] 右转灯变为  红灯					绿灯时长：23秒
运行消息:[2016-04-13 21:25:53:882] CameraTime:[2016-04-13 21:25:32 617] 直行灯变为绿灯		红灯时长：53秒
运行消息:[2016-04-13 21:26:53:493] CameraTime:[2016-04-13 21:26:32 338] 左转灯有效红灯周期（21:25:09 335 - 21:26:32 247）
运行消息:[2016-04-13 21:26:53:893] CameraTime:[2016-04-13 21:26:32 608] 左转灯变为绿灯		红灯时长：83秒
运行消息:[2016-04-13 21:26:54:680] CameraTime:[2016-04-13 21:26:33 473] 直行灯变为  红灯					绿灯时长：60秒
运行消息:[2016-04-13 21:27:23:496] CameraTime:[2016-04-13 21:27:02 364] 右转灯有效红灯周期（21:25:32 336 - 21:27:02 246）
运行消息:[2016-04-13 21:27:23:877] CameraTime:[2016-04-13 21:27:02 611] 右转灯变为绿灯		红灯时长：90秒
运行消息:[2016-04-13 21:27:24:680] CameraTime:[2016-04-13 21:27:03 462] 左转灯变为  红灯					绿灯时长：30秒
运行消息:[2016-04-13 21:27:47:731] CameraTime:[2016-04-13 21:27:26 429] 右转灯变为  红灯					绿灯时长：23秒
运行消息:[2016-04-13 21:27:47:731] CameraTime:[2016-04-13 21:27:26 462] 直行灯有效红灯周期（21:26:33 324 - 21:27:26 298）
运行消息:[2016-04-13 21:27:47:932] CameraTime:[2016-04-13 21:27:26 772] 直行灯变为绿灯		红灯时长：53秒
运行消息:[2016-04-13 21:28:47:470] CameraTime:[2016-04-13 21:28:26 345] 左转灯有效红灯周期（21:27:03 324 - 21:28:26 283）
运行消息:[2016-04-13 21:28:47:942] CameraTime:[2016-04-13 21:28:26 613] 左转灯变为绿灯		红灯时长：83秒
运行消息:[2016-04-13 21:28:48:826] CameraTime:[2016-04-13 21:28:27 497] 直行灯变为  红灯					绿灯时长：60秒
运行消息:[2016-04-13 21:29:17:551] CameraTime:[2016-04-13 21:28:56 357] 右转灯有效红灯周期（21:27:26 308 - 21:28:56 237）
运行消息:[2016-04-13 21:29:17:832] CameraTime:[2016-04-13 21:28:56 672] 右转灯变为绿灯		红灯时长：90秒
运行消息:[2016-04-13 21:29:18:703] CameraTime:[2016-04-13 21:28:57 433] 左转灯变为  红灯					绿灯时长：30秒
运行消息:[2016-04-13 21:29:41:600] CameraTime:[2016-04-13 21:29:20 386] 直行灯有效红灯周期（21:28:27 349 - 21:29:20 270）
运行消息:[2016-04-13 21:29:41:601] CameraTime:[2016-04-13 21:29:20 430] 右转灯变为  红灯					绿灯时长：23秒
运行消息:[2016-04-13 21:29:41:802] CameraTime:[2016-04-13 21:29:20 544] 直行灯变为绿灯		红灯时长：53秒
运行消息:[2016-04-13 21:30:41:655] CameraTime:[2016-04-13 21:30:20 344] 左转灯有效红灯周期（21:28:57 327 - 21:30:20 261）
运行消息:[2016-04-13 21:30:41:856] CameraTime:[2016-04-13 21:30:20 552] 左转灯变为绿灯		红灯时长：83秒
运行消息:[2016-04-13 21:30:42:730] CameraTime:[2016-04-13 21:30:21 467] 直行灯变为  红灯					绿灯时长：60秒
运行消息:[2016-04-13 21:31:11:691] CameraTime:[2016-04-13 21:30:50 387] 右转灯有效红灯周期（21:29:20 280 - 21:30:50 265）
运行消息:[2016-04-13 21:31:11:863] CameraTime:[2016-04-13 21:30:50 705] 右转灯变为绿灯		红灯时长：90秒
运行消息:[2016-04-13 21:31:12:634] CameraTime:[2016-04-13 21:30:51 499] 左转灯变为  红灯					绿灯时长：30秒
运行消息:[2016-04-13 21:31:35:683] CameraTime:[2016-04-13 21:31:14 358] 直行灯有效红灯周期（21:30:21 312 - 21:31:14 262）
运行消息:[2016-04-13 21:31:35:684] CameraTime:[2016-04-13 21:31:14 383] 右转灯变为  红灯					绿灯时长：23秒
运行消息:[2016-04-13 21:31:35:885] CameraTime:[2016-04-13 21:31:14 615] 直行灯变为绿灯		红灯时长：53秒
运行消息:[2016-04-13 21:32:35:634] CameraTime:[2016-04-13 21:32:14 339] 左转灯有效红灯周期（21:30:51 355 - 21:32:14 277）
运行消息:[2016-04-13 21:32:35:904] CameraTime:[2016-04-13 21:32:14 603] 左转灯变为绿灯		红灯时长：83秒
运行消息:[2016-04-13 21:32:36:828] CameraTime:[2016-04-13 21:32:15 515] 直行灯变为  红灯					绿灯时长：60秒
运行消息:[2016-04-13 21:33:05:476] CameraTime:[2016-04-13 21:32:44 337] 右转灯有效红灯周期（21:31:14 340 - 21:32:44 257）
运行消息:[2016-04-13 21:33:05:875] CameraTime:[2016-04-13 21:32:44 536] 右转灯变为绿灯		红灯时长：90秒
运行消息:[2016-04-13 21:33:06:728] CameraTime:[2016-04-13 21:32:45 394] 左转灯变为  红灯					绿灯时长：30秒
运行消息:[2016-04-13 21:33:29:658] CameraTime:[2016-04-13 21:33:08 350] 直行灯有效红灯周期（21:32:15 365 - 21:33:08 280）
运行消息:[2016-04-13 21:33:29:659] CameraTime:[2016-04-13 21:33:08 442] 右转灯变为  红灯					绿灯时长：23秒
运行消息:[2016-04-13 21:33:29:868] CameraTime:[2016-04-13 21:33:08 605] 直行灯变为绿灯		红灯时长：53秒
运行消息:[2016-04-13 21:34:29:508] CameraTime:[2016-04-13 21:34:08 363] 左转灯有效红灯周期（21:32:45 279 - 21:34:08 272）
运行消息:[2016-04-13 21:34:29:767] CameraTime:[2016-04-13 21:34:08 626] 左转灯变为绿灯		红灯时长：83秒
运行消息:[2016-04-13 21:34:30:728] CameraTime:[2016-04-13 21:34:09 389] 直行灯变为  红灯					绿灯时长：60秒
运行消息:[2016-04-13 21:34:59:560] CameraTime:[2016-04-13 21:34:38 341] 右转灯有效红灯周期（21:33:08 290 - 21:34:38 226）
运行消息:[2016-04-13 21:34:59:971] CameraTime:[2016-04-13 21:34:38 662] 右转灯变为绿灯		红灯时长：90秒
运行消息:[2016-04-13 21:35:00:721] CameraTime:[2016-04-13 21:34:39 459] 左转灯变为  红灯					绿灯时长：30秒
运行消息:[2016-04-13 21:35:23:713] CameraTime:[2016-04-13 21:35:02 411] 直行灯有效红灯周期（21:34:09 347 - 21:35:02 291）
运行消息:[2016-04-13 21:35:23:714] CameraTime:[2016-04-13 21:35:02 564] 右转灯变为  红灯					绿灯时长：23秒
运行消息:[2016-04-13 21:35:23:715] CameraTime:[2016-04-13 21:35:02 563] 直行灯变为绿灯		红灯时长：53秒
运行消息:[2016-04-13 21:36:23:492] CameraTime:[2016-04-13 21:36:02 340] 左转灯有效红灯周期（21:34:39 297 - 21:36:02 223）
运行消息:[2016-04-13 21:36:23:973] CameraTime:[2016-04-13 21:36:02 623] 左转灯变为绿灯		红灯时长：83秒
运行消息:[2016-04-13 21:36:24:806] CameraTime:[2016-04-13 21:36:03 576] 直行灯变为  红灯					绿灯时长：61秒
