运行消息:[2016-04-13 20:49:23:485] CameraTime:[2016-04-13 20:49:02 561] 左转灯有效红灯周期（20:47:40 135 - 20:49:02 443）
运行消息:[2016-04-13 20:49:23:490] CameraTime:[2016-04-13 20:49:02 574] 直行灯有效红灯周期（20:47:40 135 - 20:49:02 482）
运行消息:[2016-04-13 20:49:23:718] CameraTime:[2016-04-13 20:49:02 811] 左转灯变为绿灯		红灯时长：83秒
运行消息:[2016-04-13 20:49:23:719] CameraTime:[2016-04-13 20:49:02 811] 直行灯变为绿灯		红灯时长：83秒
运行消息:[2016-04-13 20:49:47:671] CameraTime:[2016-04-13 20:49:26 679] 左转灯变为  红灯					绿灯时长：23秒
运行消息:[2016-04-13 20:49:47:671] CameraTime:[2016-04-13 20:49:26 680] 直行灯变为  红灯					绿灯时长：23秒
运行消息:[2016-04-13 20:51:17:487] CameraTime:[2016-04-13 20:50:56 553] 左转灯有效红灯周期（20:49:26 562 - 20:50:56 435）
运行消息:[2016-04-13 20:51:17:489] CameraTime:[2016-04-13 20:50:56 568] 直行灯有效红灯周期（20:49:28 522 - 20:50:56 476）
运行消息:[2016-04-13 20:51:17:728] CameraTime:[2016-04-13 20:50:56 812] 左转灯变为绿灯		红灯时长：90秒
运行消息:[2016-04-13 20:51:17:729] CameraTime:[2016-04-13 20:50:56 813] 直行灯变为绿灯		红灯时长：90秒
运行消息:[2016-04-13 20:51:41:508] CameraTime:[2016-04-13 20:51:20 589] 左转灯变为  红灯					绿灯时长：23秒
运行消息:[2016-04-13 20:51:41:510] CameraTime:[2016-04-13 20:51:20 589] 直行灯变为  红灯					绿灯时长：23秒
运行消息:[2016-04-13 20:53:11:473] CameraTime:[2016-04-13 20:52:50 551] 直行灯有效红灯周期（20:51:22 525 - 20:52:50 459）
运行消息:[2016-04-13 20:53:11:669] CameraTime:[2016-04-13 20:52:50 670] 左转灯有效红灯周期（20:51:20 552 - 20:52:50 580）
运行消息:[2016-04-13 20:53:11:839] CameraTime:[2016-04-13 20:52:50 798] 直行灯变为绿灯		红灯时长：90秒
运行消息:[2016-04-13 20:53:11:840] CameraTime:[2016-04-13 20:52:50 917] 左转灯变为绿灯		红灯时长：90秒
运行消息:[2016-04-13 20:53:35:612] CameraTime:[2016-04-13 20:53:14 685] 左转灯变为  红灯					绿灯时长：23秒
运行消息:[2016-04-13 20:53:35:613] CameraTime:[2016-04-13 20:53:14 686] 直行灯变为  红灯					绿灯时长：23秒
运行消息:[2016-04-13 20:55:05:486] CameraTime:[2016-04-13 20:54:44 544] 左转灯有效红灯周期（20:53:14 543 - 20:54:44 426）
运行消息:[2016-04-13 20:55:05:487] CameraTime:[2016-04-13 20:54:44 556] 直行灯有效红灯周期（20:53:16 383 - 20:54:44 466）
运行消息:[2016-04-13 20:55:05:737] CameraTime:[2016-04-13 20:54:44 804] 左转灯变为绿灯		红灯时长：90秒
运行消息:[2016-04-13 20:55:05:738] CameraTime:[2016-04-13 20:54:44 805] 直行灯变为绿灯		红灯时长：90秒
运行消息:[2016-04-13 20:55:29:730] CameraTime:[2016-04-13 20:55:08 692] 左转灯变为  红灯					绿灯时长：23秒
运行消息:[2016-04-13 20:55:29:731] CameraTime:[2016-04-13 20:55:08 695] 直行灯变为  红灯					绿灯时长：23秒
运行消息:[2016-04-13 20:56:59:446] CameraTime:[2016-04-13 20:56:38 507] 左转灯有效红灯周期（20:55:08 478 - 20:56:38 417）
运行消息:[2016-04-13 20:56:59:638] CameraTime:[2016-04-13 20:56:38 546] 直行灯有效红灯周期（20:55:10 225 - 20:56:38 484）
运行消息:[2016-04-13 20:56:59:687] CameraTime:[2016-04-13 20:56:38 749] 左转灯变为绿灯		红灯时长：90秒
运行消息:[2016-04-13 20:56:59:688] CameraTime:[2016-04-13 20:56:38 754] 直行灯变为绿灯		红灯时长：90秒
运行消息:[2016-04-13 20:57:23:671] CameraTime:[2016-04-13 20:57:02 642] 左转灯变为  红灯					绿灯时长：23秒
运行消息:[2016-04-13 20:57:23:672] CameraTime:[2016-04-13 20:57:02 642] 直行灯变为  红灯					绿灯时长：23秒
运行消息:[2016-04-13 20:58:53:666] CameraTime:[2016-04-13 20:58:32 533] 左转灯有效红灯周期（20:57:02 501 - 20:58:32 469）
运行消息:[2016-04-13 20:58:53:667] CameraTime:[2016-04-13 20:58:32 539] 直行灯有效红灯周期（20:57:04 529 - 20:58:32 469）
运行消息:[2016-04-13 20:58:53:838] CameraTime:[2016-04-13 20:58:32 737] 直行灯变为绿灯		红灯时长：90秒
运行消息:[2016-04-13 20:58:54:059] CameraTime:[2016-04-13 20:58:33 093] 左转灯变为绿灯		红灯时长：90秒
运行消息:[2016-04-13 20:59:17:567] CameraTime:[2016-04-13 20:58:56 620] 左转灯变为  红灯					绿灯时长：23秒
运行消息:[2016-04-13 20:59:17:568] CameraTime:[2016-04-13 20:58:56 620] 直行灯变为  红灯					绿灯时长：23秒
运行消息:[2016-04-13 21:00:47:647] CameraTime:[2016-04-13 21:00:26 504] 左转灯有效红灯周期（20:58:56 502 - 21:00:26 412）
运行消息:[2016-04-13 21:00:47:648] CameraTime:[2016-04-13 21:00:26 506] 直行灯有效红灯周期（20:58:58 424 - 21:00:26 412）
运行消息:[2016-04-13 21:00:47:689] CameraTime:[2016-04-13 21:00:26 744] 左转灯变为绿灯		红灯时长：90秒
运行消息:[2016-04-13 21:00:47:690] CameraTime:[2016-04-13 21:00:26 745] 直行灯变为绿灯		红灯时长：90秒
运行消息:[2016-04-13 21:01:12:671] CameraTime:[2016-04-13 21:00:50 530] 左转灯变为  红灯					绿灯时长：23秒
运行消息:[2016-04-13 21:01:12:674] CameraTime:[2016-04-13 21:00:50 532] 直行灯变为  红灯					绿灯时长：23秒
运行消息:[2016-04-13 21:02:41:480] CameraTime:[2016-04-13 21:02:20 523] 左转灯有效红灯周期（21:00:50 504 - 21:02:20 405）
运行消息:[2016-04-13 21:02:41:481] CameraTime:[2016-04-13 21:02:20 524] 直行灯有效红灯周期（21:00:52 358 - 21:02:20 405）
运行消息:[2016-04-13 21:02:41:726] CameraTime:[2016-04-13 21:02:20 773] 左转灯变为绿灯		红灯时长：90秒
运行消息:[2016-04-13 21:02:41:727] CameraTime:[2016-04-13 21:02:20 773] 直行灯变为绿灯		红灯时长：90秒
运行消息:[2016-04-13 21:03:05:569] CameraTime:[2016-04-13 21:02:44 568] 左转灯变为  红灯					绿灯时长：23秒
运行消息:[2016-04-13 21:03:05:570] CameraTime:[2016-04-13 21:02:44 569] 直行灯变为  红灯					绿灯时长：23秒
运行消息:[2016-04-13 21:04:35:625] CameraTime:[2016-04-13 21:04:14 516] 左转灯有效红灯周期（21:02:44 533 - 21:04:14 398）
运行消息:[2016-04-13 21:04:35:626] CameraTime:[2016-04-13 21:04:14 517] 直行灯有效红灯周期（21:02:46 214 - 21:04:14 398）
运行消息:[2016-04-13 21:04:35:737] CameraTime:[2016-04-13 21:04:14 770] 左转灯变为绿灯		红灯时长：90秒
运行消息:[2016-04-13 21:04:35:738] CameraTime:[2016-04-13 21:04:14 770] 直行灯变为绿灯		红灯时长：90秒
运行消息:[2016-04-13 21:04:59:641] CameraTime:[2016-04-13 21:04:38 542] 左转灯变为  红灯					绿灯时长：23秒
运行消息:[2016-04-13 21:04:59:643] CameraTime:[2016-04-13 21:04:38 550] 直行灯变为  红灯					绿灯时长：23秒
运行消息:[2016-04-13 21:06:29:599] CameraTime:[2016-04-13 21:06:08 533] 左转灯有效红灯周期（21:04:38 459 - 21:06:08 414）
运行消息:[2016-04-13 21:06:29:600] CameraTime:[2016-04-13 21:06:08 534] 直行灯有效红灯周期（21:04:40 447 - 21:06:08 414）
运行消息:[2016-04-13 21:06:29:812] CameraTime:[2016-04-13 21:06:08 796] 直行灯变为绿灯		红灯时长：90秒
运行消息:[2016-04-13 21:06:30:033] CameraTime:[2016-04-13 21:06:09 016] 左转灯变为绿灯		红灯时长：90秒
运行消息:[2016-04-13 21:06:53:661] CameraTime:[2016-04-13 21:06:32 567] 左转灯变为  红灯					绿灯时长：23秒
运行消息:[2016-04-13 21:06:53:661] CameraTime:[2016-04-13 21:06:32 568] 直行灯变为  红灯					绿灯时长：23秒
运行消息:[2016-04-13 21:08:23:640] CameraTime:[2016-04-13 21:08:02 480] 左转灯有效红灯周期（21:06:32 467 - 21:08:02 415）
运行消息:[2016-04-13 21:08:23:641] CameraTime:[2016-04-13 21:08:02 481] 直行灯有效红灯周期（21:06:34 335 - 21:08:02 415）
运行消息:[2016-04-13 21:08:23:781] CameraTime:[2016-04-13 21:08:02 691] 左转灯变为绿灯		红灯时长：90秒
运行消息:[2016-04-13 21:08:23:782] CameraTime:[2016-04-13 21:08:02 692] 直行灯变为绿灯		红灯时长：90秒
运行消息:[2016-04-13 21:08:47:518] CameraTime:[2016-04-13 21:08:26 544] 左转灯变为  红灯					绿灯时长：23秒
运行消息:[2016-04-13 21:08:47:519] CameraTime:[2016-04-13 21:08:26 545] 直行灯变为  红灯					绿灯时长：23秒
运行消息:[2016-04-13 21:10:17:682] CameraTime:[2016-04-13 21:09:56 505] 左转灯有效红灯周期（21:08:26 534 - 21:09:56 414）
运行消息:[2016-04-13 21:10:17:682] CameraTime:[2016-04-13 21:09:56 506] 直行灯有效红灯周期（21:08:28 385 - 21:09:56 414）
运行消息:[2016-04-13 21:10:17:743] CameraTime:[2016-04-13 21:09:56 758] 直行灯变为绿灯		红灯时长：90秒
运行消息:[2016-04-13 21:10:18:104] CameraTime:[2016-04-13 21:09:56 995] 左转灯变为绿灯		红灯时长：90秒
运行消息:[2016-04-13 21:10:41:723] CameraTime:[2016-04-13 21:10:20 647] 左转灯变为  红灯					绿灯时长：23秒
运行消息:[2016-04-13 21:10:41:724] CameraTime:[2016-04-13 21:10:20 647] 直行灯变为  红灯					绿灯时长：23秒
运行消息:[2016-04-13 21:12:11:468] CameraTime:[2016-04-13 21:11:50 479] 左转灯有效红灯周期（21:10:20 425 - 21:11:50 389）
运行消息:[2016-04-13 21:12:11:469] CameraTime:[2016-04-13 21:11:50 481] 直行灯有效红灯周期（21:10:22 425 - 21:11:50 389）
运行消息:[2016-04-13 21:12:11:720] CameraTime:[2016-04-13 21:11:50 730] 直行灯变为绿灯		红灯时长：90秒
运行消息:[2016-04-13 21:12:11:720] CameraTime:[2016-04-13 21:11:50 729] 左转灯变为绿灯		红灯时长：90秒
运行消息:[2016-04-13 21:12:35:620] CameraTime:[2016-04-13 21:12:14 500] 左转灯变为  红灯					绿灯时长：23秒
运行消息:[2016-04-13 21:12:35:621] CameraTime:[2016-04-13 21:12:14 500] 直行灯变为  红灯					绿灯时长：23秒
运行消息:[2016-04-13 21:14:05:478] CameraTime:[2016-04-13 21:13:44 482] 左转灯有效红灯周期（21:12:14 470 - 21:13:44 364）
运行消息:[2016-04-13 21:14:05:479] CameraTime:[2016-04-13 21:13:44 483] 直行灯有效红灯周期（21:12:16 163 - 21:13:44 364）
运行消息:[2016-04-13 21:14:05:799] CameraTime:[2016-04-13 21:13:44 737] 直行灯变为绿灯		红灯时长：90秒
运行消息:[2016-04-13 21:14:05:900] CameraTime:[2016-04-13 21:13:44 855] 左转灯变为绿灯		红灯时长：90秒
运行消息:[2016-04-13 21:14:29:686] CameraTime:[2016-04-13 21:14:08 605] 左转灯变为  红灯					绿灯时长：23秒
运行消息:[2016-04-13 21:14:29:687] CameraTime:[2016-04-13 21:14:08 606] 直行灯变为  红灯					绿灯时长：23秒
运行消息:[2016-04-13 21:15:59:629] CameraTime:[2016-04-13 21:15:38 478] 左转灯有效红灯周期（21:14:08 477 - 21:15:38 359）
运行消息:[2016-04-13 21:15:59:630] CameraTime:[2016-04-13 21:15:38 479] 直行灯有效红灯周期（21:14:10 397 - 21:15:38 359）
运行消息:[2016-04-13 21:15:59:730] CameraTime:[2016-04-13 21:15:38 733] 左转灯变为绿灯		红灯时长：90秒
运行消息:[2016-04-13 21:15:59:731] CameraTime:[2016-04-13 21:15:38 733] 直行灯变为绿灯		红灯时长：90秒
运行消息:[2016-04-13 21:16:23:568] CameraTime:[2016-04-13 21:16:02 493] 左转灯变为  红灯					绿灯时长：23秒
运行消息:[2016-04-13 21:16:23:570] CameraTime:[2016-04-13 21:16:02 494] 直行灯变为  红灯					绿灯时长：23秒
运行消息:[2016-04-13 21:17:53:472] CameraTime:[2016-04-13 21:17:32 468] 左转灯有效红灯周期（21:16:02 417 - 21:17:32 349）
运行消息:[2016-04-13 21:17:53:674] CameraTime:[2016-04-13 21:17:32 483] 直行灯有效红灯周期（21:16:04 407 - 21:17:32 390）
运行消息:[2016-04-13 21:17:53:718] CameraTime:[2016-04-13 21:17:32 715] 左转灯变为绿灯		红灯时长：90秒
运行消息:[2016-04-13 21:17:53:719] CameraTime:[2016-04-13 21:17:32 716] 直行灯变为绿灯		红灯时长：90秒
运行消息:[2016-04-13 21:18:17:725] CameraTime:[2016-04-13 21:17:56 627] 左转灯变为  红灯					绿灯时长：23秒
运行消息:[2016-04-13 21:18:17:726] CameraTime:[2016-04-13 21:17:56 627] 直行灯变为  红灯					绿灯时长：23秒
运行消息:[2016-04-13 21:19:47:641] CameraTime:[2016-04-13 21:19:26 439] 左转灯有效红灯周期（21:17:56 470 - 21:19:26 348）
运行消息:[2016-04-13 21:19:47:642] CameraTime:[2016-04-13 21:19:26 441] 直行灯有效红灯周期（21:17:58 390 - 21:19:26 348）
运行消息:[2016-04-13 21:19:47:701] CameraTime:[2016-04-13 21:19:26 689] 左转灯变为绿灯		红灯时长：90秒
运行消息:[2016-04-13 21:19:47:702] CameraTime:[2016-04-13 21:19:26 690] 直行灯变为绿灯		红灯时长：90秒
运行消息:[2016-04-13 21:20:11:587] CameraTime:[2016-04-13 21:19:50 437] 直行灯变为  红灯					绿灯时长：23秒
运行消息:[2016-04-13 21:20:11:588] CameraTime:[2016-04-13 21:19:50 572] 左转灯变为  红灯					绿灯时长：23秒
运行消息:[2016-04-13 21:21:41:460] CameraTime:[2016-04-13 21:21:20 440] 左转灯有效红灯周期（21:19:50 431 - 21:21:20 377）
运行消息:[2016-04-13 21:21:41:462] CameraTime:[2016-04-13 21:21:20 441] 直行灯有效红灯周期（21:19:52 350 - 21:21:20 377）
运行消息:[2016-04-13 21:21:41:804] CameraTime:[2016-04-13 21:21:20 647] 直行灯变为绿灯		红灯时长：90秒
运行消息:[2016-04-13 21:21:42:025] CameraTime:[2016-04-13 21:21:21 007] 左转灯变为绿灯		红灯时长：90秒
运行消息:[2016-04-13 21:22:05:644] CameraTime:[2016-04-13 21:21:44 537] 左转灯变为  红灯					绿灯时长：23秒
运行消息:[2016-04-13 21:22:05:645] CameraTime:[2016-04-13 21:21:44 538] 直行灯变为  红灯					绿灯时长：23秒
运行消息:[2016-04-13 21:23:35:653] CameraTime:[2016-04-13 21:23:14 445] 左转灯有效红灯周期（21:21:44 439 - 21:23:14 384）
运行消息:[2016-04-13 21:23:35:654] CameraTime:[2016-04-13 21:23:14 446] 直行灯有效红灯周期（21:21:46 426 - 21:23:14 384）
运行消息:[2016-04-13 21:23:35:682] CameraTime:[2016-04-13 21:23:14 654] 左转灯变为绿灯		红灯时长：90秒
运行消息:[2016-04-13 21:23:35:683] CameraTime:[2016-04-13 21:23:14 655] 直行灯变为绿灯		红灯时长：90秒
运行消息:[2016-04-13 21:23:59:673] CameraTime:[2016-04-13 21:23:38 652] 左转灯变为  红灯					绿灯时长：23秒
运行消息:[2016-04-13 21:23:59:674] CameraTime:[2016-04-13 21:23:38 652] 直行灯变为  红灯					绿灯时长：23秒
运行消息:[2016-04-13 21:25:29:485] CameraTime:[2016-04-13 21:25:08 455] 直行灯有效红灯周期（21:23:40 421 - 21:25:08 337）
运行消息:[2016-04-13 21:25:29:486] CameraTime:[2016-04-13 21:25:08 454] 左转灯有效红灯周期（21:23:38 436 - 21:25:08 337）
运行消息:[2016-04-13 21:25:29:736] CameraTime:[2016-04-13 21:25:08 709] 左转灯变为绿灯		红灯时长：90秒
运行消息:[2016-04-13 21:25:29:737] CameraTime:[2016-04-13 21:25:08 709] 直行灯变为绿灯		红灯时长：90秒
运行消息:[2016-04-13 21:25:53:642] CameraTime:[2016-04-13 21:25:32 611] 左转灯变为  红灯					绿灯时长：23秒
运行消息:[2016-04-13 21:25:53:642] CameraTime:[2016-04-13 21:25:32 611] 直行灯变为  红灯					绿灯时长：23秒
运行消息:[2016-04-13 21:27:23:469] CameraTime:[2016-04-13 21:27:02 430] 左转灯有效红灯周期（21:25:32 456 - 21:27:02 339）
运行消息:[2016-04-13 21:27:23:589] CameraTime:[2016-04-13 21:27:02 434] 直行灯有效红灯周期（21:25:34 375 - 21:27:02 339）
运行消息:[2016-04-13 21:27:23:740] CameraTime:[2016-04-13 21:27:02 667] 左转灯变为绿灯		红灯时长：90秒
运行消息:[2016-04-13 21:27:23:741] CameraTime:[2016-04-13 21:27:02 668] 直行灯变为绿灯		红灯时长：90秒
运行消息:[2016-04-13 21:27:47:581] CameraTime:[2016-04-13 21:27:26 454] 左转灯变为  红灯					绿灯时长：23秒
运行消息:[2016-04-13 21:27:47:583] CameraTime:[2016-04-13 21:27:26 454] 直行灯变为  红灯					绿灯时长：23秒
运行消息:[2016-04-13 21:29:17:596] CameraTime:[2016-04-13 21:28:56 418] 左转灯有效红灯周期（21:27:26 418 - 21:28:56 327）
运行消息:[2016-04-13 21:29:17:598] CameraTime:[2016-04-13 21:28:56 419] 直行灯有效红灯周期（21:27:28 351 - 21:28:56 327）
运行消息:[2016-04-13 21:29:17:757] CameraTime:[2016-04-13 21:28:56 663] 左转灯变为绿灯		红灯时长：90秒
运行消息:[2016-04-13 21:29:17:758] CameraTime:[2016-04-13 21:28:56 671] 直行灯变为绿灯		红灯时长：90秒
运行消息:[2016-04-13 21:29:41:594] CameraTime:[2016-04-13 21:29:20 550] 左转灯变为  红灯					绿灯时长：23秒
运行消息:[2016-04-13 21:29:41:595] CameraTime:[2016-04-13 21:29:20 551] 直行灯变为  红灯					绿灯时长：23秒
运行消息:[2016-04-13 21:31:11:465] CameraTime:[2016-04-13 21:30:50 409] 左转灯有效红灯周期（21:29:20 410 - 21:30:50 318）
运行消息:[2016-04-13 21:31:11:644] CameraTime:[2016-04-13 21:30:50 412] 直行灯有效红灯周期（21:29:22 330 - 21:30:50 318）
运行消息:[2016-04-13 21:31:11:755] CameraTime:[2016-04-13 21:30:50 657] 左转灯变为绿灯		红灯时长：90秒
运行消息:[2016-04-13 21:31:11:756] CameraTime:[2016-04-13 21:30:50 658] 直行灯变为绿灯		红灯时长：90秒
运行消息:[2016-04-13 21:31:35:598] CameraTime:[2016-04-13 21:31:14 547] 左转灯变为  红灯					绿灯时长：23秒
运行消息:[2016-04-13 21:31:35:599] CameraTime:[2016-04-13 21:31:14 547] 直行灯变为  红灯					绿灯时长：23秒
运行消息:[2016-04-13 21:33:05:468] CameraTime:[2016-04-13 21:32:44 412] 左转灯有效红灯周期（21:31:14 406 - 21:32:44 349）
运行消息:[2016-04-13 21:33:05:541] CameraTime:[2016-04-13 21:32:44 415] 直行灯有效红灯周期（21:31:16 366 - 21:32:44 349）
运行消息:[2016-04-13 21:33:05:723] CameraTime:[2016-04-13 21:32:44 627] 直行灯变为绿灯		红灯时长：90秒
运行消息:[2016-04-13 21:33:05:934] CameraTime:[2016-04-13 21:32:44 738] 左转灯变为绿灯		红灯时长：90秒
运行消息:[2016-04-13 21:33:29:531] CameraTime:[2016-04-13 21:33:08 475] 左转灯变为  红灯					绿灯时长：23秒
运行消息:[2016-04-13 21:33:29:532] CameraTime:[2016-04-13 21:33:08 476] 直行灯变为  红灯					绿灯时长：23秒
运行消息:[2016-04-13 21:34:59:495] CameraTime:[2016-04-13 21:34:38 433] 直行灯有效红灯周期（21:33:10 382 - 21:34:38 315）
运行消息:[2016-04-13 21:34:59:497] CameraTime:[2016-04-13 21:34:38 432] 左转灯有效红灯周期（21:33:08 397 - 21:34:38 315）
运行消息:[2016-04-13 21:34:59:759] CameraTime:[2016-04-13 21:34:38 698] 左转灯变为绿灯		红灯时长：90秒
运行消息:[2016-04-13 21:34:59:760] CameraTime:[2016-04-13 21:34:38 699] 直行灯变为绿灯		红灯时长：90秒
运行消息:[2016-04-13 21:35:23:616] CameraTime:[2016-04-13 21:35:02 552] 左转灯变为  红灯					绿灯时长：23秒
运行消息:[2016-04-13 21:35:23:617] CameraTime:[2016-04-13 21:35:02 553] 直行灯变为  红灯					绿灯时长：23秒
