运行消息:[2016-04-13 20:48:53:540] CameraTime:[2016-04-13 20:48:32 534] 左转灯有效红灯周期（20:48:11 285 - 20:48:32 438）
运行消息:[2016-04-13 20:48:53:721] CameraTime:[2016-04-13 20:48:32 726] 直行灯变为  红灯					绿灯时长：24秒
运行消息:[2016-04-13 20:48:53:725] CameraTime:[2016-04-13 20:48:32 711] 左转灯变为绿灯		红灯时长：21秒
运行消息:[2016-04-13 20:49:23:636] CameraTime:[2016-04-13 20:49:02 642] 右转灯有效红灯周期（20:48:11 285 - 20:49:02 521）
运行消息:[2016-04-13 20:49:23:795] CameraTime:[2016-04-13 20:49:02 684] 左转灯变为  红灯					绿灯时长：29秒
运行消息:[2016-04-13 20:49:23:796] CameraTime:[2016-04-13 20:49:02 803] 右转灯变为绿灯		红灯时长：51秒
运行消息:[2016-04-13 20:49:47:520] CameraTime:[2016-04-13 20:49:26 524] 直行灯有效红灯周期（20:48:32 415 - 20:49:26 431）
运行消息:[2016-04-13 20:49:47:730] CameraTime:[2016-04-13 20:49:26 555] 右转灯变为  红灯					绿灯时长：23秒
运行消息:[2016-04-13 20:49:47:941] CameraTime:[2016-04-13 20:49:26 785] 直行灯变为绿灯		红灯时长：54秒
运行消息:[2016-04-13 20:50:47:520] CameraTime:[2016-04-13 20:50:26 523] 左转灯有效红灯周期（20:49:02 521 - 20:50:26 432）
运行消息:[2016-04-13 20:50:47:796] CameraTime:[2016-04-13 20:50:26 678] 直行灯变为  红灯					绿灯时长：59秒
运行消息:[2016-04-13 20:50:47:797] CameraTime:[2016-04-13 20:50:26 795] 左转灯变为绿灯		红灯时长：84秒
运行消息:[2016-04-13 20:51:17:544] CameraTime:[2016-04-13 20:50:56 546] 左转灯变为  红灯					绿灯时长：29秒
运行消息:[2016-04-13 20:51:17:545] CameraTime:[2016-04-13 20:50:56 549] 右转灯有效红灯周期（20:49:26 441 - 20:50:56 435）
运行消息:[2016-04-13 20:51:17:937] CameraTime:[2016-04-13 20:50:56 791] 右转灯变为绿灯		红灯时长：90秒
运行消息:[2016-04-13 20:51:41:512] CameraTime:[2016-04-13 20:51:20 515] 直行灯有效红灯周期（20:50:26 442 - 20:51:20 414）
运行消息:[2016-04-13 20:51:41:710] CameraTime:[2016-04-13 20:51:20 547] 右转灯变为  红灯					绿灯时长：23秒
运行消息:[2016-04-13 20:51:41:842] CameraTime:[2016-04-13 20:51:20 792] 直行灯变为绿灯		红灯时长：54秒
运行消息:[2016-04-13 20:52:41:683] CameraTime:[2016-04-13 20:52:20 511] 左转灯有效红灯周期（20:50:56 445 - 20:52:20 393）
运行消息:[2016-04-13 20:52:41:684] CameraTime:[2016-04-13 20:52:20 671] 直行灯变为  红灯					绿灯时长：59秒
运行消息:[2016-04-13 20:52:41:883] CameraTime:[2016-04-13 20:52:20 787] 左转灯变为绿灯		红灯时长：84秒
运行消息:[2016-04-13 20:53:11:746] CameraTime:[2016-04-13 20:52:50 541] 左转灯变为  红灯					绿灯时长：29秒
运行消息:[2016-04-13 20:53:11:747] CameraTime:[2016-04-13 20:52:50 619] 右转灯有效红灯周期（20:51:20 513 - 20:52:50 498）
运行消息:[2016-04-13 20:53:11:947] CameraTime:[2016-04-13 20:52:50 779] 右转灯变为绿灯		红灯时长：90秒
运行消息:[2016-04-13 20:53:35:670] CameraTime:[2016-04-13 20:53:14 506] 直行灯有效红灯周期（20:52:20 510 - 20:53:14 411）
运行消息:[2016-04-13 20:53:35:671] CameraTime:[2016-04-13 20:53:14 530] 右转灯变为  红灯					绿灯时长：23秒
运行消息:[2016-04-13 20:53:35:871] CameraTime:[2016-04-13 20:53:14 776] 直行灯变为绿灯		红灯时长：54秒
运行消息:[2016-04-13 20:54:35:617] CameraTime:[2016-04-13 20:54:14 503] 左转灯有效红灯周期（20:52:50 428 - 20:54:14 428）
运行消息:[2016-04-13 20:54:35:618] CameraTime:[2016-04-13 20:54:14 539] 直行灯变为  红灯					绿灯时长：59秒
运行消息:[2016-04-13 20:54:35:809] CameraTime:[2016-04-13 20:54:14 777] 左转灯变为绿灯		红灯时长：84秒
运行消息:[2016-04-13 20:55:05:672] CameraTime:[2016-04-13 20:54:44 536] 右转灯有效红灯周期（20:53:14 399 - 20:54:44 423）
运行消息:[2016-04-13 20:55:05:673] CameraTime:[2016-04-13 20:54:44 555] 左转灯变为  红灯					绿灯时长：29秒
运行消息:[2016-04-13 20:55:05:874] CameraTime:[2016-04-13 20:54:44 790] 右转灯变为绿灯		红灯时长：90秒
运行消息:[2016-04-13 20:55:29:724] CameraTime:[2016-04-13 20:55:08 507] 直行灯有效红灯周期（20:54:14 381 - 20:55:08 387）
运行消息:[2016-04-13 20:55:29:725] CameraTime:[2016-04-13 20:55:08 667] 右转灯变为  红灯					绿灯时长：23秒
运行消息:[2016-04-13 20:55:29:925] CameraTime:[2016-04-13 20:55:08 786] 直行灯变为绿灯		红灯时长：54秒
运行消息:[2016-04-13 20:56:29:535] CameraTime:[2016-04-13 20:56:08 477] 左转灯有效红灯周期（20:54:44 433 - 20:56:08 412）
运行消息:[2016-04-13 20:56:29:536] CameraTime:[2016-04-13 20:56:08 510] 直行灯变为  红灯					绿灯时长：59秒
运行消息:[2016-04-13 20:56:29:939] CameraTime:[2016-04-13 20:56:08 746] 左转灯变为绿灯		红灯时长：84秒
运行消息:[2016-04-13 20:56:59:521] CameraTime:[2016-04-13 20:56:38 500] 左转灯变为  红灯					绿灯时长：29秒
运行消息:[2016-04-13 20:56:59:720] CameraTime:[2016-04-13 20:56:38 523] 右转灯有效红灯周期（20:55:08 397 - 20:56:38 444）
运行消息:[2016-04-13 20:56:59:922] CameraTime:[2016-04-13 20:56:38 740] 右转灯变为绿灯		红灯时长：90秒
运行消息:[2016-04-13 20:57:23:537] CameraTime:[2016-04-13 20:57:02 513] 直行灯有效红灯周期（20:56:08 363 - 20:57:02 437）
运行消息:[2016-04-13 20:57:23:739] CameraTime:[2016-04-13 20:57:02 612] 右转灯变为  红灯					绿灯时长：23秒
运行消息:[2016-04-13 20:57:23:938] CameraTime:[2016-04-13 20:57:02 730] 直行灯变为绿灯		红灯时长：54秒
运行消息:[2016-04-13 20:58:23:634] CameraTime:[2016-04-13 20:58:02 472] 直行灯变为  红灯					绿灯时长：59秒
运行消息:[2016-04-13 20:58:23:635] CameraTime:[2016-04-13 20:58:02 476] 左转灯有效红灯周期（20:56:38 454 - 20:58:02 415）
运行消息:[2016-04-13 20:58:23:836] CameraTime:[2016-04-13 20:58:02 691] 左转灯变为绿灯		红灯时长：84秒
运行消息:[2016-04-13 20:58:53:591] CameraTime:[2016-04-13 20:58:32 499] 左转灯变为  红灯					绿灯时长：29秒
运行消息:[2016-04-13 20:58:53:592] CameraTime:[2016-04-13 20:58:32 562] 右转灯有效红灯周期（20:57:02 460 - 20:58:32 479）
运行消息:[2016-04-13 20:58:53:791] CameraTime:[2016-04-13 20:58:32 720] 右转灯变为绿灯		红灯时长：90秒
运行消息:[2016-04-13 20:59:17:512] CameraTime:[2016-04-13 20:58:56 463] 直行灯有效红灯周期（20:58:02 355 - 20:58:56 371）
运行消息:[2016-04-13 20:59:17:722] CameraTime:[2016-04-13 20:58:56 496] 右转灯变为  红灯					绿灯时长：23秒
运行消息:[2016-04-13 20:59:17:924] CameraTime:[2016-04-13 20:58:56 716] 直行灯变为绿灯		红灯时长：54秒
运行消息:[2016-04-13 21:00:17:644] CameraTime:[2016-04-13 20:59:56 456] 左转灯有效红灯周期（20:58:32 440 - 20:59:56 367）
运行消息:[2016-04-13 21:00:17:644] CameraTime:[2016-04-13 20:59:56 608] 直行灯变为  红灯					绿灯时长：59秒
运行消息:[2016-04-13 21:00:17:846] CameraTime:[2016-04-13 20:59:56 728] 左转灯变为绿灯		红灯时长：84秒
运行消息:[2016-04-13 21:00:47:661] CameraTime:[2016-04-13 21:00:26 496] 左转灯变为  红灯					绿灯时长：29秒
运行消息:[2016-04-13 21:00:47:662] CameraTime:[2016-04-13 21:00:26 508] 右转灯有效红灯周期（20:58:56 450 - 21:00:26 441）
运行消息:[2016-04-13 21:00:47:863] CameraTime:[2016-04-13 21:00:26 734] 右转灯变为绿灯		红灯时长：90秒
运行消息:[2016-04-13 21:01:12:681] CameraTime:[2016-04-13 21:00:50 495] 直行灯有效红灯周期（20:59:56 445 - 21:00:50 384）
运行消息:[2016-04-13 21:01:12:682] CameraTime:[2016-04-13 21:00:50 506] 右转灯变为  红灯					绿灯时长：23秒
运行消息:[2016-04-13 21:01:12:683] CameraTime:[2016-04-13 21:00:50 743] 直行灯变为绿灯		红灯时长：54秒
运行消息:[2016-04-13 21:02:11:517] CameraTime:[2016-04-13 21:01:50 484] 左转灯有效红灯周期（21:00:26 381 - 21:01:50 394）
运行消息:[2016-04-13 21:02:11:727] CameraTime:[2016-04-13 21:01:50 525] 直行灯变为  红灯					绿灯时长：59秒
运行消息:[2016-04-13 21:02:11:927] CameraTime:[2016-04-13 21:01:50 754] 左转灯变为绿灯		红灯时长：84秒
运行消息:[2016-04-13 21:02:41:527] CameraTime:[2016-04-13 21:02:20 487] 右转灯有效红灯周期（21:00:50 376 - 21:02:20 366）
运行消息:[2016-04-13 21:02:41:727] CameraTime:[2016-04-13 21:02:20 554] 左转灯变为  红灯					绿灯时长：29秒
运行消息:[2016-04-13 21:02:41:928] CameraTime:[2016-04-13 21:02:20 760] 右转灯变为绿灯		红灯时长：90秒
运行消息:[2016-04-13 21:03:05:659] CameraTime:[2016-04-13 21:02:44 494] 直行灯有效红灯周期（21:01:50 404 - 21:02:44 397）
运行消息:[2016-04-13 21:03:05:659] CameraTime:[2016-04-13 21:02:44 542] 右转灯变为  红灯					绿灯时长：23秒
运行消息:[2016-04-13 21:03:05:860] CameraTime:[2016-04-13 21:02:44 654] 直行灯变为绿灯		红灯时长：54秒
运行消息:[2016-04-13 21:04:05:683] CameraTime:[2016-04-13 21:03:44 478] 左转灯有效红灯周期（21:02:20 376 - 21:03:44 381）
运行消息:[2016-04-13 21:04:05:804] CameraTime:[2016-04-13 21:03:44 642] 左转灯变为绿灯		红灯时长：84秒
运行消息:[2016-04-13 21:04:05:805] CameraTime:[2016-04-13 21:03:44 642] 直行灯变为  红灯					绿灯时长：59秒
运行消息:[2016-04-13 21:04:35:712] CameraTime:[2016-04-13 21:04:14 481] 右转灯有效红灯周期（21:02:44 375 - 21:04:14 357）
运行消息:[2016-04-13 21:04:35:713] CameraTime:[2016-04-13 21:04:14 517] 左转灯变为  红灯					绿灯时长：29秒
运行消息:[2016-04-13 21:04:35:913] CameraTime:[2016-04-13 21:04:14 758] 右转灯变为绿灯		红灯时长：90秒
运行消息:[2016-04-13 21:04:59:534] CameraTime:[2016-04-13 21:04:38 488] 直行灯有效红灯周期（21:03:44 359 - 21:04:38 366）
运行消息:[2016-04-13 21:04:59:733] CameraTime:[2016-04-13 21:04:38 533] 右转灯变为  红灯					绿灯时长：23秒
运行消息:[2016-04-13 21:04:59:734] CameraTime:[2016-04-13 21:04:38 647] 直行灯变为绿灯		红灯时长：54秒
运行消息:[2016-04-13 21:05:59:511] CameraTime:[2016-04-13 21:05:38 435] 左转灯有效红灯周期（21:04:14 367 - 21:05:38 373）
运行消息:[2016-04-13 21:05:59:755] CameraTime:[2016-04-13 21:05:38 546] 直行灯变为  红灯					绿灯时长：59秒
运行消息:[2016-04-13 21:05:59:756] CameraTime:[2016-04-13 21:05:38 661] 左转灯变为绿灯		红灯时长：84秒
运行消息:[2016-04-13 21:06:29:554] CameraTime:[2016-04-13 21:06:08 495] 右转灯有效红灯周期（21:04:38 376 - 21:06:08 388）
运行消息:[2016-04-13 21:06:29:705] CameraTime:[2016-04-13 21:06:08 650] 左转灯变为  红灯					绿灯时长：29秒
运行消息:[2016-04-13 21:06:29:706] CameraTime:[2016-04-13 21:06:08 650] 右转灯变为绿灯		红灯时长：90秒
运行消息:[2016-04-13 21:06:53:703] CameraTime:[2016-04-13 21:06:32 497] 直行灯有效红灯周期（21:05:38 435 - 21:06:32 377）
运行消息:[2016-04-13 21:06:53:703] CameraTime:[2016-04-13 21:06:32 539] 右转灯变为  红灯					绿灯时长：23秒
运行消息:[2016-04-13 21:06:53:904] CameraTime:[2016-04-13 21:06:32 657] 直行灯变为绿灯		红灯时长：54秒
运行消息:[2016-04-13 21:07:53:495] CameraTime:[2016-04-13 21:07:32 424] 直行灯变为  红灯					绿灯时长：59秒
运行消息:[2016-04-13 21:07:53:496] CameraTime:[2016-04-13 21:07:32 441] 左转灯有效红灯周期（21:06:08 398 - 21:07:32 378）
运行消息:[2016-04-13 21:07:53:923] CameraTime:[2016-04-13 21:07:32 674] 左转灯变为绿灯		红灯时长：84秒
运行消息:[2016-04-13 21:08:23:534] CameraTime:[2016-04-13 21:08:02 458] 右转灯有效红灯周期（21:06:32 426 - 21:08:02 376）
运行消息:[2016-04-13 21:08:23:746] CameraTime:[2016-04-13 21:08:02 545] 左转灯变为  红灯					绿灯时长：29秒
运行消息:[2016-04-13 21:08:23:747] CameraTime:[2016-04-13 21:08:02 667] 右转灯变为绿灯		红灯时长：90秒
运行消息:[2016-04-13 21:08:47:526] CameraTime:[2016-04-13 21:08:26 434] 直行灯有效红灯周期（21:07:32 319 - 21:08:26 362）
运行消息:[2016-04-13 21:08:47:757] CameraTime:[2016-04-13 21:08:26 648] 直行灯变为绿灯		红灯时长：54秒
运行消息:[2016-04-13 21:08:47:758] CameraTime:[2016-04-13 21:08:26 648] 右转灯变为  红灯					绿灯时长：23秒
运行消息:[2016-04-13 21:09:47:690] CameraTime:[2016-04-13 21:09:26 472] 左转灯有效红灯周期（21:08:02 386 - 21:09:26 352）
运行消息:[2016-04-13 21:09:47:691] CameraTime:[2016-04-13 21:09:26 632] 直行灯变为  红灯					绿灯时长：59秒
运行消息:[2016-04-13 21:09:47:692] CameraTime:[2016-04-13 21:09:26 632] 左转灯变为绿灯		红灯时长：84秒
运行消息:[2016-04-13 21:10:17:521] CameraTime:[2016-04-13 21:09:56 455] 右转灯有效红灯周期（21:08:26 423 - 21:09:56 334）
运行消息:[2016-04-13 21:10:17:712] CameraTime:[2016-04-13 21:09:56 617] 左转灯变为  红灯					绿灯时长：29秒
运行消息:[2016-04-13 21:10:17:913] CameraTime:[2016-04-13 21:09:56 733] 右转灯变为绿灯		红灯时长：90秒
运行消息:[2016-04-13 21:10:41:676] CameraTime:[2016-04-13 21:10:20 454] 直行灯有效红灯周期（21:09:26 362 - 21:10:20 338）
运行消息:[2016-04-13 21:10:41:677] CameraTime:[2016-04-13 21:10:20 610] 直行灯变为绿灯		红灯时长：53秒
运行消息:[2016-04-13 21:10:41:677] CameraTime:[2016-04-13 21:10:20 500] 右转灯变为  红灯					绿灯时长：23秒
运行消息:[2016-04-13 21:11:41:813] CameraTime:[2016-04-13 21:11:20 486] 左转灯有效红灯周期（21:09:56 383 - 21:11:20 350）
运行消息:[2016-04-13 21:11:41:815] CameraTime:[2016-04-13 21:11:20 502] 直行灯变为  红灯					绿灯时长：59秒
运行消息:[2016-04-13 21:11:41:820] CameraTime:[2016-04-13 21:11:20 719] 左转灯变为绿灯		红灯时长：84秒
运行消息:[2016-04-13 21:12:11:679] CameraTime:[2016-04-13 21:11:50 456] 右转灯有效红灯周期（21:10:20 348 - 21:11:50 347）
运行消息:[2016-04-13 21:12:11:680] CameraTime:[2016-04-13 21:11:50 474] 左转灯变为  红灯					绿灯时长：29秒
运行消息:[2016-04-13 21:12:12:200] CameraTime:[2016-04-13 21:11:50 709] 右转灯变为绿灯		红灯时长：90秒
运行消息:[2016-04-13 21:12:35:706] CameraTime:[2016-04-13 21:12:14 457] 直行灯有效红灯周期（21:11:20 322 - 21:12:14 351）
运行消息:[2016-04-13 21:12:35:707] CameraTime:[2016-04-13 21:12:14 480] 右转灯变为  红灯					绿灯时长：23秒
运行消息:[2016-04-13 21:12:35:907] CameraTime:[2016-04-13 21:12:14 704] 直行灯变为绿灯		红灯时长：54秒
运行消息:[2016-04-13 21:13:35:645] CameraTime:[2016-04-13 21:13:14 449] 左转灯有效红灯周期（21:11:50 357 - 21:13:14 329）
运行消息:[2016-04-13 21:13:35:646] CameraTime:[2016-04-13 21:13:14 495] 直行灯变为  红灯					绿灯时长：59秒
运行消息:[2016-04-13 21:13:35:838] CameraTime:[2016-04-13 21:13:14 609] 左转灯变为绿灯		红灯时长：84秒
运行消息:[2016-04-13 21:14:05:637] CameraTime:[2016-04-13 21:13:44 500] 右转灯有效红灯周期（21:12:14 361 - 21:13:44 443）
运行消息:[2016-04-13 21:14:05:797] CameraTime:[2016-04-13 21:13:44 624] 左转灯变为  红灯					绿灯时长：29秒
运行消息:[2016-04-13 21:14:05:798] CameraTime:[2016-04-13 21:13:44 725] 右转灯变为绿灯		红灯时长：90秒
运行消息:[2016-04-13 21:14:29:521] CameraTime:[2016-04-13 21:14:08 439] 直行灯有效红灯周期（21:13:14 328 - 21:14:08 318）
运行消息:[2016-04-13 21:14:29:602] CameraTime:[2016-04-13 21:14:08 472] 右转灯变为  红灯					绿灯时长：23秒
运行消息:[2016-04-13 21:14:29:804] CameraTime:[2016-04-13 21:14:08 716] 直行灯变为绿灯		红灯时长：54秒
运行消息:[2016-04-13 21:15:29:562] CameraTime:[2016-04-13 21:15:08 430] 左转灯有效红灯周期（21:13:44 372 - 21:15:08 332）
运行消息:[2016-04-13 21:15:29:564] CameraTime:[2016-04-13 21:15:08 476] 直行灯变为  红灯					绿灯时长：59秒
运行消息:[2016-04-13 21:15:29:986] CameraTime:[2016-04-13 21:15:08 713] 左转灯变为绿灯		红灯时长：84秒
运行消息:[2016-04-13 21:15:59:521] CameraTime:[2016-04-13 21:15:38 442] 右转灯有效红灯周期（21:14:08 367 - 21:15:38 318）
运行消息:[2016-04-13 21:15:59:718] CameraTime:[2016-04-13 21:15:38 485] 左转灯变为  红灯					绿灯时长：29秒
运行消息:[2016-04-13 21:15:59:919] CameraTime:[2016-04-13 21:15:38 718] 右转灯变为绿灯		红灯时长：90秒
运行消息:[2016-04-13 21:16:23:528] CameraTime:[2016-04-13 21:16:02 449] 直行灯有效红灯周期（21:15:08 361 - 21:16:02 328）
运行消息:[2016-04-13 21:16:23:690] CameraTime:[2016-04-13 21:16:02 521] 右转灯变为  红灯					绿灯时长：23秒
运行消息:[2016-04-13 21:16:23:692] CameraTime:[2016-04-13 21:16:02 611] 直行灯变为绿灯		红灯时长：54秒
运行消息:[2016-04-13 21:17:23:669] CameraTime:[2016-04-13 21:17:02 430] 左转灯有效红灯周期（21:15:38 328 - 21:17:02 327）
运行消息:[2016-04-13 21:17:23:669] CameraTime:[2016-04-13 21:17:02 580] 左转灯变为绿灯		红灯时长：84秒
运行消息:[2016-04-13 21:17:23:670] CameraTime:[2016-04-13 21:17:02 584] 直行灯变为  红灯					绿灯时长：59秒
运行消息:[2016-04-13 21:17:53:523] CameraTime:[2016-04-13 21:17:32 430] 右转灯有效红灯周期（21:16:02 325 - 21:17:32 312）
运行消息:[2016-04-13 21:17:53:684] CameraTime:[2016-04-13 21:17:32 597] 左转灯变为  红灯					绿灯时长：29秒
运行消息:[2016-04-13 21:17:53:892] CameraTime:[2016-04-13 21:17:32 714] 右转灯变为绿灯		红灯时长：90秒
运行消息:[2016-04-13 21:18:17:563] CameraTime:[2016-04-13 21:17:56 432] 直行灯有效红灯周期（21:17:02 363 - 21:17:56 312）
运行消息:[2016-04-13 21:18:17:684] CameraTime:[2016-04-13 21:17:56 592] 直行灯变为绿灯		红灯时长：53秒
运行消息:[2016-04-13 21:18:17:685] CameraTime:[2016-04-13 21:17:56 592] 右转灯变为  红灯					绿灯时长：23秒
运行消息:[2016-04-13 21:19:17:672] CameraTime:[2016-04-13 21:18:56 417] 左转灯有效红灯周期（21:17:32 358 - 21:18:56 325）
运行消息:[2016-04-13 21:19:17:673] CameraTime:[2016-04-13 21:18:56 569] 直行灯变为  红灯					绿灯时长：59秒
运行消息:[2016-04-13 21:19:17:884] CameraTime:[2016-04-13 21:18:56 686] 左转灯变为绿灯		红灯时长：84秒
运行消息:[2016-04-13 21:19:47:674] CameraTime:[2016-04-13 21:19:26 422] 右转灯有效红灯周期（21:17:56 363 - 21:19:26 306）
运行消息:[2016-04-13 21:19:47:675] CameraTime:[2016-04-13 21:19:26 434] 左转灯变为  红灯					绿灯时长：29秒
运行消息:[2016-04-13 21:19:47:876] CameraTime:[2016-04-13 21:19:26 667] 右转灯变为绿灯		红灯时长：90秒
运行消息:[2016-04-13 21:20:11:644] CameraTime:[2016-04-13 21:19:50 543] 右转灯变为  红灯					绿灯时长：23秒
运行消息:[2016-04-13 21:20:11:644] CameraTime:[2016-04-13 21:19:50 392] 直行灯有效红灯周期（21:18:56 312 - 21:19:50 299）
运行消息:[2016-04-13 21:20:11:844] CameraTime:[2016-04-13 21:19:50 654] 直行灯变为绿灯		红灯时长：54秒
运行消息:[2016-04-13 21:21:11:615] CameraTime:[2016-04-13 21:20:50 405] 左转灯有效红灯周期（21:19:26 386 - 21:20:50 346）
运行消息:[2016-04-13 21:21:11:616] CameraTime:[2016-04-13 21:20:50 408] 直行灯变为  红灯					绿灯时长：59秒
运行消息:[2016-04-13 21:21:11:816] CameraTime:[2016-04-13 21:20:50 631] 左转灯变为绿灯		红灯时长：84秒
运行消息:[2016-04-13 21:21:41:679] CameraTime:[2016-04-13 21:21:20 421] 右转灯有效红灯周期（21:19:50 388 - 21:21:20 340）
运行消息:[2016-04-13 21:21:41:680] CameraTime:[2016-04-13 21:21:20 427] 左转灯变为  红灯					绿灯时长：29秒
运行消息:[2016-04-13 21:21:41:871] CameraTime:[2016-04-13 21:21:20 627] 右转灯变为绿灯		红灯时长：90秒
运行消息:[2016-04-13 21:22:05:639] CameraTime:[2016-04-13 21:21:44 391] 右转灯变为  红灯					绿灯时长：23秒
运行消息:[2016-04-13 21:22:05:640] CameraTime:[2016-04-13 21:21:44 402] 直行灯有效红灯周期（21:20:50 356 - 21:21:44 337）
运行消息:[2016-04-13 21:22:05:840] CameraTime:[2016-04-13 21:21:44 617] 直行灯变为绿灯		红灯时长：54秒
运行消息:[2016-04-13 21:23:05:493] CameraTime:[2016-04-13 21:22:44 384] 直行灯变为  红灯					绿灯时长：59秒
运行消息:[2016-04-13 21:23:05:495] CameraTime:[2016-04-13 21:22:44 390] 左转灯有效红灯周期（21:21:20 350 - 21:22:44 329）
运行消息:[2016-04-13 21:23:05:925] CameraTime:[2016-04-13 21:22:44 622] 左转灯变为绿灯		红灯时长：84秒
运行消息:[2016-04-13 21:23:35:571] CameraTime:[2016-04-13 21:23:14 412] 右转灯有效红灯周期（21:21:44 347 - 21:23:14 343）
运行消息:[2016-04-13 21:23:35:572] CameraTime:[2016-04-13 21:23:14 419] 左转灯变为  红灯					绿灯时长：29秒
运行消息:[2016-04-13 21:23:35:782] CameraTime:[2016-04-13 21:23:14 630] 右转灯变为绿灯		红灯时长：90秒
运行消息:[2016-04-13 21:24:00:130] CameraTime:[2016-04-13 21:23:38 396] 直行灯有效红灯周期（21:22:44 269 - 21:23:38 333）
运行消息:[2016-04-13 21:24:00:131] CameraTime:[2016-04-13 21:23:38 511] 右转灯变为  红灯					绿灯时长：23秒
运行消息:[2016-04-13 21:24:00:264] CameraTime:[2016-04-13 21:23:38 623] 直行灯变为绿灯		红灯时长：54秒
运行消息:[2016-04-13 21:24:59:615] CameraTime:[2016-04-13 21:24:38 424] 左转灯有效红灯周期（21:23:14 353 - 21:24:38 316）
运行消息:[2016-04-13 21:24:59:784] CameraTime:[2016-04-13 21:24:38 582] 左转灯变为绿灯		红灯时长：84秒
运行消息:[2016-04-13 21:24:59:785] CameraTime:[2016-04-13 21:24:38 583] 直行灯变为  红灯					绿灯时长：59秒
运行消息:[2016-04-13 21:25:29:668] CameraTime:[2016-04-13 21:25:08 416] 右转灯有效红灯周期（21:23:38 354 - 21:25:08 295）
运行消息:[2016-04-13 21:25:29:850] CameraTime:[2016-04-13 21:25:08 574] 左转灯变为  红灯					绿灯时长：29秒
运行消息:[2016-04-13 21:25:29:850] CameraTime:[2016-04-13 21:25:08 575] 右转灯变为绿灯		红灯时长：90秒
运行消息:[2016-04-13 21:25:53:682] CameraTime:[2016-04-13 21:25:32 416] 直行灯有效红灯周期（21:24:38 305 - 21:25:32 296）
运行消息:[2016-04-13 21:25:53:683] CameraTime:[2016-04-13 21:25:32 568] 直行灯变为绿灯		红灯时长：53秒
运行消息:[2016-04-13 21:25:53:684] CameraTime:[2016-04-13 21:25:32 568] 右转灯变为  红灯					绿灯时长：24秒
运行消息:[2016-04-13 21:26:53:661] CameraTime:[2016-04-13 21:26:32 390] 左转灯有效红灯周期（21:25:08 294 - 21:26:32 323）
运行消息:[2016-04-13 21:26:53:662] CameraTime:[2016-04-13 21:26:32 544] 直行灯变为  红灯					绿灯时长：59秒
运行消息:[2016-04-13 21:26:53:863] CameraTime:[2016-04-13 21:26:32 656] 左转灯变为绿灯		红灯时长：84秒
运行消息:[2016-04-13 21:27:23:731] CameraTime:[2016-04-13 21:27:02 405] 右转灯有效红灯周期（21:25:32 306 - 21:27:02 305）
运行消息:[2016-04-13 21:27:23:732] CameraTime:[2016-04-13 21:27:02 416] 左转灯变为  红灯					绿灯时长：29秒
运行消息:[2016-04-13 21:27:23:935] CameraTime:[2016-04-13 21:27:02 649] 右转灯变为绿灯		红灯时长：90秒
运行消息:[2016-04-13 21:27:47:542] CameraTime:[2016-04-13 21:27:26 392] 直行灯有效红灯周期（21:26:32 298 - 21:27:26 299）
运行消息:[2016-04-13 21:27:47:543] CameraTime:[2016-04-13 21:27:26 423] 右转灯变为  红灯					绿灯时长：23秒
运行消息:[2016-04-13 21:27:47:942] CameraTime:[2016-04-13 21:27:26 656] 直行灯变为绿灯		红灯时长：54秒
运行消息:[2016-04-13 21:28:47:515] CameraTime:[2016-04-13 21:28:26 384] 左转灯有效红灯周期（21:27:02 315 - 21:28:26 288）
运行消息:[2016-04-13 21:28:47:746] CameraTime:[2016-04-13 21:28:26 416] 直行灯变为  红灯					绿灯时长：59秒
运行消息:[2016-04-13 21:28:47:946] CameraTime:[2016-04-13 21:28:26 653] 左转灯变为绿灯		红灯时长：84秒
运行消息:[2016-04-13 21:29:17:523] CameraTime:[2016-04-13 21:28:56 392] 右转灯有效红灯周期（21:27:26 378 - 21:28:56 286）
运行消息:[2016-04-13 21:29:17:715] CameraTime:[2016-04-13 21:28:56 530] 左转灯变为  红灯					绿灯时长：29秒
运行消息:[2016-04-13 21:29:17:916] CameraTime:[2016-04-13 21:28:56 648] 右转灯变为绿灯		红灯时长：90秒
运行消息:[2016-04-13 21:29:41:560] CameraTime:[2016-04-13 21:29:20 382] 直行灯有效红灯周期（21:28:26 383 - 21:29:20 282）
运行消息:[2016-04-13 21:29:41:699] CameraTime:[2016-04-13 21:29:20 522] 右转灯变为  红灯					绿灯时长：23秒
运行消息:[2016-04-13 21:29:41:910] CameraTime:[2016-04-13 21:29:20 639] 直行灯变为绿灯		红灯时长：54秒
运行消息:[2016-04-13 21:30:41:576] CameraTime:[2016-04-13 21:30:20 377] 左转灯有效红灯周期（21:28:56 365 - 21:30:20 289）
运行消息:[2016-04-13 21:30:41:775] CameraTime:[2016-04-13 21:30:20 527] 直行灯变为  红灯					绿灯时长：59秒
运行消息:[2016-04-13 21:30:41:777] CameraTime:[2016-04-13 21:30:20 636] 左转灯变为绿灯		红灯时长：84秒
运行消息:[2016-04-13 21:31:11:636] CameraTime:[2016-04-13 21:30:50 478] 右转灯有效红灯周期（21:29:20 252 - 21:30:50 355）
运行消息:[2016-04-13 21:31:11:847] CameraTime:[2016-04-13 21:30:50 526] 左转灯变为  红灯					绿灯时长：29秒
运行消息:[2016-04-13 21:31:11:848] CameraTime:[2016-04-13 21:30:50 635] 右转灯变为绿灯		红灯时长：90秒
运行消息:[2016-04-13 21:31:35:572] CameraTime:[2016-04-13 21:31:14 376] 直行灯有效红灯周期（21:30:20 269 - 21:31:14 274）
运行消息:[2016-04-13 21:31:35:573] CameraTime:[2016-04-13 21:31:14 391] 右转灯变为  红灯					绿灯时长：23秒
运行消息:[2016-04-13 21:31:35:776] CameraTime:[2016-04-13 21:31:14 626] 直行灯变为绿灯		红灯时长：54秒
运行消息:[2016-04-13 21:32:35:542] CameraTime:[2016-04-13 21:32:14 350] 左转灯有效红灯周期（21:30:50 260 - 21:32:14 260）
运行消息:[2016-04-13 21:32:35:743] CameraTime:[2016-04-13 21:32:14 496] 直行灯变为  红灯					绿灯时长：59秒
运行消息:[2016-04-13 21:32:35:944] CameraTime:[2016-04-13 21:32:14 615] 左转灯变为绿灯		红灯时长：84秒
运行消息:[2016-04-13 21:33:05:937] CameraTime:[2016-04-13 21:32:44 387] 右转灯有效红灯周期（21:31:14 284 - 21:32:44 309）
运行消息:[2016-04-13 21:33:05:939] CameraTime:[2016-04-13 21:32:44 598] 右转灯变为绿灯		红灯时长：90秒
运行消息:[2016-04-13 21:33:05:940] CameraTime:[2016-04-13 21:32:44 490] 左转灯变为  红灯					绿灯时长：29秒
运行消息:[2016-04-13 21:33:29:681] CameraTime:[2016-04-13 21:33:08 357] 直行灯有效红灯周期（21:32:14 270 - 21:33:08 294）
运行消息:[2016-04-13 21:33:29:682] CameraTime:[2016-04-13 21:33:08 462] 右转灯变为  红灯					绿灯时长：23秒
运行消息:[2016-04-13 21:33:29:883] CameraTime:[2016-04-13 21:33:08 588] 直行灯变为绿灯		红灯时长：54秒
运行消息:[2016-04-13 21:34:29:630] CameraTime:[2016-04-13 21:34:08 400] 左转灯有效红灯周期（21:32:44 330 - 21:34:08 300）
运行消息:[2016-04-13 21:34:29:640] CameraTime:[2016-04-13 21:34:08 439] 直行灯变为  红灯					绿灯时长：59秒
运行消息:[2016-04-13 21:34:29:841] CameraTime:[2016-04-13 21:34:08 560] 左转灯变为绿灯		红灯时长：84秒
运行消息:[2016-04-13 21:34:59:699] CameraTime:[2016-04-13 21:34:38 394] 右转灯有效红灯周期（21:33:08 251 - 21:34:38 274）
运行消息:[2016-04-13 21:34:59:700] CameraTime:[2016-04-13 21:34:38 557] 左转灯变为  红灯					绿灯时长：29秒
运行消息:[2016-04-13 21:34:59:701] CameraTime:[2016-04-13 21:34:38 557] 右转灯变为绿灯		红灯时长：90秒
运行消息:[2016-04-13 21:35:23:553] CameraTime:[2016-04-13 21:35:02 382] 直行灯有效红灯周期（21:34:08 310 - 21:35:02 263）
运行消息:[2016-04-13 21:35:23:757] CameraTime:[2016-04-13 21:35:02 541] 直行灯变为绿灯		红灯时长：54秒
运行消息:[2016-04-13 21:35:23:758] CameraTime:[2016-04-13 21:35:02 542] 右转灯变为  红灯					绿灯时长：23秒
运行消息:[2016-04-13 21:36:23:532] CameraTime:[2016-04-13 21:36:02 364] 左转灯有效红灯周期（21:34:38 284 - 21:36:02 276）
运行消息:[2016-04-13 21:36:23:863] CameraTime:[2016-04-13 21:36:02 515] 直行灯变为  红灯					绿灯时长：59秒
运行消息:[2016-04-13 21:36:23:864] CameraTime:[2016-04-13 21:36:02 637] 左转灯变为绿灯		红灯时长：84秒
