运行消息:[2016-04-13 20:51:46:225] CameraTime:[2016-04-13 20:51:25 213] 使用白天车尾模型
运行消息:[2016-04-13 20:51:46:226] CameraTime:[2016-04-13 20:51:25 215] 使用手动参数设置车牌宽度范围 110~150
运行消息:[2016-04-13 20:51:46:226] CameraTime:[2016-04-13 20:51:25 216] 车检scale=1.354848
运行消息:[2016-04-13 20:51:46:227] CameraTime:[2016-04-13 20:51:25 217] 大车车检scale=1.566140
运行消息:[2016-04-13 20:51:46:228] CameraTime:[2016-04-13 20:51:25 217] 行人scale=0.405615
运行消息:[2016-04-13 20:52:09:687] CameraTime:[2016-04-13 20:51:48 669] 使用夜间车尾模型
运行消息:[2016-04-13 20:52:09:688] CameraTime:[2016-04-13 20:51:48 671] 使用手动参数设置车牌宽度范围 110~150
运行消息:[2016-04-13 20:52:09:688] CameraTime:[2016-04-13 20:51:48 671] 车检scale=1.354848
运行消息:[2016-04-13 20:52:09:689] CameraTime:[2016-04-13 20:51:48 672] 大车车检scale=1.566140
运行消息:[2016-04-13 20:52:09:690] CameraTime:[2016-04-13 20:51:48 672] 行人scale=0.405615
运行消息:[2016-04-13 20:54:32:952] CameraTime:[2016-04-13 20:54:11 934] 使用白天车尾模型
运行消息:[2016-04-13 20:54:32:953] CameraTime:[2016-04-13 20:54:11 935] 使用手动参数设置车牌宽度范围 110~150
运行消息:[2016-04-13 20:54:32:953] CameraTime:[2016-04-13 20:54:11 936] 车检scale=1.354848
运行消息:[2016-04-13 20:54:32:955] CameraTime:[2016-04-13 20:54:11 936] 大车车检scale=1.566140
运行消息:[2016-04-13 20:54:32:955] CameraTime:[2016-04-13 20:54:11 936] 行人scale=0.405615
运行消息:[2016-04-13 20:55:20:739] CameraTime:[2016-04-13 20:54:59 714] 使用夜间车尾模型
运行消息:[2016-04-13 20:55:20:740] CameraTime:[2016-04-13 20:54:59 715] 使用手动参数设置车牌宽度范围 110~150
运行消息:[2016-04-13 20:55:20:740] CameraTime:[2016-04-13 20:54:59 716] 车检scale=1.354848
运行消息:[2016-04-13 20:55:20:741] CameraTime:[2016-04-13 20:54:59 716] 大车车检scale=1.566140
运行消息:[2016-04-13 20:55:20:741] CameraTime:[2016-04-13 20:54:59 716] 行人scale=0.405615
运行消息:[2016-04-13 20:55:37:101] CameraTime:[2016-04-13 20:55:16 023] 单帧耗时过长273：（43+5+224+1=273），其中LPR：0+0+0+0=0
运行消息:[2016-04-13 20:59:14:103] CameraTime:[2016-04-13 20:58:53 007] 单帧耗时过长260：（42+9+207+2=260），其中LPR：0+0+0+0=0
运行消息:[2016-04-13 21:02:54:457] CameraTime:[2016-04-13 21:02:33 406] 使用白天车尾模型
运行消息:[2016-04-13 21:02:54:458] CameraTime:[2016-04-13 21:02:33 412] 大车车检scale=1.566140
运行消息:[2016-04-13 21:02:54:458] CameraTime:[2016-04-13 21:02:33 412] 行人scale=0.405615
运行消息:[2016-04-13 21:02:54:459] CameraTime:[2016-04-13 21:02:33 410] 使用手动参数设置车牌宽度范围 110~150
运行消息:[2016-04-13 21:02:54:459] CameraTime:[2016-04-13 21:02:33 411] 车检scale=1.354848
运行消息:[2016-04-13 21:03:18:420] CameraTime:[2016-04-13 21:02:57 376] 使用夜间车尾模型
运行消息:[2016-04-13 21:03:18:421] CameraTime:[2016-04-13 21:02:57 378] 使用手动参数设置车牌宽度范围 110~150
运行消息:[2016-04-13 21:03:18:421] CameraTime:[2016-04-13 21:02:57 378] 车检scale=1.354848
运行消息:[2016-04-13 21:03:18:422] CameraTime:[2016-04-13 21:02:57 378] 大车车检scale=1.566140
运行消息:[2016-04-13 21:03:18:422] CameraTime:[2016-04-13 21:02:57 378] 行人scale=0.405615
运行消息:[2016-04-13 21:07:59:831] CameraTime:[2016-04-13 21:07:38 722] 单帧耗时过长369：（40+0+83+246=369），其中LPR：0+0+0+0=0
运行消息:[2016-04-13 21:16:29:126] CameraTime:[2016-04-13 21:16:07 980] 单帧耗时过长239：（39+5+194+1=239），其中LPR：0+0+0+0=0
运行消息:[2016-04-13 21:17:38:009] CameraTime:[2016-04-13 21:17:16 919] 使用白天车尾模型
运行消息:[2016-04-13 21:17:38:010] CameraTime:[2016-04-13 21:17:16 920] 使用手动参数设置车牌宽度范围 110~150
运行消息:[2016-04-13 21:17:38:011] CameraTime:[2016-04-13 21:17:16 920] 车检scale=1.354848
运行消息:[2016-04-13 21:17:38:013] CameraTime:[2016-04-13 21:17:16 921] 大车车检scale=1.566140
运行消息:[2016-04-13 21:17:38:014] CameraTime:[2016-04-13 21:17:16 921] 行人scale=0.405615
运行消息:[2016-04-13 21:18:49:638] CameraTime:[2016-04-13 21:18:28 549] 使用夜间车尾模型
运行消息:[2016-04-13 21:18:49:639] CameraTime:[2016-04-13 21:18:28 550] 使用手动参数设置车牌宽度范围 110~150
运行消息:[2016-04-13 21:18:49:640] CameraTime:[2016-04-13 21:18:28 551] 车检scale=1.354848
运行消息:[2016-04-13 21:18:49:641] CameraTime:[2016-04-13 21:18:28 551] 大车车检scale=1.566140
运行消息:[2016-04-13 21:18:49:642] CameraTime:[2016-04-13 21:18:28 551] 行人scale=0.405615
运行消息:[2016-04-13 21:20:01:259] CameraTime:[2016-04-13 21:19:40 158] 使用白天车尾模型
运行消息:[2016-04-13 21:20:01:259] CameraTime:[2016-04-13 21:19:40 160] 大车车检scale=1.566140
运行消息:[2016-04-13 21:20:01:260] CameraTime:[2016-04-13 21:19:40 160] 行人scale=0.405615
运行消息:[2016-04-13 21:20:01:261] CameraTime:[2016-04-13 21:19:40 160] 车检scale=1.354848
运行消息:[2016-04-13 21:20:01:262] CameraTime:[2016-04-13 21:19:40 159] 使用手动参数设置车牌宽度范围 110~150
运行消息:[2016-04-13 21:20:25:129] CameraTime:[2016-04-13 21:20:04 033] 使用夜间车尾模型
运行消息:[2016-04-13 21:20:25:130] CameraTime:[2016-04-13 21:20:04 036] 使用手动参数设置车牌宽度范围 110~150
运行消息:[2016-04-13 21:20:25:130] CameraTime:[2016-04-13 21:20:04 036] 车检scale=1.354848
运行消息:[2016-04-13 21:20:25:131] CameraTime:[2016-04-13 21:20:04 037] 大车车检scale=1.566140
运行消息:[2016-04-13 21:20:25:131] CameraTime:[2016-04-13 21:20:04 037] 行人scale=0.405615
运行消息:[2016-04-13 21:21:42:953] CameraTime:[2016-04-13 21:21:21 734] 单帧耗时过长205：（48+2+89+65=204），其中LPR：0+0+0+0=0
运行消息:[2016-04-13 21:22:11:311] CameraTime:[2016-04-13 21:21:50 161] 单帧耗时过长218：（42+9+166+1=218），其中LPR：0+0+0+0=0
运行消息:[2016-04-13 21:30:45:913] CameraTime:[2016-04-13 21:30:24 781] 使用白天车尾模型
运行消息:[2016-04-13 21:30:45:914] CameraTime:[2016-04-13 21:30:24 782] 使用手动参数设置车牌宽度范围 110~150
运行消息:[2016-04-13 21:30:45:915] CameraTime:[2016-04-13 21:30:24 783] 车检scale=1.354848
运行消息:[2016-04-13 21:30:45:916] CameraTime:[2016-04-13 21:30:24 783] 大车车检scale=1.566140
运行消息:[2016-04-13 21:30:45:917] CameraTime:[2016-04-13 21:30:24 783] 行人scale=0.405615
运行消息:[2016-04-13 21:31:09:777] CameraTime:[2016-04-13 21:30:48 653] 使用夜间车尾模型
运行消息:[2016-04-13 21:31:09:779] CameraTime:[2016-04-13 21:30:48 654] 使用手动参数设置车牌宽度范围 110~150
运行消息:[2016-04-13 21:31:09:780] CameraTime:[2016-04-13 21:30:48 655] 大车车检scale=1.566140
运行消息:[2016-04-13 21:31:09:781] CameraTime:[2016-04-13 21:30:48 655] 车检scale=1.354848
运行消息:[2016-04-13 21:31:09:781] CameraTime:[2016-04-13 21:30:48 656] 行人scale=0.405615
