运行消息:[2016-04-13 20:48:53:540] CameraTime:[2016-04-13 20:48:32 472] 左转灯有效红灯周期（20:47:16 642 - 20:48:32 382）
运行消息:[2016-04-13 20:48:53:902] CameraTime:[2016-04-13 20:48:32 729] 左转灯变为绿灯		红灯时长：76秒
运行消息:[2016-04-13 20:48:54:700] CameraTime:[2016-04-13 20:48:33 568] 直行灯变为  红灯					绿灯时长：60秒
运行消息:[2016-04-13 20:49:24:566] CameraTime:[2016-04-13 20:49:03 563] 左转灯变为  红灯					绿灯时长：30秒
运行消息:[2016-04-13 20:49:24:566] CameraTime:[2016-04-13 20:49:03 564] 右转灯变为  红灯					绿灯时长：102秒
运行消息:[2016-04-13 20:49:35:854] CameraTime:[2016-04-13 20:49:14 689] 右转灯变为绿灯		红灯时长：11秒
运行消息:[2016-04-13 20:49:47:459] CameraTime:[2016-04-13 20:49:26 450] 直行灯有效红灯周期（20:48:33 471 - 20:49:26 357）
运行消息:[2016-04-13 20:49:47:910] CameraTime:[2016-04-13 20:49:26 702] 直行灯变为绿灯		红灯时长：53秒
运行消息:[2016-04-13 20:50:47:766] CameraTime:[2016-04-13 20:50:26 697] 左转灯变为绿灯		红灯时长：83秒
运行消息:[2016-04-13 20:50:48:669] CameraTime:[2016-04-13 20:50:27 548] 直行灯变为  红灯					绿灯时长：60秒
运行消息:[2016-04-13 20:51:18:581] CameraTime:[2016-04-13 20:50:57 568] 左转灯变为  红灯					绿灯时长：30秒
运行消息:[2016-04-13 20:51:18:581] CameraTime:[2016-04-13 20:50:57 568] 右转灯变为  红灯					绿灯时长：102秒
运行消息:[2016-04-13 20:51:29:890] CameraTime:[2016-04-13 20:51:08 715] 右转灯变为绿灯		红灯时长：11秒
运行消息:[2016-04-13 20:51:41:619] CameraTime:[2016-04-13 20:51:20 462] 直行灯有效红灯周期（20:50:27 448 - 20:51:20 361）
运行消息:[2016-04-13 20:51:41:830] CameraTime:[2016-04-13 20:51:20 768] 直行灯变为绿灯		红灯时长：53秒
运行消息:[2016-04-13 20:52:42:007] CameraTime:[2016-04-13 20:52:20 829] 左转灯变为绿灯		红灯时长：83秒
运行消息:[2016-04-13 20:52:42:762] CameraTime:[2016-04-13 20:52:21 545] 直行灯变为  红灯					绿灯时长：60秒
运行消息:[2016-04-13 20:53:12:716] CameraTime:[2016-04-13 20:52:51 533] 左转灯变为  红灯					绿灯时长：30秒
运行消息:[2016-04-13 20:53:12:717] CameraTime:[2016-04-13 20:52:51 534] 右转灯变为  红灯					绿灯时长：102秒
运行消息:[2016-04-13 20:53:23:900] CameraTime:[2016-04-13 20:53:02 695] 右转灯变为绿灯		红灯时长：11秒
运行消息:[2016-04-13 20:53:35:500] CameraTime:[2016-04-13 20:53:14 474] 直行灯有效红灯周期（20:52:21 396 - 20:53:14 407）
运行消息:[2016-04-13 20:53:35:894] CameraTime:[2016-04-13 20:53:14 686] 直行灯变为绿灯		红灯时长：53秒
运行消息:[2016-04-13 20:54:36:068] CameraTime:[2016-04-13 20:54:15 045] 左转灯变为绿灯		红灯时长：83秒
运行消息:[2016-04-13 20:54:36:681] CameraTime:[2016-04-13 20:54:15 646] 直行灯变为  红灯					绿灯时长：60秒
运行消息:[2016-04-13 20:55:06:571] CameraTime:[2016-04-13 20:54:45 549] 左转灯变为  红灯					绿灯时长：30秒
运行消息:[2016-04-13 20:55:06:572] CameraTime:[2016-04-13 20:54:45 550] 右转灯变为  红灯					绿灯时长：102秒
运行消息:[2016-04-13 20:55:17:871] CameraTime:[2016-04-13 20:54:56 685] 右转灯变为绿灯		红灯时长：11秒
运行消息:[2016-04-13 20:55:29:657] CameraTime:[2016-04-13 20:55:08 455] 直行灯有效红灯周期（20:54:15 429 - 20:55:08 355）
运行消息:[2016-04-13 20:55:29:777] CameraTime:[2016-04-13 20:55:08 692] 直行灯变为绿灯		红灯时长：53秒
运行消息:[2016-04-13 20:56:30:045] CameraTime:[2016-04-13 20:56:09 021] 左转灯变为绿灯		红灯时长：83秒
运行消息:[2016-04-13 20:56:30:846] CameraTime:[2016-04-13 20:56:09 617] 直行灯变为  红灯					绿灯时长：60秒
运行消息:[2016-04-13 20:57:00:802] CameraTime:[2016-04-13 20:56:39 613] 左转灯变为  红灯					绿灯时长：30秒
运行消息:[2016-04-13 20:57:00:803] CameraTime:[2016-04-13 20:56:39 615] 右转灯变为  红灯					绿灯时长：102秒
运行消息:[2016-04-13 20:57:11:802] CameraTime:[2016-04-13 20:56:50 761] 右转灯变为绿灯		红灯时长：11秒
运行消息:[2016-04-13 20:57:23:470] CameraTime:[2016-04-13 20:57:02 435] 直行灯有效红灯周期（20:56:09 472 - 20:57:02 366）
运行消息:[2016-04-13 20:57:23:871] CameraTime:[2016-04-13 20:57:02 647] 直行灯变为绿灯		红灯时长：53秒
运行消息:[2016-04-13 20:58:24:177] CameraTime:[2016-04-13 20:58:02 983] 左转灯变为绿灯		红灯时长：83秒
运行消息:[2016-04-13 20:58:24:790] CameraTime:[2016-04-13 20:58:03 575] 直行灯变为  红灯					绿灯时长：60秒
运行消息:[2016-04-13 20:58:54:648] CameraTime:[2016-04-13 20:58:33 608] 左转灯变为  红灯					绿灯时长：30秒
运行消息:[2016-04-13 20:58:54:649] CameraTime:[2016-04-13 20:58:33 608] 右转灯变为  红灯					绿灯时长：102秒
运行消息:[2016-04-13 20:59:05:890] CameraTime:[2016-04-13 20:58:44 771] 右转灯变为绿灯		红灯时长：11秒
运行消息:[2016-04-13 20:59:17:505] CameraTime:[2016-04-13 20:58:56 440] 直行灯有效红灯周期（20:58:03 433 - 20:58:56 372）
运行消息:[2016-04-13 20:59:17:697] CameraTime:[2016-04-13 20:58:56 643] 直行灯变为绿灯		红灯时长：53秒
运行消息:[2016-04-13 21:00:17:855] CameraTime:[2016-04-13 20:59:56 768] 左转灯变为绿灯		红灯时长：83秒
运行消息:[2016-04-13 21:00:18:650] CameraTime:[2016-04-13 20:59:57 602] 直行灯变为  红灯					绿灯时长：60秒
运行消息:[2016-04-13 21:00:48:646] CameraTime:[2016-04-13 21:00:27 605] 左转灯变为  红灯					绿灯时长：30秒
运行消息:[2016-04-13 21:00:48:647] CameraTime:[2016-04-13 21:00:27 608] 右转灯变为  红灯					绿灯时长：102秒
运行消息:[2016-04-13 21:00:59:866] CameraTime:[2016-04-13 21:00:38 662] 右转灯变为绿灯		红灯时长：11秒
运行消息:[2016-04-13 21:01:12:595] CameraTime:[2016-04-13 21:00:50 654] 直行灯变为绿灯		红灯时长：53秒
运行消息:[2016-04-13 21:01:12:597] CameraTime:[2016-04-13 21:00:50 453] 直行灯有效红灯周期（20:59:57 387 - 21:00:50 383）
运行消息:[2016-04-13 21:02:12:000] CameraTime:[2016-04-13 21:01:50 650] 左转灯变为绿灯		红灯时长：83秒
运行消息:[2016-04-13 21:02:12:643] CameraTime:[2016-04-13 21:01:51 512] 直行灯变为  红灯					绿灯时长：60秒
运行消息:[2016-04-13 21:02:42:578] CameraTime:[2016-04-13 21:02:21 537] 左转灯变为  红灯					绿灯时长：30秒
运行消息:[2016-04-13 21:02:42:579] CameraTime:[2016-04-13 21:02:21 537] 右转灯变为  红灯					绿灯时长：102秒
运行消息:[2016-04-13 21:02:53:774] CameraTime:[2016-04-13 21:02:32 680] 右转灯变为绿灯		红灯时长：11秒
运行消息:[2016-04-13 21:03:05:493] CameraTime:[2016-04-13 21:02:44 447] 直行灯有效红灯周期（21:01:51 416 - 21:02:44 346）
运行消息:[2016-04-13 21:03:05:913] CameraTime:[2016-04-13 21:02:44 693] 直行灯变为绿灯		红灯时长：53秒
运行消息:[2016-04-13 21:04:05:736] CameraTime:[2016-04-13 21:03:44 681] 左转灯变为绿灯		红灯时长：83秒
运行消息:[2016-04-13 21:04:06:738] CameraTime:[2016-04-13 21:03:45 522] 直行灯变为  红灯					绿灯时长：60秒
运行消息:[2016-04-13 21:04:36:593] CameraTime:[2016-04-13 21:04:15 508] 左转灯变为  红灯					绿灯时长：30秒
运行消息:[2016-04-13 21:04:36:594] CameraTime:[2016-04-13 21:04:15 510] 右转灯变为  红灯					绿灯时长：102秒
运行消息:[2016-04-13 21:04:47:822] CameraTime:[2016-04-13 21:04:26 687] 右转灯变为绿灯		红灯时长：11秒
运行消息:[2016-04-13 21:04:59:538] CameraTime:[2016-04-13 21:04:38 445] 直行灯有效红灯周期（21:03:45 372 - 21:04:38 339）
运行消息:[2016-04-13 21:04:59:740] CameraTime:[2016-04-13 21:04:38 687] 直行灯变为绿灯		红灯时长：53秒
运行消息:[2016-04-13 21:05:59:765] CameraTime:[2016-04-13 21:05:38 683] 左转灯变为绿灯		红灯时长：83秒
运行消息:[2016-04-13 21:06:00:679] CameraTime:[2016-04-13 21:05:39 548] 直行灯变为  红灯					绿灯时长：60秒
运行消息:[2016-04-13 21:06:30:865] CameraTime:[2016-04-13 21:06:09 536] 左转灯变为  红灯					绿灯时长：30秒
运行消息:[2016-04-13 21:06:30:866] CameraTime:[2016-04-13 13:06:09 537] 右转灯变为  红灯					绿灯时长：102秒
运行消息:[2016-04-13 21:06:41:845] CameraTime:[2016-04-13 21:06:20 694] 右转灯变为绿灯		红灯时长：11秒
运行消息:[2016-04-13 21:06:53:557] CameraTime:[2016-04-13 21:06:32 431] 直行灯有效红灯周期（21:05:39 395 - 21:06:32 309）
运行消息:[2016-04-13 21:06:54:181] CameraTime:[2016-04-13 21:06:32 698] 直行灯变为绿灯		红灯时长：53秒
运行消息:[2016-04-13 21:07:53:965] CameraTime:[2016-04-13 21:07:32 707] 左转灯变为绿灯		红灯时长：83秒
运行消息:[2016-04-13 21:07:54:819] CameraTime:[2016-04-13 21:07:33 553] 直行灯变为  红灯					绿灯时长：60秒
运行消息:[2016-04-13 21:08:24:665] CameraTime:[2016-04-13 21:08:03 553] 左转灯变为  红灯					绿灯时长：30秒
运行消息:[2016-04-13 21:08:24:666] CameraTime:[2016-04-13 21:08:03 554] 右转灯变为  红灯					绿灯时长：102秒
运行消息:[2016-04-13 21:08:35:918] CameraTime:[2016-04-13 21:08:14 713] 右转灯变为绿灯		红灯时长：11秒
运行消息:[2016-04-13 21:08:47:637] CameraTime:[2016-04-13 21:08:26 430] 直行灯有效红灯周期（21:07:33 334 - 21:08:26 309）
运行消息:[2016-04-13 21:08:47:740] CameraTime:[2016-04-13 21:08:26 676] 直行灯变为绿灯		红灯时长：53秒
运行消息:[2016-04-13 21:09:48:105] CameraTime:[2016-04-13 21:09:26 919] 左转灯变为绿灯		红灯时长：83秒
运行消息:[2016-04-13 21:09:48:678] CameraTime:[2016-04-13 21:09:27 515] 直行灯变为  红灯					绿灯时长：60秒
运行消息:[2016-04-13 21:10:18:572] CameraTime:[2016-04-13 21:09:57 503] 左转灯变为  红灯					绿灯时长：30秒
运行消息:[2016-04-13 21:10:18:573] CameraTime:[2016-04-13 21:09:57 504] 右转灯变为  红灯					绿灯时长：102秒
运行消息:[2016-04-13 21:10:29:862] CameraTime:[2016-04-13 21:10:08 637] 右转灯变为绿灯		红灯时长：11秒
运行消息:[2016-04-13 21:10:41:623] CameraTime:[2016-04-13 21:10:20 417] 直行灯有效红灯周期（21:09:27 364 - 21:10:20 309）
运行消息:[2016-04-13 21:10:41:813] CameraTime:[2016-04-13 21:10:20 636] 直行灯变为绿灯		红灯时长：53秒
运行消息:[2016-04-13 21:11:41:751] CameraTime:[2016-04-13 21:11:20 614] 左转灯变为绿灯		红灯时长：83秒
运行消息:[2016-04-13 21:11:42:854] CameraTime:[2016-04-13 21:11:21 592] 直行灯变为  红灯					绿灯时长：60秒
运行消息:[2016-04-13 21:12:12:675] CameraTime:[2016-04-13 21:11:51 474] 左转灯变为  红灯					绿灯时长：30秒
运行消息:[2016-04-13 21:12:12:677] CameraTime:[2016-04-13 21:11:51 603] 右转灯变为  红灯					绿灯时长：102秒
运行消息:[2016-04-13 21:12:23:711] CameraTime:[2016-04-13 21:12:02 621] 右转灯变为绿灯		红灯时长：11秒
运行消息:[2016-04-13 21:12:35:637] CameraTime:[2016-04-13 21:12:14 382] 直行灯有效红灯周期（21:11:21 375 - 21:12:14 288）
运行消息:[2016-04-13 21:12:35:839] CameraTime:[2016-04-13 21:12:14 614] 直行灯变为绿灯		红灯时长：53秒
运行消息:[2016-04-13 21:13:35:865] CameraTime:[2016-04-13 21:13:14 630] 左转灯变为绿灯		红灯时长：83秒
运行消息:[2016-04-13 21:13:36:660] CameraTime:[2016-04-13 21:13:15 495] 直行灯变为  红灯					绿灯时长：60秒
运行消息:[2016-04-13 21:14:06:648] CameraTime:[2016-04-13 21:13:45 496] 左转灯变为  红灯					绿灯时长：30秒
运行消息:[2016-04-13 21:14:06:649] CameraTime:[2016-04-13 21:13:45 496] 右转灯变为  红灯					绿灯时长：102秒
运行消息:[2016-04-13 21:14:17:860] CameraTime:[2016-04-13 21:13:56 646] 右转灯变为绿灯		红灯时长：11秒
运行消息:[2016-04-13 21:14:29:667] CameraTime:[2016-04-13 21:14:08 400] 直行灯有效红灯周期（21:13:15 345 - 21:14:08 295）
运行消息:[2016-04-13 21:14:29:758] CameraTime:[2016-04-13 21:14:08 621] 直行灯变为绿灯		红灯时长：53秒
运行消息:[2016-04-13 21:15:29:840] CameraTime:[2016-04-13 21:15:08 739] 左转灯变为绿灯		红灯时长：83秒
运行消息:[2016-04-13 21:15:30:642] CameraTime:[2016-04-13 21:15:09 476] 直行灯变为  红灯					绿灯时长：60秒
运行消息:[2016-04-13 21:16:00:570] CameraTime:[2016-04-13 21:15:39 488] 左转灯变为  红灯					绿灯时长：30秒
运行消息:[2016-04-13 21:16:00:571] CameraTime:[2016-04-13 21:15:39 489] 右转灯变为  红灯					绿灯时长：102秒
运行消息:[2016-04-13 21:16:11:892] CameraTime:[2016-04-13 21:15:50 641] 右转灯变为绿灯		红灯时长：11秒
运行消息:[2016-04-13 21:16:23:532] CameraTime:[2016-04-13 21:16:02 399] 直行灯有效红灯周期（21:15:09 379 - 21:16:02 305）
运行消息:[2016-04-13 21:16:23:903] CameraTime:[2016-04-13 21:16:02 651] 直行灯变为绿灯		红灯时长：53秒
运行消息:[2016-04-13 21:17:24:088] CameraTime:[2016-04-13 21:17:03 002] 左转灯变为绿灯		红灯时长：83秒
运行消息:[2016-04-13 21:17:24:649] CameraTime:[2016-04-13 21:17:03 477] 直行灯变为  红灯					绿灯时长：60秒
运行消息:[2016-04-13 21:17:54:649] CameraTime:[2016-04-13 21:17:33 468] 左转灯变为  红灯					绿灯时长：30秒
运行消息:[2016-04-13 21:17:54:650] CameraTime:[2016-04-13 21:17:33 469] 右转灯变为  红灯					绿灯时长：102秒
运行消息:[2016-04-13 21:18:05:863] CameraTime:[2016-04-13 21:17:44 622] 右转灯变为绿灯		红灯时长：11秒
运行消息:[2016-04-13 21:18:17:620] CameraTime:[2016-04-13 21:17:56 388] 直行灯有效红灯周期（21:17:03 329 - 21:17:56 291）
运行消息:[2016-04-13 21:18:17:822] CameraTime:[2016-04-13 21:17:56 628] 直行灯变为绿灯		红灯时长：53秒
运行消息:[2016-04-13 21:19:17:967] CameraTime:[2016-04-13 21:18:56 852] 左转灯变为绿灯		红灯时长：83秒
运行消息:[2016-04-13 21:19:18:761] CameraTime:[2016-04-13 21:18:57 574] 直行灯变为  红灯					绿灯时长：60秒
运行消息:[2016-04-13 21:19:48:656] CameraTime:[2016-04-13 21:19:27 557] 左转灯变为  红灯					绿灯时长：30秒
运行消息:[2016-04-13 21:19:48:657] CameraTime:[2016-04-13 21:19:27 558] 右转灯变为  红灯					绿灯时长：102秒
运行消息:[2016-04-13 21:19:59:885] CameraTime:[2016-04-13 21:19:38 593] 右转灯变为绿灯		红灯时长：11秒
运行消息:[2016-04-13 21:20:11:495] CameraTime:[2016-04-13 21:19:50 377] 直行灯有效红灯周期（21:18:57 355 - 21:19:50 307）
运行消息:[2016-04-13 21:20:11:687] CameraTime:[2016-04-13 21:19:50 585] 直行灯变为绿灯		红灯时长：53秒
运行消息:[2016-04-13 21:21:12:147] CameraTime:[2016-04-13 21:20:51 044] 左转灯变为绿灯		红灯时长：83秒
运行消息:[2016-04-13 21:21:12:641] CameraTime:[2016-04-13 21:20:51 518] 直行灯变为  红灯					绿灯时长：60秒
运行消息:[2016-04-13 21:21:42:751] CameraTime:[2016-04-13 21:21:21 528] 左转灯变为  红灯					绿灯时长：30秒
运行消息:[2016-04-13 21:21:42:752] CameraTime:[2016-04-13 21:21:21 528] 右转灯变为  红灯					绿灯时长：102秒
运行消息:[2016-04-13 21:21:54:152] CameraTime:[2016-04-13 21:21:32 690] 右转灯变为绿灯		红灯时长：11秒
运行消息:[2016-04-13 21:22:05:666] CameraTime:[2016-04-13 21:21:44 411] 直行灯有效红灯周期（21:20:51 373 - 21:21:44 288）
运行消息:[2016-04-13 21:22:05:828] CameraTime:[2016-04-13 21:21:44 678] 直行灯变为绿灯		红灯时长：53秒
运行消息:[2016-04-13 21:23:05:963] CameraTime:[2016-04-13 21:22:44 654] 左转灯变为绿灯		红灯时长：83秒
运行消息:[2016-04-13 21:23:06:795] CameraTime:[2016-04-13 21:22:45 498] 直行灯变为  红灯					绿灯时长：60秒
运行消息:[2016-04-13 21:23:36:680] CameraTime:[2016-04-13 21:23:15 532] 左转灯变为  红灯					绿灯时长：30秒
运行消息:[2016-04-13 21:23:36:681] CameraTime:[2016-04-13 21:23:15 532] 右转灯变为  红灯					绿灯时长：102秒
运行消息:[2016-04-13 21:23:47:686] CameraTime:[2016-04-13 21:23:26 418] 右转灯有效红灯周期（21:23:15 305 - 21:23:26 295）
运行消息:[2016-04-13 21:23:47:887] CameraTime:[2016-04-13 21:23:26 682] 右转灯变为绿灯		红灯时长：11秒
运行消息:[2016-04-13 21:23:59:659] CameraTime:[2016-04-13 21:23:38 406] 直行灯有效红灯周期（21:22:45 360 - 21:23:38 286）
运行消息:[2016-04-13 21:23:59:870] CameraTime:[2016-04-13 21:23:38 674] 直行灯变为绿灯		红灯时长：53秒
运行消息:[2016-04-13 21:24:59:953] CameraTime:[2016-04-13 21:24:38 753] 左转灯变为绿灯		红灯时长：83秒
运行消息:[2016-04-13 21:25:00:756] CameraTime:[2016-04-13 21:24:39 474] 直行灯变为  红灯					绿灯时长：60秒
运行消息:[2016-04-13 21:25:30:622] CameraTime:[2016-04-13 21:25:09 469] 左转灯变为  红灯					绿灯时长：30秒
运行消息:[2016-04-13 21:25:30:623] CameraTime:[2016-04-13 21:25:09 470] 右转灯变为  红灯					绿灯时长：102秒
运行消息:[2016-04-13 21:25:41:826] CameraTime:[2016-04-13 21:25:20 609] 右转灯变为绿灯		红灯时长：11秒
运行消息:[2016-04-13 21:25:53:614] CameraTime:[2016-04-13 21:25:32 387] 直行灯有效红灯周期（21:24:39 324 - 21:25:32 279）
运行消息:[2016-04-13 21:25:53:819] CameraTime:[2016-04-13 21:25:32 630] 直行灯变为绿灯		红灯时长：53秒
运行消息:[2016-04-13 21:26:53:832] CameraTime:[2016-04-13 21:26:32 710] 左转灯变为绿灯		红灯时长：83秒
运行消息:[2016-04-13 21:26:54:834] CameraTime:[2016-04-13 21:26:33 547] 直行灯变为  红灯					绿灯时长：60秒
运行消息:[2016-04-13 21:27:24:720] CameraTime:[2016-04-13 21:27:03 439] 左转灯变为  红灯					绿灯时长：30秒
运行消息:[2016-04-13 21:27:24:721] CameraTime:[2016-04-13 21:27:03 558] 右转灯变为  红灯					绿灯时长：102秒
运行消息:[2016-04-13 21:27:35:870] CameraTime:[2016-04-13 21:27:14 599] 右转灯变为绿灯		红灯时长：11秒
运行消息:[2016-04-13 21:27:47:459] CameraTime:[2016-04-13 21:27:26 337] 直行灯有效红灯周期（21:26:33 332 - 21:27:26 243）
运行消息:[2016-04-13 21:27:47:849] CameraTime:[2016-04-13 21:27:26 572] 直行灯变为绿灯		红灯时长：53秒
运行消息:[2016-04-13 21:28:48:062] CameraTime:[2016-04-13 21:28:26 838] 左转灯变为绿灯		红灯时长：83秒
运行消息:[2016-04-13 21:28:48:645] CameraTime:[2016-04-13 21:28:27 432] 直行灯变为  红灯					绿灯时长：60秒
运行消息:[2016-04-13 21:29:18:652] CameraTime:[2016-04-13 21:28:57 424] 左转灯变为  红灯					绿灯时长：30秒
运行消息:[2016-04-13 21:29:18:853] CameraTime:[2016-04-13 21:28:57 539] 右转灯变为  红灯					绿灯时长：102秒
运行消息:[2016-04-13 21:29:29:896] CameraTime:[2016-04-13 21:29:08 579] 右转灯变为绿灯		红灯时长：11秒
运行消息:[2016-04-13 21:29:41:662] CameraTime:[2016-04-13 21:29:20 367] 直行灯有效红灯周期（21:28:27 340 - 21:29:20 290）
运行消息:[2016-04-13 21:29:41:863] CameraTime:[2016-04-13 21:29:20 572] 直行灯变为绿灯		红灯时长：53秒
运行消息:[2016-04-13 21:30:42:101] CameraTime:[2016-04-13 21:30:20 822] 左转灯变为绿灯		红灯时长：83秒
运行消息:[2016-04-13 21:30:42:714] CameraTime:[2016-04-13 21:30:21 539] 直行灯变为  红灯					绿灯时长：60秒
运行消息:[2016-04-13 21:31:12:655] CameraTime:[2016-04-13 21:30:51 533] 左转灯变为  红灯					绿灯时长：30秒
运行消息:[2016-04-13 21:31:12:656] CameraTime:[2016-04-13 21:30:51 533] 右转灯变为  红灯					绿灯时长：102秒
运行消息:[2016-04-13 21:31:23:881] CameraTime:[2016-04-13 21:31:02 548] 右转灯变为绿灯		红灯时长：11秒
运行消息:[2016-04-13 21:31:35:478] CameraTime:[2016-04-13 21:31:14 352] 直行灯有效红灯周期（21:30:21 323 - 21:31:14 289）
运行消息:[2016-04-13 21:31:35:680] CameraTime:[2016-04-13 21:31:14 549] 直行灯变为绿灯		红灯时长：53秒
运行消息:[2016-04-13 21:32:35:745] CameraTime:[2016-04-13 21:32:14 551] 左转灯变为绿灯		红灯时长：83秒
运行消息:[2016-04-13 21:32:36:744] CameraTime:[2016-04-13 21:32:15 515] 直行灯变为  红灯					绿灯时长：60秒
运行消息:[2016-04-13 21:33:06:821] CameraTime:[2016-04-13 21:32:45 503] 左转灯变为  红灯					绿灯时长：30秒
运行消息:[2016-04-13 21:33:06:822] CameraTime:[2016-04-13 21:32:45 503] 右转灯变为  红灯					绿灯时长：102秒
运行消息:[2016-04-13 21:33:17:847] CameraTime:[2016-04-13 21:32:56 652] 右转灯变为绿灯		红灯时长：11秒
运行消息:[2016-04-13 21:33:29:653] CameraTime:[2016-04-13 21:33:08 372] 直行灯有效红灯周期（21:32:15 296 - 21:33:08 255）
运行消息:[2016-04-13 21:33:29:895] CameraTime:[2016-04-13 21:33:08 640] 直行灯变为绿灯		红灯时长：53秒
运行消息:[2016-04-13 21:34:29:752] CameraTime:[2016-04-13 21:34:08 617] 左转灯变为绿灯		红灯时长：83秒
运行消息:[2016-04-13 21:34:30:796] CameraTime:[2016-04-13 21:34:09 457] 直行灯变为  红灯					绿灯时长：60秒
运行消息:[2016-04-13 21:35:00:648] CameraTime:[2016-04-13 21:34:39 445] 左转灯变为  红灯					绿灯时长：30秒
运行消息:[2016-04-13 21:35:00:649] CameraTime:[2016-04-13 21:34:39 446] 右转灯变为  红灯					绿灯时长：102秒
运行消息:[2016-04-13 21:35:11:899] CameraTime:[2016-04-13 21:34:50 588] 右转灯变为绿灯		红灯时长：11秒
运行消息:[2016-04-13 21:35:23:516] CameraTime:[2016-04-13 21:35:02 346] 直行灯有效红灯周期（21:34:09 305 - 21:35:02 251）
运行消息:[2016-04-13 21:35:23:918] CameraTime:[2016-04-13 21:35:02 597] 直行灯变为绿灯		红灯时长：53秒
运行消息:[2016-04-13 21:36:23:987] CameraTime:[2016-04-13 21:36:02 802] 左转灯变为绿灯		红灯时长：83秒
运行消息:[2016-04-13 21:36:24:663] CameraTime:[2016-04-13 21:36:03 397] 直行灯变为  红灯					绿灯时长：60秒
