运行消息:[2016-04-13 20:54:48:738] CameraTime:[2016-04-13 20:54:27 615] 响应校时命令
运行消息:[2016-04-13 20:54:48:743] CameraTime:[2016-04-13 20:54:27 615] 内部状态清空
运行消息:[2016-04-13 20:54:52:165] CameraTime:[2016-04-13 20:54:30 881] 单帧耗时过长248：（26+0+221+1=248），其中LPR：0+0+0+0=0
运行消息:[2016-04-13 20:55:43:700] CameraTime:[2016-04-13 20:55:22 605] 使用夜间车尾模型
运行消息:[2016-04-13 20:55:43:702] CameraTime:[2016-04-13 20:55:22 612] 大车车检scale=1.606457
运行消息:[2016-04-13 20:55:43:703] CameraTime:[2016-04-13 20:55:22 611] 车检scale=1.390947
运行消息:[2016-04-13 20:55:43:704] CameraTime:[2016-04-13 20:55:22 611] 使用手动参数设置车牌宽度范围 110~150
运行消息:[2016-04-13 20:55:43:822] CameraTime:[2016-04-13 20:55:22 613] 行人scale=0.411871
运行消息:[2016-04-13 20:56:07:524] CameraTime:[2016-04-13 20:55:46 437] 使用白天车尾模型
运行消息:[2016-04-13 20:56:07:526] CameraTime:[2016-04-13 20:55:46 439] 使用手动参数设置车牌宽度范围 110~150
运行消息:[2016-04-13 20:56:07:529] CameraTime:[2016-04-13 20:55:46 439] 大车车检scale=1.606457
运行消息:[2016-04-13 20:56:07:530] CameraTime:[2016-04-13 20:55:46 439] 车检scale=1.390947
运行消息:[2016-04-13 20:56:07:532] CameraTime:[2016-04-13 20:55:46 439] 行人scale=0.411871
运行消息:[2016-04-13 20:56:31:427] CameraTime:[2016-04-13 20:56:10 337] 使用夜间车尾模型
运行消息:[2016-04-13 20:56:31:428] CameraTime:[2016-04-13 20:56:10 339] 使用手动参数设置车牌宽度范围 110~150
运行消息:[2016-04-13 20:56:31:429] CameraTime:[2016-04-13 20:56:10 339] 车检scale=1.390947
运行消息:[2016-04-13 20:56:31:439] CameraTime:[2016-04-13 20:56:10 340] 大车车检scale=1.606457
运行消息:[2016-04-13 20:56:31:440] CameraTime:[2016-04-13 20:56:10 340] 行人scale=0.411871
运行消息:[2016-04-13 20:56:55:274] CameraTime:[2016-04-13 20:56:34 189] 使用白天车尾模型
运行消息:[2016-04-13 20:56:55:285] CameraTime:[2016-04-13 20:56:34 195] 使用手动参数设置车牌宽度范围 110~150
运行消息:[2016-04-13 20:56:55:286] CameraTime:[2016-04-13 20:56:34 197] 行人scale=0.411871
运行消息:[2016-04-13 20:56:55:286] CameraTime:[2016-04-13 20:56:34 195] 车检scale=1.390947
运行消息:[2016-04-13 20:56:55:287] CameraTime:[2016-04-13 20:56:34 196] 大车车检scale=1.606457
运行消息:[2016-04-13 20:57:32:374] CameraTime:[2016-04-13 20:57:11 272] 单帧耗时过长213：（26+0+113+74=213），其中LPR：0+0+0+0=0
运行消息:[2016-04-13 20:57:43:026] CameraTime:[2016-04-13 20:57:21 927] 使用夜间车尾模型
运行消息:[2016-04-13 20:57:43:027] CameraTime:[2016-04-13 20:57:21 932] 使用手动参数设置车牌宽度范围 110~150
运行消息:[2016-04-13 20:57:43:028] CameraTime:[2016-04-13 20:57:21 939] 车检scale=1.390947
运行消息:[2016-04-13 20:57:43:142] CameraTime:[2016-04-13 20:57:21 940] 大车车检scale=1.606457
运行消息:[2016-04-13 20:57:43:143] CameraTime:[2016-04-13 20:57:21 942] 行人scale=0.411871
运行消息:[2016-04-13 20:58:06:880] CameraTime:[2016-04-13 20:57:45 787] 使用白天车尾模型
运行消息:[2016-04-13 20:58:06:882] CameraTime:[2016-04-13 20:57:45 789] 使用手动参数设置车牌宽度范围 110~150
运行消息:[2016-04-13 20:58:06:883] CameraTime:[2016-04-13 20:57:45 790] 车检scale=1.390947
运行消息:[2016-04-13 20:58:06:885] CameraTime:[2016-04-13 20:57:45 790] 大车车检scale=1.606457
运行消息:[2016-04-13 20:58:07:076] CameraTime:[2016-04-13 20:57:45 791] 行人scale=0.411871
运行消息:[2016-04-13 20:58:54:680] CameraTime:[2016-04-13 20:58:33 574] 使用夜间车尾模型
运行消息:[2016-04-13 20:58:54:681] CameraTime:[2016-04-13 20:58:33 585] 使用手动参数设置车牌宽度范围 110~150
运行消息:[2016-04-13 20:58:54:682] CameraTime:[2016-04-13 20:58:33 587] 车检scale=1.390947
运行消息:[2016-04-13 20:58:54:683] CameraTime:[2016-04-13 20:58:33 588] 大车车检scale=1.606457
运行消息:[2016-04-13 20:58:54:684] CameraTime:[2016-04-13 20:58:33 589] 行人scale=0.411871
运行消息:[2016-04-13 20:59:18:548] CameraTime:[2016-04-13 20:58:57 451] 使用白天车尾模型
运行消息:[2016-04-13 20:59:18:549] CameraTime:[2016-04-13 20:58:57 453] 使用手动参数设置车牌宽度范围 110~150
运行消息:[2016-04-13 20:59:18:549] CameraTime:[2016-04-13 20:58:57 453] 大车车检scale=1.606457
运行消息:[2016-04-13 20:59:18:550] CameraTime:[2016-04-13 20:58:57 453] 车检scale=1.390947
运行消息:[2016-04-13 20:59:18:750] CameraTime:[2016-04-13 20:58:57 454] 行人scale=0.411871
运行消息:[2016-04-13 20:59:47:740] CameraTime:[2016-04-13 20:59:26 642] 单帧耗时过长264：（32+1+12+219=264），其中LPR：0+0+0+0=0
运行消息:[2016-04-13 21:00:06:341] CameraTime:[2016-04-13 20:59:45 235] 使用夜间车尾模型
运行消息:[2016-04-13 21:00:06:343] CameraTime:[2016-04-13 20:59:45 238] 使用手动参数设置车牌宽度范围 110~150
运行消息:[2016-04-13 21:00:06:344] CameraTime:[2016-04-13 20:59:45 239] 车检scale=1.390947
运行消息:[2016-04-13 21:00:06:345] CameraTime:[2016-04-13 20:59:45 240] 大车车检scale=1.606457
运行消息:[2016-04-13 21:00:06:540] CameraTime:[2016-04-13 20:59:45 240] 行人scale=0.411871
运行消息:[2016-04-13 21:00:30:183] CameraTime:[2016-04-13 21:00:09 084] 使用白天车尾模型
运行消息:[2016-04-13 21:00:30:184] CameraTime:[2016-04-13 21:00:09 085] 使用手动参数设置车牌宽度范围 110~150
运行消息:[2016-04-13 21:00:30:185] CameraTime:[2016-04-13 21:00:09 087] 车检scale=1.390947
运行消息:[2016-04-13 21:00:30:186] CameraTime:[2016-04-13 21:00:09 088] 大车车检scale=1.606457
运行消息:[2016-04-13 21:00:30:389] CameraTime:[2016-04-13 21:00:09 088] 行人scale=0.411871
运行消息:[2016-04-13 21:00:54:112] CameraTime:[2016-04-13 21:00:33 011] 使用夜间车尾模型
运行消息:[2016-04-13 21:00:54:113] CameraTime:[2016-04-13 21:00:33 013] 使用手动参数设置车牌宽度范围 110~150
运行消息:[2016-04-13 21:00:54:114] CameraTime:[2016-04-13 21:00:33 013] 车检scale=1.390947
运行消息:[2016-04-13 21:00:54:115] CameraTime:[2016-04-13 21:00:33 013] 大车车检scale=1.606457
运行消息:[2016-04-13 21:00:54:116] CameraTime:[2016-04-13 21:00:33 014] 行人scale=0.411871
运行消息:[2016-04-13 21:01:17:965] CameraTime:[2016-04-13 21:00:56 867] 使用白天车尾模型
运行消息:[2016-04-13 21:01:17:966] CameraTime:[2016-04-13 21:00:56 869] 使用手动参数设置车牌宽度范围 110~150
运行消息:[2016-04-13 21:01:17:967] CameraTime:[2016-04-13 21:00:56 869] 车检scale=1.390947
运行消息:[2016-04-13 21:01:18:104] CameraTime:[2016-04-13 21:00:56 870] 大车车检scale=1.606457
运行消息:[2016-04-13 21:01:18:105] CameraTime:[2016-04-13 21:00:56 870] 行人scale=0.411871
运行消息:[2016-04-13 21:02:05:768] CameraTime:[2016-04-13 21:01:44 662] 使用夜间车尾模型
运行消息:[2016-04-13 21:02:05:769] CameraTime:[2016-04-13 21:01:44 663] 使用手动参数设置车牌宽度范围 110~150
运行消息:[2016-04-13 21:02:05:770] CameraTime:[2016-04-13 21:01:44 663] 车检scale=1.390947
运行消息:[2016-04-13 21:02:05:771] CameraTime:[2016-04-13 21:01:44 664] 大车车检scale=1.606457
运行消息:[2016-04-13 21:02:05:771] CameraTime:[2016-04-13 21:01:44 664] 行人scale=0.411871
运行消息:[2016-04-13 21:02:29:650] CameraTime:[2016-04-13 21:02:08 534] 使用白天车尾模型
运行消息:[2016-04-13 21:02:29:651] CameraTime:[2016-04-13 21:02:08 539] 使用手动参数设置车牌宽度范围 110~150
运行消息:[2016-04-13 21:02:29:652] CameraTime:[2016-04-13 21:02:08 540] 车检scale=1.390947
运行消息:[2016-04-13 21:02:29:843] CameraTime:[2016-04-13 21:02:08 540] 大车车检scale=1.606457
运行消息:[2016-04-13 21:02:29:844] CameraTime:[2016-04-13 21:02:08 541] 行人scale=0.411871
运行消息:[2016-04-13 21:03:17:425] CameraTime:[2016-04-13 21:02:56 316] 使用夜间车尾模型
运行消息:[2016-04-13 21:03:17:426] CameraTime:[2016-04-13 21:02:56 320] 使用手动参数设置车牌宽度范围 110~150
运行消息:[2016-04-13 21:03:17:427] CameraTime:[2016-04-13 21:02:56 321] 车检scale=1.390947
运行消息:[2016-04-13 21:03:17:428] CameraTime:[2016-04-13 21:02:56 322] 大车车检scale=1.606457
运行消息:[2016-04-13 21:03:17:469] CameraTime:[2016-04-13 21:02:56 323] 行人scale=0.411871
运行消息:[2016-04-13 21:03:35:093] CameraTime:[2016-04-13 21:03:13 954] 单帧耗时过长236：（28+0+207+1=236），其中LPR：0+0+0+0=0
运行消息:[2016-04-13 21:03:41:273] CameraTime:[2016-04-13 21:03:20 164] 使用白天车尾模型
运行消息:[2016-04-13 21:03:41:274] CameraTime:[2016-04-13 21:03:20 166] 使用手动参数设置车牌宽度范围 110~150
运行消息:[2016-04-13 21:03:41:275] CameraTime:[2016-04-13 21:03:20 168] 车检scale=1.390947
运行消息:[2016-04-13 21:03:41:276] CameraTime:[2016-04-13 21:03:20 168] 大车车检scale=1.606457
运行消息:[2016-04-13 21:03:41:277] CameraTime:[2016-04-13 21:03:20 170] 行人scale=0.411871
运行消息:[2016-04-13 21:05:16:837] CameraTime:[2016-04-13 21:04:55 718] 使用夜间车尾模型
运行消息:[2016-04-13 21:05:16:838] CameraTime:[2016-04-13 21:04:55 721] 使用手动参数设置车牌宽度范围 110~150
运行消息:[2016-04-13 21:05:16:839] CameraTime:[2016-04-13 21:04:55 721] 车检scale=1.390947
运行消息:[2016-04-13 21:05:16:959] CameraTime:[2016-04-13 21:04:55 722] 大车车检scale=1.606457
运行消息:[2016-04-13 21:05:16:960] CameraTime:[2016-04-13 21:04:55 722] 行人scale=0.411871
运行消息:[2016-04-13 21:05:40:774] CameraTime:[2016-04-13 21:05:19 647] 使用白天车尾模型
运行消息:[2016-04-13 21:05:40:775] CameraTime:[2016-04-13 21:05:19 649] 使用手动参数设置车牌宽度范围 110~150
运行消息:[2016-04-13 21:05:40:776] CameraTime:[2016-04-13 21:05:19 650] 车检scale=1.390947
运行消息:[2016-04-13 21:05:40:777] CameraTime:[2016-04-13 21:05:19 650] 大车车检scale=1.606457
运行消息:[2016-04-13 21:05:40:778] CameraTime:[2016-04-13 21:05:19 651] 行人scale=0.411871
运行消息:[2016-04-13 21:06:28:479] CameraTime:[2016-04-13 21:06:07 356] 使用夜间车尾模型
运行消息:[2016-04-13 21:06:28:480] CameraTime:[2016-04-13 21:06:07 361] 车检scale=1.390947
运行消息:[2016-04-13 21:06:28:481] CameraTime:[2016-04-13 21:06:07 359] 使用手动参数设置车牌宽度范围 110~150
运行消息:[2016-04-13 21:06:28:482] CameraTime:[2016-04-13 21:06:07 362] 大车车检scale=1.606457
运行消息:[2016-04-13 21:06:28:671] CameraTime:[2016-04-13 21:06:07 363] 行人scale=0.411871
运行消息:[2016-04-13 21:06:52:334] CameraTime:[2016-04-13 21:06:31 216] 使用白天车尾模型
运行消息:[2016-04-13 21:06:52:335] CameraTime:[2016-04-13 21:06:31 218] 使用手动参数设置车牌宽度范围 110~150
运行消息:[2016-04-13 21:06:52:336] CameraTime:[2016-04-13 21:06:31 218] 车检scale=1.390947
运行消息:[2016-04-13 21:06:52:336] CameraTime:[2016-04-13 21:06:31 219] 大车车检scale=1.606457
运行消息:[2016-04-13 21:06:52:537] CameraTime:[2016-04-13 21:06:31 220] 行人scale=0.411871
运行消息:[2016-04-13 21:07:40:137] CameraTime:[2016-04-13 21:07:19 011] 使用夜间车尾模型
运行消息:[2016-04-13 21:07:40:138] CameraTime:[2016-04-13 21:07:19 015] 使用手动参数设置车牌宽度范围 110~150
运行消息:[2016-04-13 21:07:40:138] CameraTime:[2016-04-13 21:07:19 018] 行人scale=0.411871
运行消息:[2016-04-13 21:07:40:140] CameraTime:[2016-04-13 21:07:19 016] 车检scale=1.390947
运行消息:[2016-04-13 21:07:40:140] CameraTime:[2016-04-13 21:07:19 017] 大车车检scale=1.606457
运行消息:[2016-04-13 21:08:03:997] CameraTime:[2016-04-13 21:07:42 871] 使用白天车尾模型
运行消息:[2016-04-13 21:08:03:998] CameraTime:[2016-04-13 21:07:42 874] 大车车检scale=1.606457
运行消息:[2016-04-13 21:08:03:999] CameraTime:[2016-04-13 21:07:42 873] 车检scale=1.390947
运行消息:[2016-04-13 21:08:04:000] CameraTime:[2016-04-13 21:07:42 872] 使用手动参数设置车牌宽度范围 110~150
运行消息:[2016-04-13 21:08:04:188] CameraTime:[2016-04-13 21:07:42 875] 行人scale=0.411871
运行消息:[2016-04-13 21:08:51:767] CameraTime:[2016-04-13 21:08:30 641] 使用夜间车尾模型
运行消息:[2016-04-13 21:08:51:768] CameraTime:[2016-04-13 21:08:30 643] 使用手动参数设置车牌宽度范围 110~150
运行消息:[2016-04-13 21:08:51:768] CameraTime:[2016-04-13 21:08:30 643] 车检scale=1.390947
运行消息:[2016-04-13 21:08:51:769] CameraTime:[2016-04-13 21:08:30 644] 大车车检scale=1.606457
运行消息:[2016-04-13 21:08:51:809] CameraTime:[2016-04-13 21:08:30 644] 行人scale=0.411871
运行消息:[2016-04-13 21:09:15:612] CameraTime:[2016-04-13 21:08:54 486] 使用白天车尾模型
运行消息:[2016-04-13 21:09:15:613] CameraTime:[2016-04-13 21:08:54 488] 使用手动参数设置车牌宽度范围 110~150
运行消息:[2016-04-13 21:09:15:614] CameraTime:[2016-04-13 21:08:54 489] 车检scale=1.390947
运行消息:[2016-04-13 21:09:15:615] CameraTime:[2016-04-13 21:08:54 490] 大车车检scale=1.606457
运行消息:[2016-04-13 21:09:15:615] CameraTime:[2016-04-13 21:08:54 490] 行人scale=0.411871
运行消息:[2016-04-13 21:10:51:131] CameraTime:[2016-04-13 21:10:29 991] 使用夜间车尾模型
运行消息:[2016-04-13 21:10:51:133] CameraTime:[2016-04-13 21:10:29 999] 使用手动参数设置车牌宽度范围 110~150
运行消息:[2016-04-13 21:10:51:134] CameraTime:[2016-04-13 21:10:30 000] 车检scale=1.390947
运行消息:[2016-04-13 21:10:51:136] CameraTime:[2016-04-13 21:10:30 001] 大车车检scale=1.606457
运行消息:[2016-04-13 21:10:51:327] CameraTime:[2016-04-13 21:10:30 002] 行人scale=0.411871
运行消息:[2016-04-13 21:11:15:004] CameraTime:[2016-04-13 21:10:53 867] 使用白天车尾模型
运行消息:[2016-04-13 21:11:15:005] CameraTime:[2016-04-13 21:10:53 870] 使用手动参数设置车牌宽度范围 110~150
运行消息:[2016-04-13 21:11:15:006] CameraTime:[2016-04-13 21:10:53 871] 车检scale=1.390947
运行消息:[2016-04-13 21:11:15:007] CameraTime:[2016-04-13 21:10:53 871] 大车车检scale=1.606457
运行消息:[2016-04-13 21:11:15:008] CameraTime:[2016-04-13 21:10:53 871] 行人scale=0.411871
运行消息:[2016-04-13 21:12:02:753] CameraTime:[2016-04-13 21:11:41 611] 使用夜间车尾模型
运行消息:[2016-04-13 21:12:02:754] CameraTime:[2016-04-13 21:11:41 618] 使用手动参数设置车牌宽度范围 110~150
运行消息:[2016-04-13 21:12:02:754] CameraTime:[2016-04-13 21:11:41 619] 车检scale=1.390947
运行消息:[2016-04-13 21:12:02:755] CameraTime:[2016-04-13 21:11:41 620] 大车车检scale=1.606457
运行消息:[2016-04-13 21:12:02:954] CameraTime:[2016-04-13 21:11:41 620] 行人scale=0.411871
运行消息:[2016-04-13 21:12:26:628] CameraTime:[2016-04-13 21:12:05 492] 使用白天车尾模型
运行消息:[2016-04-13 21:12:26:638] CameraTime:[2016-04-13 21:12:05 496] 使用手动参数设置车牌宽度范围 110~150
运行消息:[2016-04-13 21:12:26:639] CameraTime:[2016-04-13 21:12:05 498] 大车车检scale=1.606457
运行消息:[2016-04-13 21:12:26:640] CameraTime:[2016-04-13 21:12:05 497] 车检scale=1.390947
运行消息:[2016-04-13 21:12:26:640] CameraTime:[2016-04-13 21:12:05 499] 行人scale=0.411871
运行消息:[2016-04-13 21:13:14:406] CameraTime:[2016-04-13 21:12:53 257] 使用夜间车尾模型
运行消息:[2016-04-13 21:13:14:407] CameraTime:[2016-04-13 21:12:53 264] 使用手动参数设置车牌宽度范围 110~150
运行消息:[2016-04-13 21:13:14:408] CameraTime:[2016-04-13 21:12:53 266] 车检scale=1.390947
运行消息:[2016-04-13 21:13:14:547] CameraTime:[2016-04-13 21:12:53 267] 大车车检scale=1.606457
运行消息:[2016-04-13 21:13:14:548] CameraTime:[2016-04-13 21:12:53 274] 行人scale=0.411871
运行消息:[2016-04-13 21:13:38:278] CameraTime:[2016-04-13 21:13:17 132] 使用白天车尾模型
运行消息:[2016-04-13 21:13:38:280] CameraTime:[2016-04-13 21:13:17 133] 使用手动参数设置车牌宽度范围 110~150
运行消息:[2016-04-13 21:13:38:281] CameraTime:[2016-04-13 21:13:17 134] 车检scale=1.390947
运行消息:[2016-04-13 21:13:38:282] CameraTime:[2016-04-13 21:13:17 135] 大车车检scale=1.606457
运行消息:[2016-04-13 21:13:38:471] CameraTime:[2016-04-13 21:13:17 135] 行人scale=0.411871
运行消息:[2016-04-13 21:14:26:043] CameraTime:[2016-04-13 21:14:04 901] 使用夜间车尾模型
运行消息:[2016-04-13 21:14:26:044] CameraTime:[2016-04-13 21:14:04 904] 使用手动参数设置车牌宽度范围 110~150
运行消息:[2016-04-13 21:14:26:045] CameraTime:[2016-04-13 21:14:04 904] 车检scale=1.390947
运行消息:[2016-04-13 21:14:26:046] CameraTime:[2016-04-13 21:14:04 905] 大车车检scale=1.606457
运行消息:[2016-04-13 21:14:26:047] CameraTime:[2016-04-13 21:14:04 905] 行人scale=0.411871
运行消息:[2016-04-13 21:14:49:924] CameraTime:[2016-04-13 21:14:28 772] 使用白天车尾模型
运行消息:[2016-04-13 21:14:49:925] CameraTime:[2016-04-13 21:14:28 781] 使用手动参数设置车牌宽度范围 110~150
运行消息:[2016-04-13 21:14:49:926] CameraTime:[2016-04-13 21:14:28 784] 车检scale=1.390947
运行消息:[2016-04-13 21:14:49:987] CameraTime:[2016-04-13 21:14:28 785] 大车车检scale=1.606457
运行消息:[2016-04-13 21:14:49:987] CameraTime:[2016-04-13 21:14:28 788] 行人scale=0.411871
运行消息:[2016-04-13 21:15:13:825] CameraTime:[2016-04-13 21:14:52 677] 使用夜间车尾模型
运行消息:[2016-04-13 21:15:13:826] CameraTime:[2016-04-13 21:14:52 680] 大车车检scale=1.606457
运行消息:[2016-04-13 21:15:13:828] CameraTime:[2016-04-13 21:14:52 681] 行人scale=0.411871
运行消息:[2016-04-13 21:15:13:829] CameraTime:[2016-04-13 21:14:52 678] 使用手动参数设置车牌宽度范围 110~150
运行消息:[2016-04-13 21:15:13:830] CameraTime:[2016-04-13 21:14:52 680] 车检scale=1.390947
运行消息:[2016-04-13 21:15:37:661] CameraTime:[2016-04-13 21:15:16 512] 使用白天车尾模型
运行消息:[2016-04-13 21:15:37:662] CameraTime:[2016-04-13 21:15:16 514] 车检scale=1.390947
运行消息:[2016-04-13 21:15:37:663] CameraTime:[2016-04-13 21:15:16 513] 使用手动参数设置车牌宽度范围 110~150
运行消息:[2016-04-13 21:15:37:665] CameraTime:[2016-04-13 21:15:16 515] 大车车检scale=1.606457
运行消息:[2016-04-13 21:15:37:864] CameraTime:[2016-04-13 21:15:16 516] 行人scale=0.411871
运行消息:[2016-04-13 21:16:25:468] CameraTime:[2016-04-13 21:16:04 315] 使用夜间车尾模型
运行消息:[2016-04-13 21:16:25:470] CameraTime:[2016-04-13 21:16:04 320] 使用手动参数设置车牌宽度范围 110~150
运行消息:[2016-04-13 21:16:25:472] CameraTime:[2016-04-13 21:16:04 320] 车检scale=1.390947
运行消息:[2016-04-13 21:16:25:474] CameraTime:[2016-04-13 21:16:04 321] 大车车检scale=1.606457
运行消息:[2016-04-13 21:16:25:476] CameraTime:[2016-04-13 21:16:04 322] 行人scale=0.411871
运行消息:[2016-04-13 21:23:35:234] CameraTime:[2016-04-13 21:23:14 059] 使用白天车尾模型
运行消息:[2016-04-13 21:23:35:235] CameraTime:[2016-04-13 21:23:14 064] 使用手动参数设置车牌宽度范围 110~150
运行消息:[2016-04-13 21:23:35:236] CameraTime:[2016-04-13 21:23:14 065] 车检scale=1.390947
运行消息:[2016-04-13 21:23:35:237] CameraTime:[2016-04-13 21:23:14 066] 大车车检scale=1.606457
运行消息:[2016-04-13 21:23:35:238] CameraTime:[2016-04-13 21:23:14 067] 行人scale=0.411871
运行消息:[2016-04-13 21:23:59:116] CameraTime:[2016-04-13 21:23:37 945] 使用夜间车尾模型
运行消息:[2016-04-13 21:23:59:117] CameraTime:[2016-04-13 21:23:37 947] 使用手动参数设置车牌宽度范围 110~150
运行消息:[2016-04-13 21:23:59:117] CameraTime:[2016-04-13 21:23:37 948] 车检scale=1.390947
运行消息:[2016-04-13 21:23:59:118] CameraTime:[2016-04-13 21:23:37 949] 大车车检scale=1.606457
运行消息:[2016-04-13 21:23:59:119] CameraTime:[2016-04-13 21:23:37 950] 行人scale=0.411871
运行消息:[2016-04-13 21:26:46:249] CameraTime:[2016-04-13 21:26:25 027] 单帧耗时过长261：（26+1+233+1=261），其中LPR：0+0+0+0=0
运行消息:[2016-04-13 21:26:46:651] CameraTime:[2016-04-13 21:26:25 298] 单帧耗时过长265：（29+1+234+1=265），其中LPR：0+0+0+0=0
运行消息:[2016-04-13 21:26:46:818] CameraTime:[2016-04-13 21:26:25 620] 单帧耗时过长317：（28+1+288+0=317），其中LPR：0+0+0+0=0
运行消息:[2016-04-13 21:27:10:047] CameraTime:[2016-04-13 21:26:48 865] 使用白天车尾模型
运行消息:[2016-04-13 21:27:10:048] CameraTime:[2016-04-13 21:26:48 867] 使用手动参数设置车牌宽度范围 110~150
运行消息:[2016-04-13 21:27:10:050] CameraTime:[2016-04-13 21:26:48 867] 车检scale=1.390947
运行消息:[2016-04-13 21:27:10:051] CameraTime:[2016-04-13 21:26:48 867] 大车车检scale=1.606457
运行消息:[2016-04-13 21:27:10:053] CameraTime:[2016-04-13 21:26:48 868] 行人scale=0.411871
运行消息:[2016-04-13 21:27:33:953] CameraTime:[2016-04-13 21:27:12 770] 使用夜间车尾模型
运行消息:[2016-04-13 21:27:33:954] CameraTime:[2016-04-13 21:27:12 773] 大车车检scale=1.606457
运行消息:[2016-04-13 21:27:33:955] CameraTime:[2016-04-13 21:27:12 773] 车检scale=1.390947
运行消息:[2016-04-13 21:27:33:958] CameraTime:[2016-04-13 21:27:12 772] 使用手动参数设置车牌宽度范围 110~150
运行消息:[2016-04-13 21:27:33:959] CameraTime:[2016-04-13 21:27:12 773] 行人scale=0.411871
运行消息:[2016-04-13 21:27:57:836] CameraTime:[2016-04-13 21:27:36 652] 使用白天车尾模型
运行消息:[2016-04-13 21:27:57:838] CameraTime:[2016-04-13 21:27:36 655] 使用手动参数设置车牌宽度范围 110~150
运行消息:[2016-04-13 21:27:57:839] CameraTime:[2016-04-13 21:27:36 655] 车检scale=1.390947
运行消息:[2016-04-13 21:27:57:840] CameraTime:[2016-04-13 21:27:36 656] 大车车检scale=1.606457
运行消息:[2016-04-13 21:27:57:929] CameraTime:[2016-04-13 21:27:36 657] 行人scale=0.411871
运行消息:[2016-04-13 21:28:21:729] CameraTime:[2016-04-13 21:28:00 540] 使用夜间车尾模型
运行消息:[2016-04-13 21:28:21:730] CameraTime:[2016-04-13 21:28:00 543] 使用手动参数设置车牌宽度范围 110~150
运行消息:[2016-04-13 21:28:21:731] CameraTime:[2016-04-13 21:28:00 544] 车检scale=1.390947
运行消息:[2016-04-13 21:28:21:732] CameraTime:[2016-04-13 21:28:00 546] 大车车检scale=1.606457
运行消息:[2016-04-13 21:28:21:813] CameraTime:[2016-04-13 21:28:00 548] 行人scale=0.411871
运行消息:[2016-04-13 21:29:38:952] CameraTime:[2016-04-13 21:29:17 765] 单帧耗时过长215：（30+0+185+0=215），其中LPR：0+0+0+0=0
运行消息:[2016-04-13 21:29:39:256] CameraTime:[2016-04-13 21:29:18 070] 单帧耗时过长278：（27+0+249+1=277），其中LPR：0+0+0+0=0
运行消息:[2016-04-13 21:29:39:707] CameraTime:[2016-04-13 21:29:18 521] 单帧耗时过长436：（32+0+403+1=436），其中LPR：0+0+0+0=0
运行消息:[2016-04-13 21:29:40:024] CameraTime:[2016-04-13 21:29:18 836] 单帧耗时过长300：（30+0+269+1=300），其中LPR：0+0+0+0=0
运行消息:[2016-04-13 21:31:32:741] CameraTime:[2016-04-13 21:31:11 547] 使用白天车尾模型
运行消息:[2016-04-13 21:31:32:743] CameraTime:[2016-04-13 21:31:11 549] 使用手动参数设置车牌宽度范围 110~150
运行消息:[2016-04-13 21:31:32:744] CameraTime:[2016-04-13 21:31:11 551] 行人scale=0.411871
运行消息:[2016-04-13 21:31:32:745] CameraTime:[2016-04-13 21:31:11 550] 大车车检scale=1.606457
运行消息:[2016-04-13 21:31:32:746] CameraTime:[2016-04-13 21:31:11 550] 车检scale=1.390947
运行消息:[2016-04-13 21:31:56:609] CameraTime:[2016-04-13 21:31:35 411] 使用夜间车尾模型
运行消息:[2016-04-13 21:31:56:610] CameraTime:[2016-04-13 21:31:35 412] 使用手动参数设置车牌宽度范围 110~150
运行消息:[2016-04-13 21:31:56:612] CameraTime:[2016-04-13 21:31:35 413] 车检scale=1.390947
运行消息:[2016-04-13 21:31:56:631] CameraTime:[2016-04-13 21:31:35 427] 大车车检scale=1.606457
运行消息:[2016-04-13 21:31:56:632] CameraTime:[2016-04-13 21:31:35 428] 行人scale=0.411871
运行消息:[2016-04-13 21:32:08:815] CameraTime:[2016-04-13 21:31:47 618] 单帧耗时过长265：（25+0+236+1=262），其中LPR：0+0+0+0=0
运行消息:[2016-04-13 21:32:09:092] CameraTime:[2016-04-13 21:31:47 891] 单帧耗时过长259：（39+0+219+0=258），其中LPR：0+0+0+0=0
运行消息:[2016-04-13 21:32:09:389] CameraTime:[2016-04-13 21:31:48 156] 单帧耗时过长235：（32+0+202+1=235），其中LPR：0+0+0+0=0
