运行消息:[2016-04-13 20:49:02:567] CameraTime:[2016-04-13 20:48:40 813] 单帧耗时过长205：（30+2+172+1=205），其中LPR：0+0+0+0=0
运行消息:[2016-04-13 21:06:13:024] CameraTime:[2016-04-13 21:05:51 335] 单帧耗时过长277：（31+6+240+0=277），其中LPR：0+0+0+0=0
运行消息:[2016-04-13 21:06:13:737] CameraTime:[2016-04-13 21:05:52 059] 单帧耗时过长515：（35+2+478+0=515），其中LPR：0+0+0+0=0
运行消息:[2016-04-13 21:06:14:075] CameraTime:[2016-04-13 21:05:52 337] 单帧耗时过长271：（28+2+239+1=270），其中LPR：0+0+0+0=0
运行消息:[2016-04-13 21:06:14:276] CameraTime:[2016-04-13 21:05:52 609] 单帧耗时过长262：（32+3+225+2=262），其中LPR：0+0+0+0=0
运行消息:[2016-04-13 21:09:03:304] CameraTime:[2016-04-13 21:08:41 676] 使用白天车尾模型
运行消息:[2016-04-13 21:09:03:305] CameraTime:[2016-04-13 21:08:41 679] 使用手动参数设置车牌宽度范围 110~150
运行消息:[2016-04-13 21:09:03:306] CameraTime:[2016-04-13 21:08:41 681] 车检scale=1.363281
运行消息:[2016-04-13 21:09:03:307] CameraTime:[2016-04-13 21:08:41 681] 大车车检scale=1.592229
运行消息:[2016-04-13 21:09:03:308] CameraTime:[2016-04-13 21:08:41 681] 行人scale=0.394700
运行消息:[2016-04-13 21:09:27:169] CameraTime:[2016-04-13 21:09:05 534] 使用夜间车尾模型
运行消息:[2016-04-13 21:09:27:170] CameraTime:[2016-04-13 21:09:05 537] 使用手动参数设置车牌宽度范围 110~150
运行消息:[2016-04-13 21:09:27:171] CameraTime:[2016-04-13 21:09:05 538] 车检scale=1.363281
运行消息:[2016-04-13 21:09:27:350] CameraTime:[2016-04-13 21:09:05 542] 大车车检scale=1.592229
运行消息:[2016-04-13 21:09:27:351] CameraTime:[2016-04-13 21:09:05 544] 行人scale=0.394700
运行消息:[2016-04-13 21:13:25:952] CameraTime:[2016-04-13 21:13:04 314] 使用白天车尾模型
运行消息:[2016-04-13 21:13:25:953] CameraTime:[2016-04-13 21:13:04 318] 使用手动参数设置车牌宽度范围 110~150
运行消息:[2016-04-13 21:13:25:954] CameraTime:[2016-04-13 21:13:04 318] 车检scale=1.363281
运行消息:[2016-04-13 21:13:25:955] CameraTime:[2016-04-13 21:13:04 319] 行人scale=0.394700
运行消息:[2016-04-13 21:13:25:955] CameraTime:[2016-04-13 21:13:04 319] 大车车检scale=1.592229
运行消息:[2016-04-13 21:13:49:834] CameraTime:[2016-04-13 21:13:28 183] 使用夜间车尾模型
运行消息:[2016-04-13 21:13:49:835] CameraTime:[2016-04-13 21:13:28 184] 使用手动参数设置车牌宽度范围 110~150
运行消息:[2016-04-13 21:13:49:836] CameraTime:[2016-04-13 21:13:28 190] 行人scale=0.394700
运行消息:[2016-04-13 21:13:49:838] CameraTime:[2016-04-13 21:13:28 190] 大车车检scale=1.592229
运行消息:[2016-04-13 21:13:49:839] CameraTime:[2016-04-13 21:13:28 189] 车检scale=1.363281
