运行消息:[2016-04-13 20:48:53:539] CameraTime:[2016-04-13 20:48:31 899] 左转灯有效红灯周期（20:47:27 053 - 20:48:31 835）
运行消息:[2016-04-13 20:48:53:751] CameraTime:[2016-04-13 20:48:32 117] 左转灯变为绿灯		红灯时长：65秒
运行消息:[2016-04-13 20:48:54:736] CameraTime:[2016-04-13 20:48:33 073] 直行灯变为  红灯					绿灯时长：60秒
运行消息:[2016-04-13 20:49:24:776] CameraTime:[2016-04-13 20:49:03 062] 左转灯变为  红灯					绿灯时长：30秒
运行消息:[2016-04-13 20:49:24:778] CameraTime:[2016-04-13 20:49:03 063] 右转灯变为  红灯					绿灯时长：100秒
运行消息:[2016-04-13 20:49:36:027] CameraTime:[2016-04-13 20:49:14 318] 右转灯变为绿灯		红灯时长：11秒
运行消息:[2016-04-13 20:49:47:620] CameraTime:[2016-04-13 20:49:25 944] 直行灯有效红灯周期（20:48:32 857 - 20:49:25 824）
运行消息:[2016-04-13 20:49:47:821] CameraTime:[2016-04-13 20:49:26 209] 直行灯变为绿灯		红灯时长：53秒
运行消息:[2016-04-13 20:50:47:555] CameraTime:[2016-04-13 20:50:25 945] 左转灯有效红灯周期（20:49:02 912 - 20:50:25 825）
运行消息:[2016-04-13 20:50:47:996] CameraTime:[2016-04-13 20:50:26 217] 左转灯变为绿灯		红灯时长：83秒
运行消息:[2016-04-13 20:50:48:729] CameraTime:[2016-04-13 20:50:27 047] 直行灯变为  红灯					绿灯时长：60秒
运行消息:[2016-04-13 20:51:18:752] CameraTime:[2016-04-13 20:50:57 063] 左转灯变为  红灯					绿灯时长：30秒
运行消息:[2016-04-13 20:51:41:636] CameraTime:[2016-04-13 20:51:19 885] 直行灯有效红灯周期（20:50:26 903 - 20:51:19 815）
运行消息:[2016-04-13 20:51:41:698] CameraTime:[2016-04-13 20:51:20 082] 直行灯变为绿灯		红灯时长：53秒
运行消息:[2016-04-13 20:52:41:455] CameraTime:[2016-04-13 20:52:19 876] 左转灯有效红灯周期（20:50:56 838 - 20:52:19 814）
运行消息:[2016-04-13 20:52:41:699] CameraTime:[2016-04-13 20:52:20 094] 左转灯变为绿灯		红灯时长：83秒
运行消息:[2016-04-13 20:52:42:739] CameraTime:[2016-04-13 20:52:21 053] 直行灯变为  红灯					绿灯时长：60秒
运行消息:[2016-04-13 20:53:12:626] CameraTime:[2016-04-13 20:52:51 047] 左转灯变为  红灯					绿灯时长：30秒
运行消息:[2016-04-13 20:53:12:627] CameraTime:[2016-04-13 20:52:51 048] 右转灯变为  红灯					绿灯时长：216秒
运行消息:[2016-04-13 20:53:23:944] CameraTime:[2016-04-13 20:53:02 202] 右转灯变为绿灯		红灯时长：11秒
运行消息:[2016-04-13 20:53:35:638] CameraTime:[2016-04-13 20:53:13 927] 直行灯有效红灯周期（20:52:20 837 - 20:53:13 807）
运行消息:[2016-04-13 20:53:35:814] CameraTime:[2016-04-13 20:53:14 191] 直行灯变为绿灯		红灯时长：53秒
运行消息:[2016-04-13 20:54:35:506] CameraTime:[2016-04-13 20:54:13 923] 左转灯有效红灯周期（20:52:50 889 - 20:54:13 805）
运行消息:[2016-04-13 20:54:35:906] CameraTime:[2016-04-13 20:54:14 184] 左转灯变为绿灯		红灯时长：83秒
运行消息:[2016-04-13 20:54:36:601] CameraTime:[2016-04-13 20:54:15 012] 直行灯变为  红灯					绿灯时长：60秒
运行消息:[2016-04-13 20:55:06:661] CameraTime:[2016-04-13 20:54:45 036] 左转灯变为  红灯					绿灯时长：30秒
运行消息:[2016-04-13 20:55:29:559] CameraTime:[2016-04-13 20:55:07 875] 直行灯有效红灯周期（20:54:14 884 - 20:55:07 810）
运行消息:[2016-04-13 20:55:29:750] CameraTime:[2016-04-13 20:55:08 077] 直行灯变为绿灯		红灯时长：53秒
运行消息:[2016-04-13 20:56:29:624] CameraTime:[2016-04-13 20:56:07 901] 左转灯有效红灯周期（20:54:44 829 - 20:56:07 784）
运行消息:[2016-04-13 20:56:29:896] CameraTime:[2016-04-13 20:56:08 170] 左转灯变为绿灯		红灯时长：83秒
运行消息:[2016-04-13 20:56:30:729] CameraTime:[2016-04-13 20:56:09 010] 直行灯变为  红灯					绿灯时长：60秒
运行消息:[2016-04-13 20:57:00:603] CameraTime:[2016-04-13 20:56:39 011] 左转灯变为  红灯					绿灯时长：30秒
运行消息:[2016-04-13 20:57:00:604] CameraTime:[2016-04-13 20:56:39 012] 右转灯变为  红灯					绿灯时长：216秒
运行消息:[2016-04-13 20:57:05:996] CameraTime:[2016-04-13 20:56:44 281] 右转灯变为绿灯		红灯时长：5秒
运行消息:[2016-04-13 20:57:23:543] CameraTime:[2016-04-13 20:57:01 899] 直行灯有效红灯周期（20:56:08 859 - 20:57:01 807）
运行消息:[2016-04-13 20:57:23:746] CameraTime:[2016-04-13 20:57:02 129] 直行灯变为绿灯		红灯时长：53秒
运行消息:[2016-04-13 20:58:23:660] CameraTime:[2016-04-13 20:58:01 873] 左转灯有效红灯周期（20:56:38 847 - 20:58:01 783）
运行消息:[2016-04-13 20:58:23:862] CameraTime:[2016-04-13 20:58:02 130] 左转灯变为绿灯		红灯时长：83秒
运行消息:[2016-04-13 20:58:24:574] CameraTime:[2016-04-13 20:58:02 973] 直行灯变为  红灯					绿灯时长：60秒
运行消息:[2016-04-13 20:58:54:706] CameraTime:[2016-04-13 20:58:32 997] 左转灯变为  红灯					绿灯时长：30秒
运行消息:[2016-04-13 20:58:54:708] CameraTime:[2016-04-13 20:58:32 998] 右转灯变为  红灯					绿灯时长：108秒
运行消息:[2016-04-13 20:59:05:771] CameraTime:[2016-04-13 20:58:44 160] 右转灯变为绿灯		红灯时长：11秒
运行消息:[2016-04-13 20:59:17:512] CameraTime:[2016-04-13 20:58:55 890] 直行灯有效红灯周期（20:58:02 821 - 20:58:55 767）
运行消息:[2016-04-13 20:59:17:783] CameraTime:[2016-04-13 20:58:56 136] 直行灯变为绿灯		红灯时长：53秒
运行消息:[2016-04-13 21:00:17:484] CameraTime:[2016-04-13 20:59:55 882] 左转灯有效红灯周期（20:58:32 895 - 20:59:55 765）
运行消息:[2016-04-13 21:00:17:776] CameraTime:[2016-04-13 20:59:56 150] 左转灯变为绿灯		红灯时长：83秒
运行消息:[2016-04-13 21:00:18:597] CameraTime:[2016-04-13 20:59:56 992] 直行灯变为  红灯					绿灯时长：60秒
运行消息:[2016-04-13 21:00:48:655] CameraTime:[2016-04-13 21:00:27 009] 左转灯变为  红灯					绿灯时长：30秒
运行消息:[2016-04-13 21:00:48:656] CameraTime:[2016-04-13 21:00:27 010] 右转灯变为  红灯					绿灯时长：102秒
运行消息:[2016-04-13 21:01:00:056] CameraTime:[2016-04-13 21:00:38 290] 右转灯变为绿灯		红灯时长：11秒
运行消息:[2016-04-13 21:01:12:609] CameraTime:[2016-04-13 21:00:49 903] 直行灯有效红灯周期（20:59:56 842 - 21:00:49 782）
运行消息:[2016-04-13 21:01:12:611] CameraTime:[2016-04-13 21:00:50 170] 直行灯变为绿灯		红灯时长：53秒
运行消息:[2016-04-13 21:02:11:586] CameraTime:[2016-04-13 21:01:49 911] 左转灯有效红灯周期（21:00:26 847 - 21:01:49 792）
运行消息:[2016-04-13 21:02:11:978] CameraTime:[2016-04-13 21:01:50 182] 左转灯变为绿灯		红灯时长：83秒
运行消息:[2016-04-13 21:02:12:742] CameraTime:[2016-04-13 21:01:51 019] 直行灯变为  红灯					绿灯时长：60秒
运行消息:[2016-04-13 21:02:42:764] CameraTime:[2016-04-13 21:02:21 044] 左转灯变为  红灯					绿灯时长：30秒
运行消息:[2016-04-13 21:02:42:765] CameraTime:[2016-04-13 21:02:21 044] 右转灯变为  红灯					绿灯时长：102秒
运行消息:[2016-04-13 21:02:53:901] CameraTime:[2016-04-13 21:02:32 082] 右转灯变为绿灯		红灯时长：11秒
运行消息:[2016-04-13 21:03:05:474] CameraTime:[2016-04-13 21:02:43 866] 直行灯有效红灯周期（21:01:50 872 - 21:02:43 801）
运行消息:[2016-04-13 21:03:05:873] CameraTime:[2016-04-13 21:02:44 066] 直行灯变为绿灯		红灯时长：53秒
运行消息:[2016-04-13 21:04:05:464] CameraTime:[2016-04-13 21:03:43 850] 左转灯有效红灯周期（21:02:20 812 - 21:03:43 788）
运行消息:[2016-04-13 21:04:05:874] CameraTime:[2016-04-13 21:03:44 066] 左转灯变为绿灯		红灯时长：83秒
运行消息:[2016-04-13 21:04:06:737] CameraTime:[2016-04-13 21:03:45 018] 直行灯变为  红灯					绿灯时长：60秒
运行消息:[2016-04-13 21:04:36:837] CameraTime:[2016-04-13 21:04:15 016] 左转灯变为  红灯					绿灯时长：30秒
运行消息:[2016-04-13 21:04:41:135] CameraTime:[2016-04-13 21:04:19 473] 右转灯变为  红灯					绿灯时长：107秒
运行消息:[2016-04-13 21:04:47:844] CameraTime:[2016-04-13 21:04:26 050] 右转灯变为绿灯		红灯时长：6秒
运行消息:[2016-04-13 21:04:59:481] CameraTime:[2016-04-13 21:04:37 861] 直行灯有效红灯周期（21:03:44 877 - 21:04:37 793）
运行消息:[2016-04-13 21:04:59:671] CameraTime:[2016-04-13 21:04:38 056] 直行灯变为绿灯		红灯时长：53秒
运行消息:[2016-04-13 21:05:59:641] CameraTime:[2016-04-13 21:05:37 836] 左转灯有效红灯周期（21:04:14 807 - 21:05:37 746）
运行消息:[2016-04-13 21:05:59:843] CameraTime:[2016-04-13 21:05:38 086] 左转灯变为绿灯		红灯时长：83秒
运行消息:[2016-04-13 21:06:00:774] CameraTime:[2016-04-13 21:05:39 051] 直行灯变为  红灯					绿灯时长：60秒
运行消息:[2016-04-13 21:06:30:784] CameraTime:[2016-04-13 21:06:09 052] 左转灯变为  红灯					绿灯时长：30秒
运行消息:[2016-04-13 21:06:30:785] CameraTime:[2016-04-13 21:06:09 053] 右转灯变为  红灯					绿灯时长：102秒
运行消息:[2016-04-13 21:06:42:005] CameraTime:[2016-04-13 21:06:20 316] 右转灯变为绿灯		红灯时长：11秒
运行消息:[2016-04-13 21:06:53:497] CameraTime:[2016-04-13 21:06:31 875] 直行灯有效红灯周期（21:05:38 836 - 21:06:31 803）
运行消息:[2016-04-13 21:06:53:696] CameraTime:[2016-04-13 21:06:32 063] 直行灯变为绿灯		红灯时长：53秒
运行消息:[2016-04-13 21:07:53:539] CameraTime:[2016-04-13 21:07:31 840] 左转灯有效红灯周期（21:06:08 892 - 21:07:31 751）
运行消息:[2016-04-13 21:07:53:738] CameraTime:[2016-04-13 21:07:32 101] 左转灯变为绿灯		红灯时长：83秒
运行消息:[2016-04-13 21:07:54:581] CameraTime:[2016-04-13 21:07:32 936] 直行灯变为  红灯					绿灯时长：60秒
运行消息:[2016-04-13 21:08:24:577] CameraTime:[2016-04-13 21:08:02 948] 左转灯变为  红灯					绿灯时长：30秒
运行消息:[2016-04-13 21:08:24:578] CameraTime:[2016-04-13 21:08:02 948] 右转灯变为  红灯					绿灯时长：102秒
运行消息:[2016-04-13 21:08:35:916] CameraTime:[2016-04-13 21:08:14 217] 右转灯变为绿灯		红灯时长：11秒
运行消息:[2016-04-13 21:08:47:646] CameraTime:[2016-04-13 21:08:25 829] 直行灯有效红灯周期（21:07:32 840 - 21:08:25 736）
运行消息:[2016-04-13 21:08:47:848] CameraTime:[2016-04-13 21:08:26 069] 直行灯变为绿灯		红灯时长：53秒
运行消息:[2016-04-13 21:09:47:593] CameraTime:[2016-04-13 21:09:25 845] 左转灯有效红灯周期（21:08:02 839 - 21:09:25 781）
运行消息:[2016-04-13 21:09:47:792] CameraTime:[2016-04-13 21:09:26 065] 左转灯变为绿灯		红灯时长：83秒
运行消息:[2016-04-13 21:09:48:751] CameraTime:[2016-04-13 21:09:27 022] 直行灯变为  红灯					绿灯时长：60秒
运行消息:[2016-04-13 21:10:18:671] CameraTime:[2016-04-13 21:09:57 013] 左转灯变为  红灯					绿灯时长：30秒
运行消息:[2016-04-13 21:10:18:672] CameraTime:[2016-04-13 21:09:57 014] 右转灯变为  红灯					绿灯时长：102秒
运行消息:[2016-04-13 21:10:29:837] CameraTime:[2016-04-13 21:10:08 048] 右转灯变为绿灯		红灯时长：11秒
运行消息:[2016-04-13 21:10:41:632] CameraTime:[2016-04-13 21:10:19 829] 直行灯有效红灯周期（21:09:26 870 - 21:10:19 764）
运行消息:[2016-04-13 21:10:41:832] CameraTime:[2016-04-13 21:10:20 042] 直行灯变为绿灯		红灯时长：53秒
运行消息:[2016-04-13 21:11:41:642] CameraTime:[2016-04-13 21:11:19 871] 左转灯有效红灯周期（21:09:56 853 - 21:11:19 753）
运行消息:[2016-04-13 21:11:41:894] CameraTime:[2016-04-13 21:11:20 149] 左转灯变为绿灯		红灯时长：83秒
运行消息:[2016-04-13 21:11:42:723] CameraTime:[2016-04-13 21:11:20 960] 直行灯变为  红灯					绿灯时长：60秒
运行消息:[2016-04-13 21:12:12:754] CameraTime:[2016-04-13 21:11:50 971] 左转灯变为  红灯					绿灯时长：30秒
运行消息:[2016-04-13 21:12:12:756] CameraTime:[2016-04-13 21:11:50 974] 右转灯变为  红灯					绿灯时长：102秒
运行消息:[2016-04-13 21:12:23:917] CameraTime:[2016-04-13 21:12:02 120] 右转灯变为绿灯		红灯时长：11秒
运行消息:[2016-04-13 21:12:35:660] CameraTime:[2016-04-13 21:12:13 874] 直行灯有效红灯周期（21:11:20 831 - 21:12:13 753）
运行消息:[2016-04-13 21:12:35:862] CameraTime:[2016-04-13 21:12:14 119] 直行灯变为绿灯		红灯时长：53秒
运行消息:[2016-04-13 21:13:35:486] CameraTime:[2016-04-13 21:13:13 826] 左转灯有效红灯周期（21:11:50 828 - 21:13:13 761）
运行消息:[2016-04-13 21:13:35:696] CameraTime:[2016-04-13 21:13:14 030] 左转灯变为绿灯		红灯时长：83秒
运行消息:[2016-04-13 21:13:36:629] CameraTime:[2016-04-13 21:13:14 991] 直行灯变为  红灯					绿灯时长：60秒
运行消息:[2016-04-13 21:14:06:758] CameraTime:[2016-04-13 21:13:45 004] 左转灯变为  红灯					绿灯时长：30秒
运行消息:[2016-04-13 21:14:06:759] CameraTime:[2016-04-13 21:13:45 004] 右转灯变为  红灯					绿灯时长：102秒
运行消息:[2016-04-13 21:14:17:753] CameraTime:[2016-04-13 21:13:56 037] 右转灯变为绿灯		红灯时长：11秒
运行消息:[2016-04-13 21:14:29:572] CameraTime:[2016-04-13 21:14:07 816] 直行灯有效红灯周期（21:13:14 850 - 21:14:07 750）
运行消息:[2016-04-13 21:14:29:775] CameraTime:[2016-04-13 21:14:08 014] 直行灯变为绿灯		红灯时长：53秒
运行消息:[2016-04-13 21:15:29:547] CameraTime:[2016-04-13 21:15:07 873] 左转灯有效红灯周期（21:13:44 779 - 21:15:07 756）
运行消息:[2016-04-13 21:15:29:949] CameraTime:[2016-04-13 21:15:08 141] 左转灯变为绿灯		红灯时长：83秒
运行消息:[2016-04-13 21:15:30:716] CameraTime:[2016-04-13 21:15:08 974] 直行灯变为  红灯					绿灯时长：60秒
运行消息:[2016-04-13 21:16:00:648] CameraTime:[2016-04-13 21:15:39 002] 左转灯变为  红灯					绿灯时长：30秒
运行消息:[2016-04-13 21:16:00:649] CameraTime:[2016-04-13 21:15:39 002] 右转灯变为  红灯					绿灯时长：102秒
运行消息:[2016-04-13 21:16:11:765] CameraTime:[2016-04-13 21:15:50 042] 右转灯变为绿灯		红灯时长：11秒
运行消息:[2016-04-13 21:16:23:656] CameraTime:[2016-04-13 21:16:01 837] 直行灯有效红灯周期（21:15:08 831 - 21:16:01 759）
运行消息:[2016-04-13 21:16:23:857] CameraTime:[2016-04-13 21:16:02 018] 直行灯变为绿灯		红灯时长：53秒
运行消息:[2016-04-13 21:17:23:456] CameraTime:[2016-04-13 21:17:01 808] 左转灯有效红灯周期（21:15:38 773 - 21:17:01 745）
运行消息:[2016-04-13 21:17:23:864] CameraTime:[2016-04-13 21:17:02 023] 左转灯变为绿灯		红灯时长：83秒
运行消息:[2016-04-13 21:17:24:768] CameraTime:[2016-04-13 21:17:02 986] 直行灯变为  红灯					绿灯时长：60秒
运行消息:[2016-04-13 21:17:54:779] CameraTime:[2016-04-13 21:17:32 991] 左转灯变为  红灯					绿灯时长：30秒
运行消息:[2016-04-13 21:17:54:780] CameraTime:[2016-04-13 21:17:32 991] 右转灯变为  红灯					绿灯时长：102秒
运行消息:[2016-04-13 21:18:05:781] CameraTime:[2016-04-13 21:17:44 033] 右转灯变为绿灯		红灯时长：11秒
运行消息:[2016-04-13 21:18:17:566] CameraTime:[2016-04-13 21:17:55 820] 直行灯有效红灯周期（21:17:02 768 - 21:17:55 744）
运行消息:[2016-04-13 21:18:17:765] CameraTime:[2016-04-13 21:17:56 008] 直行灯变为绿灯		红灯时长：53秒
运行消息:[2016-04-13 21:19:17:507] CameraTime:[2016-04-13 21:18:55 851] 左转灯有效红灯周期（21:17:32 764 - 21:18:55 733）
运行消息:[2016-04-13 21:19:17:928] CameraTime:[2016-04-13 21:18:56 123] 左转灯变为绿灯		红灯时长：83秒
运行消息:[2016-04-13 21:19:18:752] CameraTime:[2016-04-13 21:18:56 939] 直行灯变为  红灯					绿灯时长：60秒
运行消息:[2016-04-13 21:19:48:685] CameraTime:[2016-04-13 21:19:26 939] 左转灯变为  红灯					绿灯时长：30秒
运行消息:[2016-04-13 21:19:48:686] CameraTime:[2016-04-13 21:19:26 940] 右转灯变为  红灯					绿灯时长：102秒
运行消息:[2016-04-13 21:19:59:913] CameraTime:[2016-04-13 21:19:38 076] 右转灯变为绿灯		红灯时长：11秒
运行消息:[2016-04-13 21:20:11:521] CameraTime:[2016-04-13 21:19:49 827] 直行灯有效红灯周期（21:18:56 810 - 21:19:49 706）
运行消息:[2016-04-13 21:20:11:914] CameraTime:[2016-04-13 21:19:50 075] 直行灯变为绿灯		红灯时长：53秒
运行消息:[2016-04-13 21:21:11:497] CameraTime:[2016-04-13 21:20:49 813] 左转灯有效红灯周期（21:19:26 791 - 21:20:49 722）
运行消息:[2016-04-13 21:21:11:907] CameraTime:[2016-04-13 21:20:50 065] 左转灯变为绿灯		红灯时长：83秒
运行消息:[2016-04-13 21:21:12:670] CameraTime:[2016-04-13 21:20:50 897] 直行灯变为  红灯					绿灯时长：60秒
运行消息:[2016-04-13 21:21:42:575] CameraTime:[2016-04-13 21:21:20 913] 左转灯变为  红灯					绿灯时长：30秒
运行消息:[2016-04-13 21:21:42:577] CameraTime:[2016-04-13 21:21:20 914] 右转灯变为  红灯					绿灯时长：102秒
运行消息:[2016-04-13 21:21:53:757] CameraTime:[2016-04-13 21:21:32 070] 右转灯变为绿灯		红灯时长：11秒
运行消息:[2016-04-13 21:22:05:657] CameraTime:[2016-04-13 21:21:43 814] 直行灯有效红灯周期（21:20:50 812 - 21:21:43 716）
运行消息:[2016-04-13 21:22:05:858] CameraTime:[2016-04-13 21:21:44 044] 直行灯变为绿灯		红灯时长：53秒
运行消息:[2016-04-13 21:23:05:661] CameraTime:[2016-04-13 21:22:43 798] 左转灯有效红灯周期（21:21:20 806 - 21:22:43 707）
运行消息:[2016-04-13 21:23:05:872] CameraTime:[2016-04-13 21:22:44 057] 左转灯变为绿灯		红灯时长：83秒
运行消息:[2016-04-13 21:23:06:546] CameraTime:[2016-04-13 21:22:44 880] 直行灯变为  红灯					绿灯时长：60秒
运行消息:[2016-04-13 21:23:36:588] CameraTime:[2016-04-13 21:23:14 920] 左转灯变为  红灯					绿灯时长：30秒
运行消息:[2016-04-13 21:23:36:590] CameraTime:[2016-04-13 21:23:14 921] 右转灯变为  红灯					绿灯时长：102秒
运行消息:[2016-04-13 21:23:47:868] CameraTime:[2016-04-13 21:23:26 075] 右转灯变为绿灯		红灯时长：11秒
运行消息:[2016-04-13 21:23:59:614] CameraTime:[2016-04-13 21:23:37 818] 直行灯有效红灯周期（21:22:44 746 - 21:23:37 712）
运行消息:[2016-04-13 21:23:59:814] CameraTime:[2016-04-13 21:23:38 063] 直行灯变为绿灯		红灯时长：53秒
运行消息:[2016-04-13 21:24:59:663] CameraTime:[2016-04-13 21:24:37 804] 左转灯有效红灯周期（21:23:14 812 - 21:24:37 741）
运行消息:[2016-04-13 21:24:59:864] CameraTime:[2016-04-13 21:24:38 020] 左转灯变为绿灯		红灯时长：83秒
运行消息:[2016-04-13 21:25:00:826] CameraTime:[2016-04-13 21:24:38 984] 直行灯变为  红灯					绿灯时长：60秒
运行消息:[2016-04-13 21:25:30:809] CameraTime:[2016-04-13 21:25:08 981] 左转灯变为  红灯					绿灯时长：30秒
运行消息:[2016-04-13 21:25:30:810] CameraTime:[2016-04-13 21:25:08 981] 右转灯变为  红灯					绿灯时长：102秒
运行消息:[2016-04-13 21:25:41:739] CameraTime:[2016-04-13 21:25:20 025] 右转灯变为绿灯		红灯时长：11秒
运行消息:[2016-04-13 21:25:53:663] CameraTime:[2016-04-13 21:25:31 799] 直行灯有效红灯周期（21:24:38 831 - 21:25:31 734）
运行消息:[2016-04-13 21:25:53:864] CameraTime:[2016-04-13 21:25:32 011] 直行灯变为绿灯		红灯时长：53秒
运行消息:[2016-04-13 21:26:53:593] CameraTime:[2016-04-13 21:26:31 826] 左转灯有效红灯周期（21:25:08 823 - 21:26:31 707）
运行消息:[2016-04-13 21:26:53:785] CameraTime:[2016-04-13 21:26:32 078] 左转灯变为绿灯		红灯时长：83秒
运行消息:[2016-04-13 21:26:54:608] CameraTime:[2016-04-13 21:26:32 931] 直行灯变为  红灯					绿灯时长：60秒
运行消息:[2016-04-13 21:27:24:633] CameraTime:[2016-04-13 21:27:02 950] 左转灯变为  红灯					绿灯时长：30秒
运行消息:[2016-04-13 21:27:24:634] CameraTime:[2016-04-13 21:27:02 951] 右转灯变为  红灯					绿灯时长：102秒
运行消息:[2016-04-13 21:27:35:860] CameraTime:[2016-04-13 21:27:14 094] 右转灯变为绿灯		红灯时长：11秒
运行消息:[2016-04-13 21:27:47:508] CameraTime:[2016-04-13 21:27:25 829] 直行灯有效红灯周期（21:26:32 785 - 21:27:25 709）
运行消息:[2016-04-13 21:27:47:910] CameraTime:[2016-04-13 21:27:26 076] 直行灯变为绿灯		红灯时长：53秒
运行消息:[2016-04-13 21:28:47:610] CameraTime:[2016-04-13 21:28:25 768] 左转灯有效红灯周期（21:27:02 785 - 21:28:25 703）
运行消息:[2016-04-13 21:28:47:811] CameraTime:[2016-04-13 21:28:25 985] 左转灯变为绿灯		红灯时长：83秒
运行消息:[2016-04-13 21:28:48:803] CameraTime:[2016-04-13 21:28:26 929] 直行灯变为  红灯					绿灯时长：60秒
运行消息:[2016-04-13 21:29:18:623] CameraTime:[2016-04-13 21:28:56 935] 左转灯变为  红灯					绿灯时长：30秒
运行消息:[2016-04-13 21:29:18:624] CameraTime:[2016-04-13 21:28:56 936] 右转灯变为  红灯					绿灯时长：102秒
运行消息:[2016-04-13 21:29:29:974] CameraTime:[2016-04-13 21:29:08 087] 右转灯变为绿灯		红灯时长：11秒
运行消息:[2016-04-13 21:29:41:568] CameraTime:[2016-04-13 21:29:19 809] 直行灯有效红灯周期（21:28:26 793 - 21:29:19 689）
运行消息:[2016-04-13 21:29:41:778] CameraTime:[2016-04-13 21:29:20 055] 直行灯变为绿灯		红灯时长：53秒
运行消息:[2016-04-13 21:30:41:618] CameraTime:[2016-04-13 21:30:19 815] 左转灯有效红灯周期（21:28:56 774 - 21:30:19 697）
运行消息:[2016-04-13 21:30:41:818] CameraTime:[2016-04-13 21:30:20 088] 左转灯变为绿灯		红灯时长：83秒
运行消息:[2016-04-13 21:30:42:701] CameraTime:[2016-04-13 21:30:20 908] 直行灯变为  红灯					绿灯时长：60秒
运行消息:[2016-04-13 21:31:12:601] CameraTime:[2016-04-13 21:30:50 908] 左转灯变为  红灯					绿灯时长：30秒
运行消息:[2016-04-13 21:31:12:602] CameraTime:[2016-04-13 21:30:50 912] 右转灯变为  红灯					绿灯时长：102秒
运行消息:[2016-04-13 21:31:24:187] CameraTime:[2016-04-13 21:31:02 320] 右转灯变为绿灯		红灯时长：11秒
运行消息:[2016-04-13 21:31:35:646] CameraTime:[2016-04-13 21:31:13 805] 直行灯有效红灯周期（21:30:20 775 - 21:31:13 687）
运行消息:[2016-04-13 21:31:35:847] CameraTime:[2016-04-13 21:31:14 069] 直行灯变为绿灯		红灯时长：53秒
运行消息:[2016-04-13 21:32:35:533] CameraTime:[2016-04-13 21:32:13 791] 左转灯有效红灯周期（21:30:50 765 - 21:32:13 672）
运行消息:[2016-04-13 21:32:35:954] CameraTime:[2016-04-13 21:32:14 058] 左转灯变为绿灯		红灯时长：83秒
运行消息:[2016-04-13 21:32:36:758] CameraTime:[2016-04-13 21:32:14 881] 直行灯变为  红灯					绿灯时长：60秒
运行消息:[2016-04-13 21:33:06:587] CameraTime:[2016-04-13 21:32:44 889] 左转灯变为  红灯					绿灯时长：30秒
运行消息:[2016-04-13 21:33:06:588] CameraTime:[2016-04-13 21:32:44 890] 右转灯变为  红灯					绿灯时长：102秒
运行消息:[2016-04-13 21:33:17:765] CameraTime:[2016-04-13 21:32:56 041] 右转灯变为绿灯		红灯时长：11秒
运行消息:[2016-04-13 21:33:29:584] CameraTime:[2016-04-13 21:33:07 781] 直行灯有效红灯周期（21:32:14 751 - 21:33:07 677）
运行消息:[2016-04-13 21:33:29:786] CameraTime:[2016-04-13 21:33:08 027] 直行灯变为绿灯		红灯时长：53秒
运行消息:[2016-04-13 21:34:29:644] CameraTime:[2016-04-13 21:34:07 785] 左转灯有效红灯周期（21:32:44 783 - 21:34:07 723）
运行消息:[2016-04-13 21:34:29:844] CameraTime:[2016-04-13 21:34:07 989] 左转灯变为绿灯		红灯时长：83秒
运行消息:[2016-04-13 21:34:30:807] CameraTime:[2016-04-13 21:34:08 951] 直行灯变为  红灯					绿灯时长：60秒
运行消息:[2016-04-13 21:35:00:671] CameraTime:[2016-04-13 21:34:38 945] 左转灯变为  红灯					绿灯时长：30秒
运行消息:[2016-04-13 21:35:00:672] CameraTime:[2016-04-13 21:34:38 947] 右转灯变为  红灯					绿灯时长：102秒
运行消息:[2016-04-13 21:35:11:700] CameraTime:[2016-04-13 21:34:49 995] 右转灯变为绿灯		红灯时长：11秒
运行消息:[2016-04-13 21:35:23:481] CameraTime:[2016-04-13 21:35:01 777] 直行灯有效红灯周期（21:34:08 812 - 21:35:01 706）
运行消息:[2016-04-13 21:35:23:679] CameraTime:[2016-04-13 21:35:01 970] 直行灯变为绿灯		红灯时长：53秒
运行消息:[2016-04-13 21:36:23:622] CameraTime:[2016-04-13 21:36:01 807] 左转灯有效红灯周期（21:34:38 804 - 21:36:01 687）
运行消息:[2016-04-13 21:36:23:824] CameraTime:[2016-04-13 21:36:02 072] 左转灯变为绿灯		红灯时长：83秒
运行消息:[2016-04-13 21:36:24:675] CameraTime:[2016-04-13 21:36:02 913] 直行灯变为  红灯					绿灯时长：60秒
